CRITICAL - 2020-09-07 01:27:09 --> Unknown column 'public' in 'where clause'
#0 C:\xampp\htdocs\motorepuestosjc\system\Database\MySQLi\Connection.php(331): mysqli->query('UPDATE usuario ...')
#1 C:\xampp\htdocs\motorepuestosjc\system\Database\BaseConnection.php(741): CodeIgniter\Database\MySQLi\Connection->execute('UPDATE usuario ...')
#2 C:\xampp\htdocs\motorepuestosjc\system\Database\BaseConnection.php(669): CodeIgniter\Database\BaseConnection->simpleQuery('UPDATE usuario ...')
#3 C:\xampp\htdocs\motorepuestosjc\app\Controllers\VisualizarUsuario.php(25): CodeIgniter\Database\BaseConnection->query('UPDATE usuario ...')
#4 C:\xampp\htdocs\motorepuestosjc\system\CodeIgniter.php(920): App\Controllers\VisualizarUsuario->delete('public', 'images', 'img.jpg')
#5 C:\xampp\htdocs\motorepuestosjc\system\CodeIgniter.php(406): CodeIgniter\CodeIgniter->runController(Object(App\Controllers\VisualizarUsuario))
#6 C:\xampp\htdocs\motorepuestosjc\system\CodeIgniter.php(314): CodeIgniter\CodeIgniter->handleRequest(NULL, Object(Config\Cache), false)
#7 C:\xampp\htdocs\motorepuestosjc\index.php(45): CodeIgniter\CodeIgniter->run()
#8 {main}
CRITICAL - 2020-09-07 01:27:24 --> Unknown column 'public' in 'where clause'
#0 C:\xampp\htdocs\motorepuestosjc\system\Database\MySQLi\Connection.php(331): mysqli->query('UPDATE usuario ...')
#1 C:\xampp\htdocs\motorepuestosjc\system\Database\BaseConnection.php(741): CodeIgniter\Database\MySQLi\Connection->execute('UPDATE usuario ...')
#2 C:\xampp\htdocs\motorepuestosjc\system\Database\BaseConnection.php(669): CodeIgniter\Database\BaseConnection->simpleQuery('UPDATE usuario ...')
#3 C:\xampp\htdocs\motorepuestosjc\app\Controllers\VisualizarUsuario.php(25): CodeIgniter\Database\BaseConnection->query('UPDATE usuario ...')
#4 C:\xampp\htdocs\motorepuestosjc\system\CodeIgniter.php(920): App\Controllers\VisualizarUsuario->delete('public', 'images', 'img.jpg')
#5 C:\xampp\htdocs\motorepuestosjc\system\CodeIgniter.php(406): CodeIgniter\CodeIgniter->runController(Object(App\Controllers\VisualizarUsuario))
#6 C:\xampp\htdocs\motorepuestosjc\system\CodeIgniter.php(314): CodeIgniter\CodeIgniter->handleRequest(NULL, Object(Config\Cache), false)
#7 C:\xampp\htdocs\motorepuestosjc\index.php(45): CodeIgniter\CodeIgniter->run()
#8 {main}
CRITICAL - 2020-09-07 01:27:28 --> Unknown column 'public' in 'where clause'
#0 C:\xampp\htdocs\motorepuestosjc\system\Database\MySQLi\Connection.php(331): mysqli->query('UPDATE usuario ...')
#1 C:\xampp\htdocs\motorepuestosjc\system\Database\BaseConnection.php(741): CodeIgniter\Database\MySQLi\Connection->execute('UPDATE usuario ...')
#2 C:\xampp\htdocs\motorepuestosjc\system\Database\BaseConnection.php(669): CodeIgniter\Database\BaseConnection->simpleQuery('UPDATE usuario ...')
#3 C:\xampp\htdocs\motorepuestosjc\app\Controllers\VisualizarUsuario.php(25): CodeIgniter\Database\BaseConnection->query('UPDATE usuario ...')
#4 C:\xampp\htdocs\motorepuestosjc\system\CodeIgniter.php(920): App\Controllers\VisualizarUsuario->delete('public', 'images', 'img.jpg')
#5 C:\xampp\htdocs\motorepuestosjc\system\CodeIgniter.php(406): CodeIgniter\CodeIgniter->runController(Object(App\Controllers\VisualizarUsuario))
#6 C:\xampp\htdocs\motorepuestosjc\system\CodeIgniter.php(314): CodeIgniter\CodeIgniter->handleRequest(NULL, Object(Config\Cache), false)
#7 C:\xampp\htdocs\motorepuestosjc\index.php(45): CodeIgniter\CodeIgniter->run()
#8 {main}
CRITICAL - 2020-09-07 01:28:32 --> Unknown column 'public' in 'where clause'
#0 C:\xampp\htdocs\motorepuestosjc\system\Database\MySQLi\Connection.php(331): mysqli->query('UPDATE usuario ...')
#1 C:\xampp\htdocs\motorepuestosjc\system\Database\BaseConnection.php(741): CodeIgniter\Database\MySQLi\Connection->execute('UPDATE usuario ...')
#2 C:\xampp\htdocs\motorepuestosjc\system\Database\BaseConnection.php(669): CodeIgniter\Database\BaseConnection->simpleQuery('UPDATE usuario ...')
#3 C:\xampp\htdocs\motorepuestosjc\app\Controllers\VisualizarUsuario.php(25): CodeIgniter\Database\BaseConnection->query('UPDATE usuario ...')
#4 C:\xampp\htdocs\motorepuestosjc\system\CodeIgniter.php(920): App\Controllers\VisualizarUsuario->delete('public', 'images', 'img.jpg')
#5 C:\xampp\htdocs\motorepuestosjc\system\CodeIgniter.php(406): CodeIgniter\CodeIgniter->runController(Object(App\Controllers\VisualizarUsuario))
#6 C:\xampp\htdocs\motorepuestosjc\system\CodeIgniter.php(314): CodeIgniter\CodeIgniter->handleRequest(NULL, Object(Config\Cache), false)
#7 C:\xampp\htdocs\motorepuestosjc\index.php(45): CodeIgniter\CodeIgniter->run()
#8 {main}
CRITICAL - 2020-09-07 01:28:43 --> Unknown column 'public' in 'where clause'
#0 C:\xampp\htdocs\motorepuestosjc\system\Database\MySQLi\Connection.php(331): mysqli->query('UPDATE usuario ...')
#1 C:\xampp\htdocs\motorepuestosjc\system\Database\BaseConnection.php(741): CodeIgniter\Database\MySQLi\Connection->execute('UPDATE usuario ...')
#2 C:\xampp\htdocs\motorepuestosjc\system\Database\BaseConnection.php(669): CodeIgniter\Database\BaseConnection->simpleQuery('UPDATE usuario ...')
#3 C:\xampp\htdocs\motorepuestosjc\app\Controllers\VisualizarUsuario.php(25): CodeIgniter\Database\BaseConnection->query('UPDATE usuario ...')
#4 C:\xampp\htdocs\motorepuestosjc\system\CodeIgniter.php(920): App\Controllers\VisualizarUsuario->delete('public', 'images', 'img.jpg')
#5 C:\xampp\htdocs\motorepuestosjc\system\CodeIgniter.php(406): CodeIgniter\CodeIgniter->runController(Object(App\Controllers\VisualizarUsuario))
#6 C:\xampp\htdocs\motorepuestosjc\system\CodeIgniter.php(314): CodeIgniter\CodeIgniter->handleRequest(NULL, Object(Config\Cache), false)
#7 C:\xampp\htdocs\motorepuestosjc\index.php(45): CodeIgniter\CodeIgniter->run()
#8 {main}
CRITICAL - 2020-09-07 01:31:26 --> Table 'motorepuestosjc.permisos' doesn't exist
#0 C:\xampp\htdocs\motorepuestosjc\system\Database\MySQLi\Connection.php(331): mysqli->query('SELECT perf.idp...')
#1 C:\xampp\htdocs\motorepuestosjc\system\Database\BaseConnection.php(741): CodeIgniter\Database\MySQLi\Connection->execute('SELECT perf.idp...')
#2 C:\xampp\htdocs\motorepuestosjc\system\Database\BaseConnection.php(669): CodeIgniter\Database\BaseConnection->simpleQuery('SELECT perf.idp...')
#3 C:\xampp\htdocs\motorepuestosjc\app\Controllers\VisualizarPerfil.php(10): CodeIgniter\Database\BaseConnection->query('SELECT perf.idp...')
#4 C:\xampp\htdocs\motorepuestosjc\system\CodeIgniter.php(920): App\Controllers\VisualizarPerfil->index()
#5 C:\xampp\htdocs\motorepuestosjc\system\CodeIgniter.php(406): CodeIgniter\CodeIgniter->runController(Object(App\Controllers\VisualizarPerfil))
#6 C:\xampp\htdocs\motorepuestosjc\system\CodeIgniter.php(314): CodeIgniter\CodeIgniter->handleRequest(NULL, Object(Config\Cache), false)
#7 C:\xampp\htdocs\motorepuestosjc\index.php(45): CodeIgniter\CodeIgniter->run()
#8 {main}
CRITICAL - 2020-09-07 01:32:47 --> Invalid argument supplied for foreach()
#0 C:\xampp\htdocs\motorepuestosjc\app\Views\visualizar_perfil.php(54): CodeIgniter\Debug\Exceptions->errorHandler(2, 'Invalid argumen...', 'C:\\xampp\\htdocs...', 54, Array)
#1 C:\xampp\htdocs\motorepuestosjc\system\View\View.php(246): include('C:\\xampp\\htdocs...')
#2 C:\xampp\htdocs\motorepuestosjc\system\Common.php(1119): CodeIgniter\View\View->render('visualizar_perf...', Array, true)
#3 C:\xampp\htdocs\motorepuestosjc\app\Controllers\VisualizarPerfil.php(15): view('visualizar_perf...', Array)
#4 C:\xampp\htdocs\motorepuestosjc\system\CodeIgniter.php(920): App\Controllers\VisualizarPerfil->index()
#5 C:\xampp\htdocs\motorepuestosjc\system\CodeIgniter.php(406): CodeIgniter\CodeIgniter->runController(Object(App\Controllers\VisualizarPerfil))
#6 C:\xampp\htdocs\motorepuestosjc\system\CodeIgniter.php(314): CodeIgniter\CodeIgniter->handleRequest(NULL, Object(Config\Cache), false)
#7 C:\xampp\htdocs\motorepuestosjc\index.php(45): CodeIgniter\CodeIgniter->run()
#8 {main}
CRITICAL - 2020-09-07 01:33:26 --> Invalid argument supplied for foreach()
#0 C:\xampp\htdocs\motorepuestosjc\app\Views\visualizar_perfil.php(54): CodeIgniter\Debug\Exceptions->errorHandler(2, 'Invalid argumen...', 'C:\\xampp\\htdocs...', 54, Array)
#1 C:\xampp\htdocs\motorepuestosjc\system\View\View.php(246): include('C:\\xampp\\htdocs...')
#2 C:\xampp\htdocs\motorepuestosjc\system\Common.php(1119): CodeIgniter\View\View->render('visualizar_perf...', Array, true)
#3 C:\xampp\htdocs\motorepuestosjc\app\Controllers\VisualizarPerfil.php(15): view('visualizar_perf...', Array)
#4 C:\xampp\htdocs\motorepuestosjc\system\CodeIgniter.php(920): App\Controllers\VisualizarPerfil->index()
#5 C:\xampp\htdocs\motorepuestosjc\system\CodeIgniter.php(406): CodeIgniter\CodeIgniter->runController(Object(App\Controllers\VisualizarPerfil))
#6 C:\xampp\htdocs\motorepuestosjc\system\CodeIgniter.php(314): CodeIgniter\CodeIgniter->handleRequest(NULL, Object(Config\Cache), false)
#7 C:\xampp\htdocs\motorepuestosjc\index.php(45): CodeIgniter\CodeIgniter->run()
#8 {main}
CRITICAL - 2020-09-07 01:33:57 --> Invalid argument supplied for foreach()
#0 C:\xampp\htdocs\motorepuestosjc\app\Views\visualizar_perfil.php(54): CodeIgniter\Debug\Exceptions->errorHandler(2, 'Invalid argumen...', 'C:\\xampp\\htdocs...', 54, Array)
#1 C:\xampp\htdocs\motorepuestosjc\system\View\View.php(246): include('C:\\xampp\\htdocs...')
#2 C:\xampp\htdocs\motorepuestosjc\system\Common.php(1119): CodeIgniter\View\View->render('visualizar_perf...', Array, true)
#3 C:\xampp\htdocs\motorepuestosjc\app\Controllers\VisualizarPerfil.php(15): view('visualizar_perf...', Array)
#4 C:\xampp\htdocs\motorepuestosjc\system\CodeIgniter.php(920): App\Controllers\VisualizarPerfil->index()
#5 C:\xampp\htdocs\motorepuestosjc\system\CodeIgniter.php(406): CodeIgniter\CodeIgniter->runController(Object(App\Controllers\VisualizarPerfil))
#6 C:\xampp\htdocs\motorepuestosjc\system\CodeIgniter.php(314): CodeIgniter\CodeIgniter->handleRequest(NULL, Object(Config\Cache), false)
#7 C:\xampp\htdocs\motorepuestosjc\index.php(45): CodeIgniter\CodeIgniter->run()
#8 {main}
CRITICAL - 2020-09-07 01:34:08 --> Invalid argument supplied for foreach()
#0 C:\xampp\htdocs\motorepuestosjc\app\Views\visualizar_perfil.php(54): CodeIgniter\Debug\Exceptions->errorHandler(2, 'Invalid argumen...', 'C:\\xampp\\htdocs...', 54, Array)
#1 C:\xampp\htdocs\motorepuestosjc\system\View\View.php(246): include('C:\\xampp\\htdocs...')
#2 C:\xampp\htdocs\motorepuestosjc\system\Common.php(1119): CodeIgniter\View\View->render('visualizar_perf...', Array, true)
#3 C:\xampp\htdocs\motorepuestosjc\app\Controllers\VisualizarPerfil.php(15): view('visualizar_perf...', Array)
#4 C:\xampp\htdocs\motorepuestosjc\system\CodeIgniter.php(920): App\Controllers\VisualizarPerfil->index()
#5 C:\xampp\htdocs\motorepuestosjc\system\CodeIgniter.php(406): CodeIgniter\CodeIgniter->runController(Object(App\Controllers\VisualizarPerfil))
#6 C:\xampp\htdocs\motorepuestosjc\system\CodeIgniter.php(314): CodeIgniter\CodeIgniter->handleRequest(NULL, Object(Config\Cache), false)
#7 C:\xampp\htdocs\motorepuestosjc\index.php(45): CodeIgniter\CodeIgniter->run()
#8 {main}
CRITICAL - 2020-09-07 01:36:11 --> Invalid argument supplied for foreach()
#0 C:\xampp\htdocs\motorepuestosjc\app\Views\visualizar_perfil.php(54): CodeIgniter\Debug\Exceptions->errorHandler(2, 'Invalid argumen...', 'C:\\xampp\\htdocs...', 54, Array)
#1 C:\xampp\htdocs\motorepuestosjc\system\View\View.php(246): include('C:\\xampp\\htdocs...')
#2 C:\xampp\htdocs\motorepuestosjc\system\Common.php(1119): CodeIgniter\View\View->render('visualizar_perf...', Array, true)
#3 C:\xampp\htdocs\motorepuestosjc\app\Controllers\VisualizarPerfil.php(14): view('visualizar_perf...', Array)
#4 C:\xampp\htdocs\motorepuestosjc\system\CodeIgniter.php(920): App\Controllers\VisualizarPerfil->index()
#5 C:\xampp\htdocs\motorepuestosjc\system\CodeIgniter.php(406): CodeIgniter\CodeIgniter->runController(Object(App\Controllers\VisualizarPerfil))
#6 C:\xampp\htdocs\motorepuestosjc\system\CodeIgniter.php(314): CodeIgniter\CodeIgniter->handleRequest(NULL, Object(Config\Cache), false)
#7 C:\xampp\htdocs\motorepuestosjc\index.php(45): CodeIgniter\CodeIgniter->run()
#8 {main}
CRITICAL - 2020-09-07 01:44:08 --> Undefined variable: Resultado2
#0 C:\xampp\htdocs\motorepuestosjc\app\Views\visualizar_perfil.php(54): CodeIgniter\Debug\Exceptions->errorHandler(8, 'Undefined varia...', 'C:\\xampp\\htdocs...', 54, Array)
#1 C:\xampp\htdocs\motorepuestosjc\system\View\View.php(246): include('C:\\xampp\\htdocs...')
#2 C:\xampp\htdocs\motorepuestosjc\system\Common.php(1119): CodeIgniter\View\View->render('visualizar_perf...', Array, true)
#3 C:\xampp\htdocs\motorepuestosjc\app\Controllers\VisualizarPerfil.php(16): view('visualizar_perf...', Array, Array)
#4 C:\xampp\htdocs\motorepuestosjc\system\CodeIgniter.php(920): App\Controllers\VisualizarPerfil->index()
#5 C:\xampp\htdocs\motorepuestosjc\system\CodeIgniter.php(406): CodeIgniter\CodeIgniter->runController(Object(App\Controllers\VisualizarPerfil))
#6 C:\xampp\htdocs\motorepuestosjc\system\CodeIgniter.php(314): CodeIgniter\CodeIgniter->handleRequest(NULL, Object(Config\Cache), false)
#7 C:\xampp\htdocs\motorepuestosjc\index.php(45): CodeIgniter\CodeIgniter->run()
#8 {main}
CRITICAL - 2020-09-07 01:45:24 --> Undefined variable: Resultado2
#0 C:\xampp\htdocs\motorepuestosjc\app\Views\visualizar_perfil.php(54): CodeIgniter\Debug\Exceptions->errorHandler(8, 'Undefined varia...', 'C:\\xampp\\htdocs...', 54, Array)
#1 C:\xampp\htdocs\motorepuestosjc\system\View\View.php(246): include('C:\\xampp\\htdocs...')
#2 C:\xampp\htdocs\motorepuestosjc\system\Common.php(1119): CodeIgniter\View\View->render('visualizar_perf...', Array, true)
#3 C:\xampp\htdocs\motorepuestosjc\app\Controllers\VisualizarPerfil.php(16): view('visualizar_perf...', Array, Array)
#4 C:\xampp\htdocs\motorepuestosjc\system\CodeIgniter.php(920): App\Controllers\VisualizarPerfil->index()
#5 C:\xampp\htdocs\motorepuestosjc\system\CodeIgniter.php(406): CodeIgniter\CodeIgniter->runController(Object(App\Controllers\VisualizarPerfil))
#6 C:\xampp\htdocs\motorepuestosjc\system\CodeIgniter.php(314): CodeIgniter\CodeIgniter->handleRequest(NULL, Object(Config\Cache), false)
#7 C:\xampp\htdocs\motorepuestosjc\index.php(45): CodeIgniter\CodeIgniter->run()
#8 {main}
CRITICAL - 2020-09-07 01:45:25 --> Undefined variable: Resultado2
#0 C:\xampp\htdocs\motorepuestosjc\app\Views\visualizar_perfil.php(54): CodeIgniter\Debug\Exceptions->errorHandler(8, 'Undefined varia...', 'C:\\xampp\\htdocs...', 54, Array)
#1 C:\xampp\htdocs\motorepuestosjc\system\View\View.php(246): include('C:\\xampp\\htdocs...')
#2 C:\xampp\htdocs\motorepuestosjc\system\Common.php(1119): CodeIgniter\View\View->render('visualizar_perf...', Array, true)
#3 C:\xampp\htdocs\motorepuestosjc\app\Controllers\VisualizarPerfil.php(16): view('visualizar_perf...', Array, Array)
#4 C:\xampp\htdocs\motorepuestosjc\system\CodeIgniter.php(920): App\Controllers\VisualizarPerfil->index()
#5 C:\xampp\htdocs\motorepuestosjc\system\CodeIgniter.php(406): CodeIgniter\CodeIgniter->runController(Object(App\Controllers\VisualizarPerfil))
#6 C:\xampp\htdocs\motorepuestosjc\system\CodeIgniter.php(314): CodeIgniter\CodeIgniter->handleRequest(NULL, Object(Config\Cache), false)
#7 C:\xampp\htdocs\motorepuestosjc\index.php(45): CodeIgniter\CodeIgniter->run()
#8 {main}
CRITICAL - 2020-09-07 01:48:47 --> You have an error in your SQL syntax; check the manual that corresponds to your MariaDB server version for the right syntax to use near 'AS perf INNER JOIN permiso AS perm ON perf.idperfil = perm.idperfil INNER JOI...' at line 1
#0 C:\xampp\htdocs\motorepuestosjc\system\Database\MySQLi\Connection.php(331): mysqli->query('SELECT perf.idp...')
#1 C:\xampp\htdocs\motorepuestosjc\system\Database\BaseConnection.php(741): CodeIgniter\Database\MySQLi\Connection->execute('SELECT perf.idp...')
#2 C:\xampp\htdocs\motorepuestosjc\system\Database\BaseConnection.php(669): CodeIgniter\Database\BaseConnection->simpleQuery('SELECT perf.idp...')
#3 C:\xampp\htdocs\motorepuestosjc\app\Controllers\VisualizarPerfil.php(10): CodeIgniter\Database\BaseConnection->query('SELECT perf.idp...')
#4 C:\xampp\htdocs\motorepuestosjc\system\CodeIgniter.php(920): App\Controllers\VisualizarPerfil->index()
#5 C:\xampp\htdocs\motorepuestosjc\system\CodeIgniter.php(406): CodeIgniter\CodeIgniter->runController(Object(App\Controllers\VisualizarPerfil))
#6 C:\xampp\htdocs\motorepuestosjc\system\CodeIgniter.php(314): CodeIgniter\CodeIgniter->handleRequest(NULL, Object(Config\Cache), false)
#7 C:\xampp\htdocs\motorepuestosjc\index.php(45): CodeIgniter\CodeIgniter->run()
#8 {main}
CRITICAL - 2020-09-07 01:50:12 --> Undefined variable: Resultado2
#0 C:\xampp\htdocs\motorepuestosjc\app\Views\visualizar_perfil.php(54): CodeIgniter\Debug\Exceptions->errorHandler(8, 'Undefined varia...', 'C:\\xampp\\htdocs...', 54, Array)
#1 C:\xampp\htdocs\motorepuestosjc\system\View\View.php(246): include('C:\\xampp\\htdocs...')
#2 C:\xampp\htdocs\motorepuestosjc\system\Common.php(1119): CodeIgniter\View\View->render('visualizar_perf...', Array, true)
#3 C:\xampp\htdocs\motorepuestosjc\app\Controllers\VisualizarPerfil.php(17): view('visualizar_perf...', Array, Array)
#4 C:\xampp\htdocs\motorepuestosjc\system\CodeIgniter.php(920): App\Controllers\VisualizarPerfil->index()
#5 C:\xampp\htdocs\motorepuestosjc\system\CodeIgniter.php(406): CodeIgniter\CodeIgniter->runController(Object(App\Controllers\VisualizarPerfil))
#6 C:\xampp\htdocs\motorepuestosjc\system\CodeIgniter.php(314): CodeIgniter\CodeIgniter->handleRequest(NULL, Object(Config\Cache), false)
#7 C:\xampp\htdocs\motorepuestosjc\index.php(45): CodeIgniter\CodeIgniter->run()
#8 {main}
CRITICAL - 2020-09-07 01:50:42 --> Undefined index: nombremodulo
#0 C:\xampp\htdocs\motorepuestosjc\app\Views\visualizar_perfil.php(54): CodeIgniter\Debug\Exceptions->errorHandler(8, 'Undefined index...', 'C:\\xampp\\htdocs...', 54, Array)
#1 C:\xampp\htdocs\motorepuestosjc\system\View\View.php(246): include('C:\\xampp\\htdocs...')
#2 C:\xampp\htdocs\motorepuestosjc\system\Common.php(1119): CodeIgniter\View\View->render('visualizar_perf...', Array, true)
#3 C:\xampp\htdocs\motorepuestosjc\app\Controllers\VisualizarPerfil.php(17): view('visualizar_perf...', Array, Array)
#4 C:\xampp\htdocs\motorepuestosjc\system\CodeIgniter.php(920): App\Controllers\VisualizarPerfil->index()
#5 C:\xampp\htdocs\motorepuestosjc\system\CodeIgniter.php(406): CodeIgniter\CodeIgniter->runController(Object(App\Controllers\VisualizarPerfil))
#6 C:\xampp\htdocs\motorepuestosjc\system\CodeIgniter.php(314): CodeIgniter\CodeIgniter->handleRequest(NULL, Object(Config\Cache), false)
#7 C:\xampp\htdocs\motorepuestosjc\index.php(45): CodeIgniter\CodeIgniter->run()
#8 {main}
CRITICAL - 2020-09-07 01:51:15 --> Undefined variable: Resultado2
#0 C:\xampp\htdocs\motorepuestosjc\app\Views\visualizar_perfil.php(54): CodeIgniter\Debug\Exceptions->errorHandler(8, 'Undefined varia...', 'C:\\xampp\\htdocs...', 54, Array)
#1 C:\xampp\htdocs\motorepuestosjc\system\View\View.php(246): include('C:\\xampp\\htdocs...')
#2 C:\xampp\htdocs\motorepuestosjc\system\Common.php(1119): CodeIgniter\View\View->render('visualizar_perf...', Array, true)
#3 C:\xampp\htdocs\motorepuestosjc\app\Controllers\VisualizarPerfil.php(17): view('visualizar_perf...', Array, Array)
#4 C:\xampp\htdocs\motorepuestosjc\system\CodeIgniter.php(920): App\Controllers\VisualizarPerfil->index()
#5 C:\xampp\htdocs\motorepuestosjc\system\CodeIgniter.php(406): CodeIgniter\CodeIgniter->runController(Object(App\Controllers\VisualizarPerfil))
#6 C:\xampp\htdocs\motorepuestosjc\system\CodeIgniter.php(314): CodeIgniter\CodeIgniter->handleRequest(NULL, Object(Config\Cache), false)
#7 C:\xampp\htdocs\motorepuestosjc\index.php(45): CodeIgniter\CodeIgniter->run()
#8 {main}
CRITICAL - 2020-09-07 01:51:37 --> Undefined variable: Offf
#0 C:\xampp\htdocs\motorepuestosjc\app\Views\visualizar_perfil.php(54): CodeIgniter\Debug\Exceptions->errorHandler(8, 'Undefined varia...', 'C:\\xampp\\htdocs...', 54, Array)
#1 C:\xampp\htdocs\motorepuestosjc\system\View\View.php(246): include('C:\\xampp\\htdocs...')
#2 C:\xampp\htdocs\motorepuestosjc\system\Common.php(1119): CodeIgniter\View\View->render('visualizar_perf...', Array, true)
#3 C:\xampp\htdocs\motorepuestosjc\app\Controllers\VisualizarPerfil.php(17): view('visualizar_perf...', Array, Array)
#4 C:\xampp\htdocs\motorepuestosjc\system\CodeIgniter.php(920): App\Controllers\VisualizarPerfil->index()
#5 C:\xampp\htdocs\motorepuestosjc\system\CodeIgniter.php(406): CodeIgniter\CodeIgniter->runController(Object(App\Controllers\VisualizarPerfil))
#6 C:\xampp\htdocs\motorepuestosjc\system\CodeIgniter.php(314): CodeIgniter\CodeIgniter->handleRequest(NULL, Object(Config\Cache), false)
#7 C:\xampp\htdocs\motorepuestosjc\index.php(45): CodeIgniter\CodeIgniter->run()
#8 {main}
CRITICAL - 2020-09-07 01:52:42 --> syntax error, unexpected '}'
#0 C:\xampp\htdocs\motorepuestosjc\system\Common.php(1119): CodeIgniter\View\View->render('visualizar_perf...', Array, true)
#1 C:\xampp\htdocs\motorepuestosjc\app\Controllers\VisualizarPerfil.php(17): view('visualizar_perf...', Array, Array)
#2 C:\xampp\htdocs\motorepuestosjc\system\CodeIgniter.php(920): App\Controllers\VisualizarPerfil->index()
#3 C:\xampp\htdocs\motorepuestosjc\system\CodeIgniter.php(406): CodeIgniter\CodeIgniter->runController(Object(App\Controllers\VisualizarPerfil))
#4 C:\xampp\htdocs\motorepuestosjc\system\CodeIgniter.php(314): CodeIgniter\CodeIgniter->handleRequest(NULL, Object(Config\Cache), false)
#5 C:\xampp\htdocs\motorepuestosjc\index.php(45): CodeIgniter\CodeIgniter->run()
#6 {main}
CRITICAL - 2020-09-07 01:53:10 --> syntax error, unexpected '}'
#0 C:\xampp\htdocs\motorepuestosjc\system\Common.php(1119): CodeIgniter\View\View->render('visualizar_perf...', Array, true)
#1 C:\xampp\htdocs\motorepuestosjc\app\Controllers\VisualizarPerfil.php(17): view('visualizar_perf...', Array, Array)
#2 C:\xampp\htdocs\motorepuestosjc\system\CodeIgniter.php(920): App\Controllers\VisualizarPerfil->index()
#3 C:\xampp\htdocs\motorepuestosjc\system\CodeIgniter.php(406): CodeIgniter\CodeIgniter->runController(Object(App\Controllers\VisualizarPerfil))
#4 C:\xampp\htdocs\motorepuestosjc\system\CodeIgniter.php(314): CodeIgniter\CodeIgniter->handleRequest(NULL, Object(Config\Cache), false)
#5 C:\xampp\htdocs\motorepuestosjc\index.php(45): CodeIgniter\CodeIgniter->run()
#6 {main}
CRITICAL - 2020-09-07 01:53:11 --> syntax error, unexpected '}'
#0 C:\xampp\htdocs\motorepuestosjc\system\Common.php(1119): CodeIgniter\View\View->render('visualizar_perf...', Array, true)
#1 C:\xampp\htdocs\motorepuestosjc\app\Controllers\VisualizarPerfil.php(17): view('visualizar_perf...', Array, Array)
#2 C:\xampp\htdocs\motorepuestosjc\system\CodeIgniter.php(920): App\Controllers\VisualizarPerfil->index()
#3 C:\xampp\htdocs\motorepuestosjc\system\CodeIgniter.php(406): CodeIgniter\CodeIgniter->runController(Object(App\Controllers\VisualizarPerfil))
#4 C:\xampp\htdocs\motorepuestosjc\system\CodeIgniter.php(314): CodeIgniter\CodeIgniter->handleRequest(NULL, Object(Config\Cache), false)
#5 C:\xampp\htdocs\motorepuestosjc\index.php(45): CodeIgniter\CodeIgniter->run()
#6 {main}
CRITICAL - 2020-09-07 01:53:21 --> Undefined variable: Offf
#0 C:\xampp\htdocs\motorepuestosjc\app\Views\visualizar_perfil.php(54): CodeIgniter\Debug\Exceptions->errorHandler(8, 'Undefined varia...', 'C:\\xampp\\htdocs...', 54, Array)
#1 C:\xampp\htdocs\motorepuestosjc\system\View\View.php(246): include('C:\\xampp\\htdocs...')
#2 C:\xampp\htdocs\motorepuestosjc\system\Common.php(1119): CodeIgniter\View\View->render('visualizar_perf...', Array, true)
#3 C:\xampp\htdocs\motorepuestosjc\app\Controllers\VisualizarPerfil.php(17): view('visualizar_perf...', Array, Array)
#4 C:\xampp\htdocs\motorepuestosjc\system\CodeIgniter.php(920): App\Controllers\VisualizarPerfil->index()
#5 C:\xampp\htdocs\motorepuestosjc\system\CodeIgniter.php(406): CodeIgniter\CodeIgniter->runController(Object(App\Controllers\VisualizarPerfil))
#6 C:\xampp\htdocs\motorepuestosjc\system\CodeIgniter.php(314): CodeIgniter\CodeIgniter->handleRequest(NULL, Object(Config\Cache), false)
#7 C:\xampp\htdocs\motorepuestosjc\index.php(45): CodeIgniter\CodeIgniter->run()
#8 {main}
CRITICAL - 2020-09-07 01:55:31 --> syntax error, unexpected 'as' (T_AS)
#0 C:\xampp\htdocs\motorepuestosjc\system\Common.php(1119): CodeIgniter\View\View->render('visualizar_perf...', Array, true)
#1 C:\xampp\htdocs\motorepuestosjc\app\Controllers\VisualizarPerfil.php(17): view('visualizar_perf...', Array, Array)
#2 C:\xampp\htdocs\motorepuestosjc\system\CodeIgniter.php(920): App\Controllers\VisualizarPerfil->index()
#3 C:\xampp\htdocs\motorepuestosjc\system\CodeIgniter.php(406): CodeIgniter\CodeIgniter->runController(Object(App\Controllers\VisualizarPerfil))
#4 C:\xampp\htdocs\motorepuestosjc\system\CodeIgniter.php(314): CodeIgniter\CodeIgniter->handleRequest(NULL, Object(Config\Cache), false)
#5 C:\xampp\htdocs\motorepuestosjc\index.php(45): CodeIgniter\CodeIgniter->run()
#6 {main}
CRITICAL - 2020-09-07 01:55:50 --> Undefined index: nombremodulo
#0 C:\xampp\htdocs\motorepuestosjc\app\Views\visualizar_perfil.php(55): CodeIgniter\Debug\Exceptions->errorHandler(8, 'Undefined index...', 'C:\\xampp\\htdocs...', 55, Array)
#1 C:\xampp\htdocs\motorepuestosjc\system\View\View.php(246): include('C:\\xampp\\htdocs...')
#2 C:\xampp\htdocs\motorepuestosjc\system\Common.php(1119): CodeIgniter\View\View->render('visualizar_perf...', Array, true)
#3 C:\xampp\htdocs\motorepuestosjc\app\Controllers\VisualizarPerfil.php(17): view('visualizar_perf...', Array, Array)
#4 C:\xampp\htdocs\motorepuestosjc\system\CodeIgniter.php(920): App\Controllers\VisualizarPerfil->index()
#5 C:\xampp\htdocs\motorepuestosjc\system\CodeIgniter.php(406): CodeIgniter\CodeIgniter->runController(Object(App\Controllers\VisualizarPerfil))
#6 C:\xampp\htdocs\motorepuestosjc\system\CodeIgniter.php(314): CodeIgniter\CodeIgniter->handleRequest(NULL, Object(Config\Cache), false)
#7 C:\xampp\htdocs\motorepuestosjc\index.php(45): CodeIgniter\CodeIgniter->run()
#8 {main}
CRITICAL - 2020-09-07 01:56:03 --> Undefined index: nombremodulo
#0 C:\xampp\htdocs\motorepuestosjc\app\Views\visualizar_perfil.php(55): CodeIgniter\Debug\Exceptions->errorHandler(8, 'Undefined index...', 'C:\\xampp\\htdocs...', 55, Array)
#1 C:\xampp\htdocs\motorepuestosjc\system\View\View.php(246): include('C:\\xampp\\htdocs...')
#2 C:\xampp\htdocs\motorepuestosjc\system\Common.php(1119): CodeIgniter\View\View->render('visualizar_perf...', Array, true)
#3 C:\xampp\htdocs\motorepuestosjc\app\Controllers\VisualizarPerfil.php(17): view('visualizar_perf...', Array, Array)
#4 C:\xampp\htdocs\motorepuestosjc\system\CodeIgniter.php(920): App\Controllers\VisualizarPerfil->index()
#5 C:\xampp\htdocs\motorepuestosjc\system\CodeIgniter.php(406): CodeIgniter\CodeIgniter->runController(Object(App\Controllers\VisualizarPerfil))
#6 C:\xampp\htdocs\motorepuestosjc\system\CodeIgniter.php(314): CodeIgniter\CodeIgniter->handleRequest(NULL, Object(Config\Cache), false)
#7 C:\xampp\htdocs\motorepuestosjc\index.php(45): CodeIgniter\CodeIgniter->run()
#8 {main}
CRITICAL - 2020-09-07 01:57:01 --> Undefined index: nombremodulo
#0 C:\xampp\htdocs\motorepuestosjc\app\Views\visualizar_perfil.php(55): CodeIgniter\Debug\Exceptions->errorHandler(8, 'Undefined index...', 'C:\\xampp\\htdocs...', 55, Array)
#1 C:\xampp\htdocs\motorepuestosjc\system\View\View.php(246): include('C:\\xampp\\htdocs...')
#2 C:\xampp\htdocs\motorepuestosjc\system\Common.php(1119): CodeIgniter\View\View->render('visualizar_perf...', Array, true)
#3 C:\xampp\htdocs\motorepuestosjc\app\Controllers\VisualizarPerfil.php(17): view('visualizar_perf...', Array, Array)
#4 C:\xampp\htdocs\motorepuestosjc\system\CodeIgniter.php(920): App\Controllers\VisualizarPerfil->index()
#5 C:\xampp\htdocs\motorepuestosjc\system\CodeIgniter.php(406): CodeIgniter\CodeIgniter->runController(Object(App\Controllers\VisualizarPerfil))
#6 C:\xampp\htdocs\motorepuestosjc\system\CodeIgniter.php(314): CodeIgniter\CodeIgniter->handleRequest(NULL, Object(Config\Cache), false)
#7 C:\xampp\htdocs\motorepuestosjc\index.php(45): CodeIgniter\CodeIgniter->run()
#8 {main}
CRITICAL - 2020-09-07 02:07:42 --> Undefined index: nombremodulo
#0 C:\xampp\htdocs\motorepuestosjc\app\Views\visualizar_perfil.php(55): CodeIgniter\Debug\Exceptions->errorHandler(8, 'Undefined index...', 'C:\\xampp\\htdocs...', 55, Array)
#1 C:\xampp\htdocs\motorepuestosjc\system\View\View.php(246): include('C:\\xampp\\htdocs...')
#2 C:\xampp\htdocs\motorepuestosjc\system\Common.php(1119): CodeIgniter\View\View->render('visualizar_perf...', Array, true)
#3 C:\xampp\htdocs\motorepuestosjc\app\Controllers\VisualizarPerfil.php(17): view('visualizar_perf...', Array)
#4 C:\xampp\htdocs\motorepuestosjc\system\CodeIgniter.php(920): App\Controllers\VisualizarPerfil->index()
#5 C:\xampp\htdocs\motorepuestosjc\system\CodeIgniter.php(406): CodeIgniter\CodeIgniter->runController(Object(App\Controllers\VisualizarPerfil))
#6 C:\xampp\htdocs\motorepuestosjc\system\CodeIgniter.php(314): CodeIgniter\CodeIgniter->handleRequest(NULL, Object(Config\Cache), false)
#7 C:\xampp\htdocs\motorepuestosjc\index.php(45): CodeIgniter\CodeIgniter->run()
#8 {main}
CRITICAL - 2020-09-07 02:10:20 --> syntax error, unexpected ';'
#0 C:\xampp\htdocs\motorepuestosjc\system\Common.php(1119): CodeIgniter\View\View->render('visualizar_perf...', Array, true)
#1 C:\xampp\htdocs\motorepuestosjc\app\Controllers\VisualizarPerfil.php(17): view('visualizar_perf...', Array, Array)
#2 C:\xampp\htdocs\motorepuestosjc\system\CodeIgniter.php(920): App\Controllers\VisualizarPerfil->index()
#3 C:\xampp\htdocs\motorepuestosjc\system\CodeIgniter.php(406): CodeIgniter\CodeIgniter->runController(Object(App\Controllers\VisualizarPerfil))
#4 C:\xampp\htdocs\motorepuestosjc\system\CodeIgniter.php(314): CodeIgniter\CodeIgniter->handleRequest(NULL, Object(Config\Cache), false)
#5 C:\xampp\htdocs\motorepuestosjc\index.php(45): CodeIgniter\CodeIgniter->run()
#6 {main}
CRITICAL - 2020-09-07 02:11:05 --> syntax error, unexpected '}'
#0 C:\xampp\htdocs\motorepuestosjc\system\Common.php(1119): CodeIgniter\View\View->render('visualizar_perf...', Array, true)
#1 C:\xampp\htdocs\motorepuestosjc\app\Controllers\VisualizarPerfil.php(17): view('visualizar_perf...', Array, Array)
#2 C:\xampp\htdocs\motorepuestosjc\system\CodeIgniter.php(920): App\Controllers\VisualizarPerfil->index()
#3 C:\xampp\htdocs\motorepuestosjc\system\CodeIgniter.php(406): CodeIgniter\CodeIgniter->runController(Object(App\Controllers\VisualizarPerfil))
#4 C:\xampp\htdocs\motorepuestosjc\system\CodeIgniter.php(314): CodeIgniter\CodeIgniter->handleRequest(NULL, Object(Config\Cache), false)
#5 C:\xampp\htdocs\motorepuestosjc\index.php(45): CodeIgniter\CodeIgniter->run()
#6 {main}
CRITICAL - 2020-09-07 02:12:46 --> Undefined index: nombremodulo
#0 C:\xampp\htdocs\motorepuestosjc\app\Views\visualizar_perfil.php(55): CodeIgniter\Debug\Exceptions->errorHandler(8, 'Undefined index...', 'C:\\xampp\\htdocs...', 55, Array)
#1 C:\xampp\htdocs\motorepuestosjc\system\View\View.php(246): include('C:\\xampp\\htdocs...')
#2 C:\xampp\htdocs\motorepuestosjc\system\Common.php(1119): CodeIgniter\View\View->render('visualizar_perf...', Array, true)
#3 C:\xampp\htdocs\motorepuestosjc\app\Controllers\VisualizarPerfil.php(16): view('visualizar_perf...', Array, Array)
#4 C:\xampp\htdocs\motorepuestosjc\system\CodeIgniter.php(920): App\Controllers\VisualizarPerfil->index()
#5 C:\xampp\htdocs\motorepuestosjc\system\CodeIgniter.php(406): CodeIgniter\CodeIgniter->runController(Object(App\Controllers\VisualizarPerfil))
#6 C:\xampp\htdocs\motorepuestosjc\system\CodeIgniter.php(314): CodeIgniter\CodeIgniter->handleRequest(NULL, Object(Config\Cache), false)
#7 C:\xampp\htdocs\motorepuestosjc\index.php(45): CodeIgniter\CodeIgniter->run()
#8 {main}
CRITICAL - 2020-09-07 02:13:14 --> syntax error, unexpected ']', expecting ',' or ')'
#0 C:\xampp\htdocs\motorepuestosjc\system\Common.php(1119): CodeIgniter\View\View->render('visualizar_perf...', Array, true)
#1 C:\xampp\htdocs\motorepuestosjc\app\Controllers\VisualizarPerfil.php(16): view('visualizar_perf...', Array, Array)
#2 C:\xampp\htdocs\motorepuestosjc\system\CodeIgniter.php(920): App\Controllers\VisualizarPerfil->index()
#3 C:\xampp\htdocs\motorepuestosjc\system\CodeIgniter.php(406): CodeIgniter\CodeIgniter->runController(Object(App\Controllers\VisualizarPerfil))
#4 C:\xampp\htdocs\motorepuestosjc\system\CodeIgniter.php(314): CodeIgniter\CodeIgniter->handleRequest(NULL, Object(Config\Cache), false)
#5 C:\xampp\htdocs\motorepuestosjc\index.php(45): CodeIgniter\CodeIgniter->run()
#6 {main}
CRITICAL - 2020-09-07 02:13:25 --> Undefined index: nombremodulo
#0 C:\xampp\htdocs\motorepuestosjc\app\Views\visualizar_perfil.php(55): CodeIgniter\Debug\Exceptions->errorHandler(8, 'Undefined index...', 'C:\\xampp\\htdocs...', 55, Array)
#1 C:\xampp\htdocs\motorepuestosjc\system\View\View.php(246): include('C:\\xampp\\htdocs...')
#2 C:\xampp\htdocs\motorepuestosjc\system\Common.php(1119): CodeIgniter\View\View->render('visualizar_perf...', Array, true)
#3 C:\xampp\htdocs\motorepuestosjc\app\Controllers\VisualizarPerfil.php(16): view('visualizar_perf...', Array, Array)
#4 C:\xampp\htdocs\motorepuestosjc\system\CodeIgniter.php(920): App\Controllers\VisualizarPerfil->index()
#5 C:\xampp\htdocs\motorepuestosjc\system\CodeIgniter.php(406): CodeIgniter\CodeIgniter->runController(Object(App\Controllers\VisualizarPerfil))
#6 C:\xampp\htdocs\motorepuestosjc\system\CodeIgniter.php(314): CodeIgniter\CodeIgniter->handleRequest(NULL, Object(Config\Cache), false)
#7 C:\xampp\htdocs\motorepuestosjc\index.php(45): CodeIgniter\CodeIgniter->run()
#8 {main}
CRITICAL - 2020-09-07 02:13:44 --> syntax error, unexpected '1' (T_LNUMBER), expecting identifier (T_STRING) or variable (T_VARIABLE) or '{' or '$'
#0 C:\xampp\htdocs\motorepuestosjc\system\Common.php(1119): CodeIgniter\View\View->render('visualizar_perf...', Array, true)
#1 C:\xampp\htdocs\motorepuestosjc\app\Controllers\VisualizarPerfil.php(16): view('visualizar_perf...', Array, Array)
#2 C:\xampp\htdocs\motorepuestosjc\system\CodeIgniter.php(920): App\Controllers\VisualizarPerfil->index()
#3 C:\xampp\htdocs\motorepuestosjc\system\CodeIgniter.php(406): CodeIgniter\CodeIgniter->runController(Object(App\Controllers\VisualizarPerfil))
#4 C:\xampp\htdocs\motorepuestosjc\system\CodeIgniter.php(314): CodeIgniter\CodeIgniter->handleRequest(NULL, Object(Config\Cache), false)
#5 C:\xampp\htdocs\motorepuestosjc\index.php(45): CodeIgniter\CodeIgniter->run()
#6 {main}
CRITICAL - 2020-09-07 02:13:57 --> Undefined index: nombremodulo
#0 C:\xampp\htdocs\motorepuestosjc\app\Views\visualizar_perfil.php(55): CodeIgniter\Debug\Exceptions->errorHandler(8, 'Undefined index...', 'C:\\xampp\\htdocs...', 55, Array)
#1 C:\xampp\htdocs\motorepuestosjc\system\View\View.php(246): include('C:\\xampp\\htdocs...')
#2 C:\xampp\htdocs\motorepuestosjc\system\Common.php(1119): CodeIgniter\View\View->render('visualizar_perf...', Array, true)
#3 C:\xampp\htdocs\motorepuestosjc\app\Controllers\VisualizarPerfil.php(16): view('visualizar_perf...', Array, Array)
#4 C:\xampp\htdocs\motorepuestosjc\system\CodeIgniter.php(920): App\Controllers\VisualizarPerfil->index()
#5 C:\xampp\htdocs\motorepuestosjc\system\CodeIgniter.php(406): CodeIgniter\CodeIgniter->runController(Object(App\Controllers\VisualizarPerfil))
#6 C:\xampp\htdocs\motorepuestosjc\system\CodeIgniter.php(314): CodeIgniter\CodeIgniter->handleRequest(NULL, Object(Config\Cache), false)
#7 C:\xampp\htdocs\motorepuestosjc\index.php(45): CodeIgniter\CodeIgniter->run()
#8 {main}
CRITICAL - 2020-09-07 02:15:00 --> Undefined variable: Resultado2
#0 C:\xampp\htdocs\motorepuestosjc\app\Views\visualizar_perfil.php(55): CodeIgniter\Debug\Exceptions->errorHandler(8, 'Undefined varia...', 'C:\\xampp\\htdocs...', 55, Array)
#1 C:\xampp\htdocs\motorepuestosjc\system\View\View.php(246): include('C:\\xampp\\htdocs...')
#2 C:\xampp\htdocs\motorepuestosjc\system\Common.php(1119): CodeIgniter\View\View->render('visualizar_perf...', Array, true)
#3 C:\xampp\htdocs\motorepuestosjc\app\Controllers\VisualizarPerfil.php(16): view('visualizar_perf...', Array, Array)
#4 C:\xampp\htdocs\motorepuestosjc\system\CodeIgniter.php(920): App\Controllers\VisualizarPerfil->index()
#5 C:\xampp\htdocs\motorepuestosjc\system\CodeIgniter.php(406): CodeIgniter\CodeIgniter->runController(Object(App\Controllers\VisualizarPerfil))
#6 C:\xampp\htdocs\motorepuestosjc\system\CodeIgniter.php(314): CodeIgniter\CodeIgniter->handleRequest(NULL, Object(Config\Cache), false)
#7 C:\xampp\htdocs\motorepuestosjc\index.php(45): CodeIgniter\CodeIgniter->run()
#8 {main}
CRITICAL - 2020-09-07 02:15:47 --> Call to undefined method CodeIgniter\Database\MySQLi\Result::getResultArray2()
#0 C:\xampp\htdocs\motorepuestosjc\system\CodeIgniter.php(920): App\Controllers\VisualizarPerfil->index()
#1 C:\xampp\htdocs\motorepuestosjc\system\CodeIgniter.php(406): CodeIgniter\CodeIgniter->runController(Object(App\Controllers\VisualizarPerfil))
#2 C:\xampp\htdocs\motorepuestosjc\system\CodeIgniter.php(314): CodeIgniter\CodeIgniter->handleRequest(NULL, Object(Config\Cache), false)
#3 C:\xampp\htdocs\motorepuestosjc\index.php(45): CodeIgniter\CodeIgniter->run()
#4 {main}
CRITICAL - 2020-09-07 02:21:50 --> Undefined variable: Resultado
#0 C:\xampp\htdocs\motorepuestosjc\app\Views\visualizar_perfil.php(48): CodeIgniter\Debug\Exceptions->errorHandler(8, 'Undefined varia...', 'C:\\xampp\\htdocs...', 48, Array)
#1 C:\xampp\htdocs\motorepuestosjc\system\View\View.php(246): include('C:\\xampp\\htdocs...')
#2 C:\xampp\htdocs\motorepuestosjc\system\Common.php(1119): CodeIgniter\View\View->render('visualizar_perf...', Array, true)
#3 C:\xampp\htdocs\motorepuestosjc\app\Controllers\VisualizarPerfil.php(16): view('visualizar_perf...', Array, Array)
#4 C:\xampp\htdocs\motorepuestosjc\system\CodeIgniter.php(920): App\Controllers\VisualizarPerfil->index()
#5 C:\xampp\htdocs\motorepuestosjc\system\CodeIgniter.php(406): CodeIgniter\CodeIgniter->runController(Object(App\Controllers\VisualizarPerfil))
#6 C:\xampp\htdocs\motorepuestosjc\system\CodeIgniter.php(314): CodeIgniter\CodeIgniter->handleRequest(NULL, Object(Config\Cache), false)
#7 C:\xampp\htdocs\motorepuestosjc\index.php(45): CodeIgniter\CodeIgniter->run()
#8 {main}
CRITICAL - 2020-09-07 02:22:16 --> Undefined variable: Resultado
#0 C:\xampp\htdocs\motorepuestosjc\app\Views\visualizar_perfil.php(48): CodeIgniter\Debug\Exceptions->errorHandler(8, 'Undefined varia...', 'C:\\xampp\\htdocs...', 48, Array)
#1 C:\xampp\htdocs\motorepuestosjc\system\View\View.php(246): include('C:\\xampp\\htdocs...')
#2 C:\xampp\htdocs\motorepuestosjc\system\Common.php(1119): CodeIgniter\View\View->render('visualizar_perf...', Array, true)
#3 C:\xampp\htdocs\motorepuestosjc\app\Controllers\VisualizarPerfil.php(16): view('visualizar_perf...', Array, Array)
#4 C:\xampp\htdocs\motorepuestosjc\system\CodeIgniter.php(920): App\Controllers\VisualizarPerfil->index()
#5 C:\xampp\htdocs\motorepuestosjc\system\CodeIgniter.php(406): CodeIgniter\CodeIgniter->runController(Object(App\Controllers\VisualizarPerfil))
#6 C:\xampp\htdocs\motorepuestosjc\system\CodeIgniter.php(314): CodeIgniter\CodeIgniter->handleRequest(NULL, Object(Config\Cache), false)
#7 C:\xampp\htdocs\motorepuestosjc\index.php(45): CodeIgniter\CodeIgniter->run()
#8 {main}
CRITICAL - 2020-09-07 02:24:22 --> Undefined variable: datos2
#0 C:\xampp\htdocs\motorepuestosjc\app\Controllers\VisualizarPerfil.php(16): CodeIgniter\Debug\Exceptions->errorHandler(8, 'Undefined varia...', 'C:\\xampp\\htdocs...', 16, Array)
#1 C:\xampp\htdocs\motorepuestosjc\system\CodeIgniter.php(920): App\Controllers\VisualizarPerfil->index()
#2 C:\xampp\htdocs\motorepuestosjc\system\CodeIgniter.php(406): CodeIgniter\CodeIgniter->runController(Object(App\Controllers\VisualizarPerfil))
#3 C:\xampp\htdocs\motorepuestosjc\system\CodeIgniter.php(314): CodeIgniter\CodeIgniter->handleRequest(NULL, Object(Config\Cache), false)
#4 C:\xampp\htdocs\motorepuestosjc\index.php(45): CodeIgniter\CodeIgniter->run()
#5 {main}
CRITICAL - 2020-09-07 02:28:40 --> syntax error, unexpected end of file
#0 C:\xampp\htdocs\motorepuestosjc\system\Common.php(1119): CodeIgniter\View\View->render('visualizar_perf...', Array, true)
#1 C:\xampp\htdocs\motorepuestosjc\app\Controllers\VisualizarPerfil.php(16): view('visualizar_perf...', Array)
#2 C:\xampp\htdocs\motorepuestosjc\system\CodeIgniter.php(920): App\Controllers\VisualizarPerfil->index()
#3 C:\xampp\htdocs\motorepuestosjc\system\CodeIgniter.php(406): CodeIgniter\CodeIgniter->runController(Object(App\Controllers\VisualizarPerfil))
#4 C:\xampp\htdocs\motorepuestosjc\system\CodeIgniter.php(314): CodeIgniter\CodeIgniter->handleRequest(NULL, Object(Config\Cache), false)
#5 C:\xampp\htdocs\motorepuestosjc\index.php(45): CodeIgniter\CodeIgniter->run()
#6 {main}
CRITICAL - 2020-09-07 02:30:36 --> syntax error, unexpected 'endforeach' (T_ENDFOREACH)
#0 C:\xampp\htdocs\motorepuestosjc\system\Common.php(1119): CodeIgniter\View\View->render('visualizar_perf...', Array, true)
#1 C:\xampp\htdocs\motorepuestosjc\app\Controllers\VisualizarPerfil.php(16): view('visualizar_perf...', Array)
#2 C:\xampp\htdocs\motorepuestosjc\system\CodeIgniter.php(920): App\Controllers\VisualizarPerfil->index()
#3 C:\xampp\htdocs\motorepuestosjc\system\CodeIgniter.php(406): CodeIgniter\CodeIgniter->runController(Object(App\Controllers\VisualizarPerfil))
#4 C:\xampp\htdocs\motorepuestosjc\system\CodeIgniter.php(314): CodeIgniter\CodeIgniter->handleRequest(NULL, Object(Config\Cache), false)
#5 C:\xampp\htdocs\motorepuestosjc\index.php(45): CodeIgniter\CodeIgniter->run()
#6 {main}
CRITICAL - 2020-09-07 13:59:24 --> Undefined variable: perfiles
#0 C:\xampp\htdocs\motorepuestosjc\app\Views\registrar_usuario.php(77): CodeIgniter\Debug\Exceptions->errorHandler(8, 'Undefined varia...', 'C:\\xampp\\htdocs...', 77, Array)
#1 C:\xampp\htdocs\motorepuestosjc\system\View\View.php(246): include('C:\\xampp\\htdocs...')
#2 C:\xampp\htdocs\motorepuestosjc\system\Common.php(1119): CodeIgniter\View\View->render('registrar_usuar...', Array, true)
#3 C:\xampp\htdocs\motorepuestosjc\app\Controllers\usuario.php(13): view('registrar_usuar...')
#4 C:\xampp\htdocs\motorepuestosjc\system\CodeIgniter.php(920): App\Controllers\Usuario->index()
#5 C:\xampp\htdocs\motorepuestosjc\system\CodeIgniter.php(406): CodeIgniter\CodeIgniter->runController(Object(App\Controllers\Usuario))
#6 C:\xampp\htdocs\motorepuestosjc\system\CodeIgniter.php(314): CodeIgniter\CodeIgniter->handleRequest(NULL, Object(Config\Cache), false)
#7 C:\xampp\htdocs\motorepuestosjc\index.php(45): CodeIgniter\CodeIgniter->run()
#8 {main}
CRITICAL - 2020-09-07 14:17:36 --> Invalid file: {0}
#0 C:\xampp\htdocs\motorepuestosjc\system\View\View.php(228): CodeIgniter\Exceptions\FrameworkException::forInvalidFile('modificar_usuar...')
#1 C:\xampp\htdocs\motorepuestosjc\system\Common.php(1119): CodeIgniter\View\View->render('modificar_usuar...', Array, true)
#2 C:\xampp\htdocs\motorepuestosjc\app\Controllers\VisualizarUsuario.php(22): view('modificar_usuar...')
#3 C:\xampp\htdocs\motorepuestosjc\system\CodeIgniter.php(920): App\Controllers\VisualizarUsuario->update('2')
#4 C:\xampp\htdocs\motorepuestosjc\system\CodeIgniter.php(406): CodeIgniter\CodeIgniter->runController(Object(App\Controllers\VisualizarUsuario))
#5 C:\xampp\htdocs\motorepuestosjc\system\CodeIgniter.php(314): CodeIgniter\CodeIgniter->handleRequest(NULL, Object(Config\Cache), false)
#6 C:\xampp\htdocs\motorepuestosjc\index.php(45): CodeIgniter\CodeIgniter->run()
#7 {main}
CRITICAL - 2020-09-07 14:17:37 --> Invalid file: {0}
#0 C:\xampp\htdocs\motorepuestosjc\system\View\View.php(228): CodeIgniter\Exceptions\FrameworkException::forInvalidFile('modificar_usuar...')
#1 C:\xampp\htdocs\motorepuestosjc\system\Common.php(1119): CodeIgniter\View\View->render('modificar_usuar...', Array, true)
#2 C:\xampp\htdocs\motorepuestosjc\app\Controllers\VisualizarUsuario.php(22): view('modificar_usuar...')
#3 C:\xampp\htdocs\motorepuestosjc\system\CodeIgniter.php(920): App\Controllers\VisualizarUsuario->update('public', 'images', 'img.jpg')
#4 C:\xampp\htdocs\motorepuestosjc\system\CodeIgniter.php(406): CodeIgniter\CodeIgniter->runController(Object(App\Controllers\VisualizarUsuario))
#5 C:\xampp\htdocs\motorepuestosjc\system\CodeIgniter.php(314): CodeIgniter\CodeIgniter->handleRequest(NULL, Object(Config\Cache), false)
#6 C:\xampp\htdocs\motorepuestosjc\index.php(45): CodeIgniter\CodeIgniter->run()
#7 {main}
CRITICAL - 2020-09-07 14:18:19 --> Invalid file: {0}
#0 C:\xampp\htdocs\motorepuestosjc\system\View\View.php(228): CodeIgniter\Exceptions\FrameworkException::forInvalidFile('modificar_usuar...')
#1 C:\xampp\htdocs\motorepuestosjc\system\Common.php(1119): CodeIgniter\View\View->render('modificar_usuar...', Array, true)
#2 C:\xampp\htdocs\motorepuestosjc\app\Controllers\VisualizarUsuario.php(22): view('modificar_usuar...')
#3 C:\xampp\htdocs\motorepuestosjc\system\CodeIgniter.php(920): App\Controllers\VisualizarUsuario->update('2')
#4 C:\xampp\htdocs\motorepuestosjc\system\CodeIgniter.php(406): CodeIgniter\CodeIgniter->runController(Object(App\Controllers\VisualizarUsuario))
#5 C:\xampp\htdocs\motorepuestosjc\system\CodeIgniter.php(314): CodeIgniter\CodeIgniter->handleRequest(NULL, Object(Config\Cache), false)
#6 C:\xampp\htdocs\motorepuestosjc\index.php(45): CodeIgniter\CodeIgniter->run()
#7 {main}
CRITICAL - 2020-09-07 14:20:25 --> Invalid file: {0}
#0 C:\xampp\htdocs\motorepuestosjc\system\View\View.php(228): CodeIgniter\Exceptions\FrameworkException::forInvalidFile('modificar_usuar...')
#1 C:\xampp\htdocs\motorepuestosjc\system\Common.php(1119): CodeIgniter\View\View->render('modificar_usuar...', Array, true)
#2 C:\xampp\htdocs\motorepuestosjc\app\Controllers\VisualizarUsuario.php(22): view('modificar_usuar...')
#3 C:\xampp\htdocs\motorepuestosjc\system\CodeIgniter.php(920): App\Controllers\VisualizarUsuario->update('2')
#4 C:\xampp\htdocs\motorepuestosjc\system\CodeIgniter.php(406): CodeIgniter\CodeIgniter->runController(Object(App\Controllers\VisualizarUsuario))
#5 C:\xampp\htdocs\motorepuestosjc\system\CodeIgniter.php(314): CodeIgniter\CodeIgniter->handleRequest(NULL, Object(Config\Cache), false)
#6 C:\xampp\htdocs\motorepuestosjc\index.php(45): CodeIgniter\CodeIgniter->run()
#7 {main}
CRITICAL - 2020-09-07 14:21:40 --> Invalid file: {0}
#0 C:\xampp\htdocs\motorepuestosjc\system\View\View.php(228): CodeIgniter\Exceptions\FrameworkException::forInvalidFile('modificar_usuar...')
#1 C:\xampp\htdocs\motorepuestosjc\system\Common.php(1119): CodeIgniter\View\View->render('modificar_usuar...', Array, true)
#2 C:\xampp\htdocs\motorepuestosjc\app\Controllers\VisualizarUsuario.php(22): view('modificar_usuar...')
#3 C:\xampp\htdocs\motorepuestosjc\system\CodeIgniter.php(920): App\Controllers\VisualizarUsuario->update('2')
#4 C:\xampp\htdocs\motorepuestosjc\system\CodeIgniter.php(406): CodeIgniter\CodeIgniter->runController(Object(App\Controllers\VisualizarUsuario))
#5 C:\xampp\htdocs\motorepuestosjc\system\CodeIgniter.php(314): CodeIgniter\CodeIgniter->handleRequest(NULL, Object(Config\Cache), false)
#6 C:\xampp\htdocs\motorepuestosjc\index.php(45): CodeIgniter\CodeIgniter->run()
#7 {main}
CRITICAL - 2020-09-07 14:24:33 --> Invalid file: {0}
#0 C:\xampp\htdocs\motorepuestosjc\system\View\View.php(228): CodeIgniter\Exceptions\FrameworkException::forInvalidFile('modificar_usuar...')
#1 C:\xampp\htdocs\motorepuestosjc\system\Common.php(1119): CodeIgniter\View\View->render('modificar_usuar...', Array, true)
#2 C:\xampp\htdocs\motorepuestosjc\app\Controllers\VisualizarUsuario.php(22): view('modificar_usuar...')
#3 C:\xampp\htdocs\motorepuestosjc\system\CodeIgniter.php(920): App\Controllers\VisualizarUsuario->update('2')
#4 C:\xampp\htdocs\motorepuestosjc\system\CodeIgniter.php(406): CodeIgniter\CodeIgniter->runController(Object(App\Controllers\VisualizarUsuario))
#5 C:\xampp\htdocs\motorepuestosjc\system\CodeIgniter.php(314): CodeIgniter\CodeIgniter->handleRequest(NULL, Object(Config\Cache), false)
#6 C:\xampp\htdocs\motorepuestosjc\index.php(45): CodeIgniter\CodeIgniter->run()
#7 {main}
CRITICAL - 2020-09-07 14:24:35 --> Invalid file: {0}
#0 C:\xampp\htdocs\motorepuestosjc\system\View\View.php(228): CodeIgniter\Exceptions\FrameworkException::forInvalidFile('modificar_usuar...')
#1 C:\xampp\htdocs\motorepuestosjc\system\Common.php(1119): CodeIgniter\View\View->render('modificar_usuar...', Array, true)
#2 C:\xampp\htdocs\motorepuestosjc\app\Controllers\VisualizarUsuario.php(22): view('modificar_usuar...')
#3 C:\xampp\htdocs\motorepuestosjc\system\CodeIgniter.php(920): App\Controllers\VisualizarUsuario->update('2')
#4 C:\xampp\htdocs\motorepuestosjc\system\CodeIgniter.php(406): CodeIgniter\CodeIgniter->runController(Object(App\Controllers\VisualizarUsuario))
#5 C:\xampp\htdocs\motorepuestosjc\system\CodeIgniter.php(314): CodeIgniter\CodeIgniter->handleRequest(NULL, Object(Config\Cache), false)
#6 C:\xampp\htdocs\motorepuestosjc\index.php(45): CodeIgniter\CodeIgniter->run()
#7 {main}
CRITICAL - 2020-09-07 14:24:38 --> Invalid file: {0}
#0 C:\xampp\htdocs\motorepuestosjc\system\View\View.php(228): CodeIgniter\Exceptions\FrameworkException::forInvalidFile('modificar_usuar...')
#1 C:\xampp\htdocs\motorepuestosjc\system\Common.php(1119): CodeIgniter\View\View->render('modificar_usuar...', Array, true)
#2 C:\xampp\htdocs\motorepuestosjc\app\Controllers\VisualizarUsuario.php(22): view('modificar_usuar...')
#3 C:\xampp\htdocs\motorepuestosjc\system\CodeIgniter.php(920): App\Controllers\VisualizarUsuario->update('2')
#4 C:\xampp\htdocs\motorepuestosjc\system\CodeIgniter.php(406): CodeIgniter\CodeIgniter->runController(Object(App\Controllers\VisualizarUsuario))
#5 C:\xampp\htdocs\motorepuestosjc\system\CodeIgniter.php(314): CodeIgniter\CodeIgniter->handleRequest(NULL, Object(Config\Cache), false)
#6 C:\xampp\htdocs\motorepuestosjc\index.php(45): CodeIgniter\CodeIgniter->run()
#7 {main}
CRITICAL - 2020-09-07 14:25:20 --> Invalid file: {0}
#0 C:\xampp\htdocs\motorepuestosjc\system\View\View.php(228): CodeIgniter\Exceptions\FrameworkException::forInvalidFile('modificar_usuar...')
#1 C:\xampp\htdocs\motorepuestosjc\system\Common.php(1119): CodeIgniter\View\View->render('modificar_usuar...', Array, true)
#2 C:\xampp\htdocs\motorepuestosjc\app\Controllers\VisualizarUsuario.php(22): view('modificar_usuar...')
#3 C:\xampp\htdocs\motorepuestosjc\system\CodeIgniter.php(920): App\Controllers\VisualizarUsuario->update('2')
#4 C:\xampp\htdocs\motorepuestosjc\system\CodeIgniter.php(406): CodeIgniter\CodeIgniter->runController(Object(App\Controllers\VisualizarUsuario))
#5 C:\xampp\htdocs\motorepuestosjc\system\CodeIgniter.php(314): CodeIgniter\CodeIgniter->handleRequest(NULL, Object(Config\Cache), false)
#6 C:\xampp\htdocs\motorepuestosjc\index.php(45): CodeIgniter\CodeIgniter->run()
#7 {main}
CRITICAL - 2020-09-07 14:25:32 --> Invalid file: {0}
#0 C:\xampp\htdocs\motorepuestosjc\system\View\View.php(228): CodeIgniter\Exceptions\FrameworkException::forInvalidFile('modificar_usuar...')
#1 C:\xampp\htdocs\motorepuestosjc\system\Common.php(1119): CodeIgniter\View\View->render('modificar_usuar...', Array, true)
#2 C:\xampp\htdocs\motorepuestosjc\app\Controllers\VisualizarUsuario.php(22): view('modificar_usuar...')
#3 C:\xampp\htdocs\motorepuestosjc\system\CodeIgniter.php(920): App\Controllers\VisualizarUsuario->update('2')
#4 C:\xampp\htdocs\motorepuestosjc\system\CodeIgniter.php(406): CodeIgniter\CodeIgniter->runController(Object(App\Controllers\VisualizarUsuario))
#5 C:\xampp\htdocs\motorepuestosjc\system\CodeIgniter.php(314): CodeIgniter\CodeIgniter->handleRequest(NULL, Object(Config\Cache), false)
#6 C:\xampp\htdocs\motorepuestosjc\index.php(45): CodeIgniter\CodeIgniter->run()
#7 {main}
CRITICAL - 2020-09-07 14:25:33 --> Invalid file: {0}
#0 C:\xampp\htdocs\motorepuestosjc\system\View\View.php(228): CodeIgniter\Exceptions\FrameworkException::forInvalidFile('modificar_usuar...')
#1 C:\xampp\htdocs\motorepuestosjc\system\Common.php(1119): CodeIgniter\View\View->render('modificar_usuar...', Array, true)
#2 C:\xampp\htdocs\motorepuestosjc\app\Controllers\VisualizarUsuario.php(22): view('modificar_usuar...')
#3 C:\xampp\htdocs\motorepuestosjc\system\CodeIgniter.php(920): App\Controllers\VisualizarUsuario->update('2')
#4 C:\xampp\htdocs\motorepuestosjc\system\CodeIgniter.php(406): CodeIgniter\CodeIgniter->runController(Object(App\Controllers\VisualizarUsuario))
#5 C:\xampp\htdocs\motorepuestosjc\system\CodeIgniter.php(314): CodeIgniter\CodeIgniter->handleRequest(NULL, Object(Config\Cache), false)
#6 C:\xampp\htdocs\motorepuestosjc\index.php(45): CodeIgniter\CodeIgniter->run()
#7 {main}
CRITICAL - 2020-09-07 14:28:18 --> Invalid file: {0}
#0 C:\xampp\htdocs\motorepuestosjc\system\View\View.php(228): CodeIgniter\Exceptions\FrameworkException::forInvalidFile('modificar_usuar...')
#1 C:\xampp\htdocs\motorepuestosjc\system\Common.php(1119): CodeIgniter\View\View->render('modificar_usuar...', Array, true)
#2 C:\xampp\htdocs\motorepuestosjc\app\Controllers\VisualizarUsuario.php(22): view('modificar_usuar...')
#3 C:\xampp\htdocs\motorepuestosjc\system\CodeIgniter.php(920): App\Controllers\VisualizarUsuario->update('2')
#4 C:\xampp\htdocs\motorepuestosjc\system\CodeIgniter.php(406): CodeIgniter\CodeIgniter->runController(Object(App\Controllers\VisualizarUsuario))
#5 C:\xampp\htdocs\motorepuestosjc\system\CodeIgniter.php(314): CodeIgniter\CodeIgniter->handleRequest(NULL, Object(Config\Cache), false)
#6 C:\xampp\htdocs\motorepuestosjc\index.php(45): CodeIgniter\CodeIgniter->run()
#7 {main}
CRITICAL - 2020-09-07 14:28:21 --> Invalid file: {0}
#0 C:\xampp\htdocs\motorepuestosjc\system\View\View.php(228): CodeIgniter\Exceptions\FrameworkException::forInvalidFile('modificar_usuar...')
#1 C:\xampp\htdocs\motorepuestosjc\system\Common.php(1119): CodeIgniter\View\View->render('modificar_usuar...', Array, true)
#2 C:\xampp\htdocs\motorepuestosjc\app\Controllers\VisualizarUsuario.php(22): view('modificar_usuar...')
#3 C:\xampp\htdocs\motorepuestosjc\system\CodeIgniter.php(920): App\Controllers\VisualizarUsuario->update('2')
#4 C:\xampp\htdocs\motorepuestosjc\system\CodeIgniter.php(406): CodeIgniter\CodeIgniter->runController(Object(App\Controllers\VisualizarUsuario))
#5 C:\xampp\htdocs\motorepuestosjc\system\CodeIgniter.php(314): CodeIgniter\CodeIgniter->handleRequest(NULL, Object(Config\Cache), false)
#6 C:\xampp\htdocs\motorepuestosjc\index.php(45): CodeIgniter\CodeIgniter->run()
#7 {main}
CRITICAL - 2020-09-07 14:28:24 --> Invalid file: {0}
#0 C:\xampp\htdocs\motorepuestosjc\system\View\View.php(228): CodeIgniter\Exceptions\FrameworkException::forInvalidFile('modificar_usuar...')
#1 C:\xampp\htdocs\motorepuestosjc\system\Common.php(1119): CodeIgniter\View\View->render('modificar_usuar...', Array, true)
#2 C:\xampp\htdocs\motorepuestosjc\app\Controllers\VisualizarUsuario.php(22): view('modificar_usuar...')
#3 C:\xampp\htdocs\motorepuestosjc\system\CodeIgniter.php(920): App\Controllers\VisualizarUsuario->update('2')
#4 C:\xampp\htdocs\motorepuestosjc\system\CodeIgniter.php(406): CodeIgniter\CodeIgniter->runController(Object(App\Controllers\VisualizarUsuario))
#5 C:\xampp\htdocs\motorepuestosjc\system\CodeIgniter.php(314): CodeIgniter\CodeIgniter->handleRequest(NULL, Object(Config\Cache), false)
#6 C:\xampp\htdocs\motorepuestosjc\index.php(45): CodeIgniter\CodeIgniter->run()
#7 {main}
CRITICAL - 2020-09-07 15:44:19 --> Unknown column 'public' in 'where clause'
#0 C:\xampp\htdocs\motorepuestosjc\system\Database\MySQLi\Connection.php(331): mysqli->query('UPDATE usuario ...')
#1 C:\xampp\htdocs\motorepuestosjc\system\Database\BaseConnection.php(741): CodeIgniter\Database\MySQLi\Connection->execute('UPDATE usuario ...')
#2 C:\xampp\htdocs\motorepuestosjc\system\Database\BaseConnection.php(669): CodeIgniter\Database\BaseConnection->simpleQuery('UPDATE usuario ...')
#3 C:\xampp\htdocs\motorepuestosjc\app\Controllers\VisualizarUsuario.php(25): CodeIgniter\Database\BaseConnection->query('UPDATE usuario ...')
#4 C:\xampp\htdocs\motorepuestosjc\system\CodeIgniter.php(920): App\Controllers\VisualizarUsuario->delete('public', 'images', 'img.jpg')
#5 C:\xampp\htdocs\motorepuestosjc\system\CodeIgniter.php(406): CodeIgniter\CodeIgniter->runController(Object(App\Controllers\VisualizarUsuario))
#6 C:\xampp\htdocs\motorepuestosjc\system\CodeIgniter.php(314): CodeIgniter\CodeIgniter->handleRequest(NULL, Object(Config\Cache), false)
#7 C:\xampp\htdocs\motorepuestosjc\index.php(45): CodeIgniter\CodeIgniter->run()
#8 {main}
CRITICAL - 2020-09-07 15:49:11 --> Unknown column 'public' in 'where clause'
#0 C:\xampp\htdocs\motorepuestosjc\system\Database\MySQLi\Connection.php(331): mysqli->query('UPDATE usuario ...')
#1 C:\xampp\htdocs\motorepuestosjc\system\Database\BaseConnection.php(741): CodeIgniter\Database\MySQLi\Connection->execute('UPDATE usuario ...')
#2 C:\xampp\htdocs\motorepuestosjc\system\Database\BaseConnection.php(669): CodeIgniter\Database\BaseConnection->simpleQuery('UPDATE usuario ...')
#3 C:\xampp\htdocs\motorepuestosjc\app\Controllers\VisualizarUsuario.php(25): CodeIgniter\Database\BaseConnection->query('UPDATE usuario ...')
#4 C:\xampp\htdocs\motorepuestosjc\system\CodeIgniter.php(920): App\Controllers\VisualizarUsuario->delete('public', 'images', 'img.jpg')
#5 C:\xampp\htdocs\motorepuestosjc\system\CodeIgniter.php(406): CodeIgniter\CodeIgniter->runController(Object(App\Controllers\VisualizarUsuario))
#6 C:\xampp\htdocs\motorepuestosjc\system\CodeIgniter.php(314): CodeIgniter\CodeIgniter->handleRequest(NULL, Object(Config\Cache), false)
#7 C:\xampp\htdocs\motorepuestosjc\index.php(45): CodeIgniter\CodeIgniter->run()
#8 {main}
CRITICAL - 2020-09-07 15:51:05 --> Unknown column 'public' in 'where clause'
#0 C:\xampp\htdocs\motorepuestosjc\system\Database\MySQLi\Connection.php(331): mysqli->query('UPDATE usuario ...')
#1 C:\xampp\htdocs\motorepuestosjc\system\Database\BaseConnection.php(741): CodeIgniter\Database\MySQLi\Connection->execute('UPDATE usuario ...')
#2 C:\xampp\htdocs\motorepuestosjc\system\Database\BaseConnection.php(669): CodeIgniter\Database\BaseConnection->simpleQuery('UPDATE usuario ...')
#3 C:\xampp\htdocs\motorepuestosjc\app\Controllers\VisualizarUsuario.php(25): CodeIgniter\Database\BaseConnection->query('UPDATE usuario ...')
#4 C:\xampp\htdocs\motorepuestosjc\system\CodeIgniter.php(920): App\Controllers\VisualizarUsuario->delete('public', 'images', 'img.jpg')
#5 C:\xampp\htdocs\motorepuestosjc\system\CodeIgniter.php(406): CodeIgniter\CodeIgniter->runController(Object(App\Controllers\VisualizarUsuario))
#6 C:\xampp\htdocs\motorepuestosjc\system\CodeIgniter.php(314): CodeIgniter\CodeIgniter->handleRequest(NULL, Object(Config\Cache), false)
#7 C:\xampp\htdocs\motorepuestosjc\index.php(45): CodeIgniter\CodeIgniter->run()
#8 {main}
CRITICAL - 2020-09-07 15:51:08 --> Unknown column 'public' in 'where clause'
#0 C:\xampp\htdocs\motorepuestosjc\system\Database\MySQLi\Connection.php(331): mysqli->query('UPDATE usuario ...')
#1 C:\xampp\htdocs\motorepuestosjc\system\Database\BaseConnection.php(741): CodeIgniter\Database\MySQLi\Connection->execute('UPDATE usuario ...')
#2 C:\xampp\htdocs\motorepuestosjc\system\Database\BaseConnection.php(669): CodeIgniter\Database\BaseConnection->simpleQuery('UPDATE usuario ...')
#3 C:\xampp\htdocs\motorepuestosjc\app\Controllers\VisualizarUsuario.php(25): CodeIgniter\Database\BaseConnection->query('UPDATE usuario ...')
#4 C:\xampp\htdocs\motorepuestosjc\system\CodeIgniter.php(920): App\Controllers\VisualizarUsuario->delete('public', 'images', 'img.jpg')
#5 C:\xampp\htdocs\motorepuestosjc\system\CodeIgniter.php(406): CodeIgniter\CodeIgniter->runController(Object(App\Controllers\VisualizarUsuario))
#6 C:\xampp\htdocs\motorepuestosjc\system\CodeIgniter.php(314): CodeIgniter\CodeIgniter->handleRequest(NULL, Object(Config\Cache), false)
#7 C:\xampp\htdocs\motorepuestosjc\index.php(45): CodeIgniter\CodeIgniter->run()
#8 {main}
CRITICAL - 2020-09-07 15:51:11 --> Unknown column 'public' in 'where clause'
#0 C:\xampp\htdocs\motorepuestosjc\system\Database\MySQLi\Connection.php(331): mysqli->query('UPDATE usuario ...')
#1 C:\xampp\htdocs\motorepuestosjc\system\Database\BaseConnection.php(741): CodeIgniter\Database\MySQLi\Connection->execute('UPDATE usuario ...')
#2 C:\xampp\htdocs\motorepuestosjc\system\Database\BaseConnection.php(669): CodeIgniter\Database\BaseConnection->simpleQuery('UPDATE usuario ...')
#3 C:\xampp\htdocs\motorepuestosjc\app\Controllers\VisualizarUsuario.php(25): CodeIgniter\Database\BaseConnection->query('UPDATE usuario ...')
#4 C:\xampp\htdocs\motorepuestosjc\system\CodeIgniter.php(920): App\Controllers\VisualizarUsuario->delete('public', 'images', 'img.jpg')
#5 C:\xampp\htdocs\motorepuestosjc\system\CodeIgniter.php(406): CodeIgniter\CodeIgniter->runController(Object(App\Controllers\VisualizarUsuario))
#6 C:\xampp\htdocs\motorepuestosjc\system\CodeIgniter.php(314): CodeIgniter\CodeIgniter->handleRequest(NULL, Object(Config\Cache), false)
#7 C:\xampp\htdocs\motorepuestosjc\index.php(45): CodeIgniter\CodeIgniter->run()
#8 {main}
CRITICAL - 2020-09-07 15:51:16 --> Unknown column 'public' in 'where clause'
#0 C:\xampp\htdocs\motorepuestosjc\system\Database\MySQLi\Connection.php(331): mysqli->query('UPDATE usuario ...')
#1 C:\xampp\htdocs\motorepuestosjc\system\Database\BaseConnection.php(741): CodeIgniter\Database\MySQLi\Connection->execute('UPDATE usuario ...')
#2 C:\xampp\htdocs\motorepuestosjc\system\Database\BaseConnection.php(669): CodeIgniter\Database\BaseConnection->simpleQuery('UPDATE usuario ...')
#3 C:\xampp\htdocs\motorepuestosjc\app\Controllers\VisualizarUsuario.php(25): CodeIgniter\Database\BaseConnection->query('UPDATE usuario ...')
#4 C:\xampp\htdocs\motorepuestosjc\system\CodeIgniter.php(920): App\Controllers\VisualizarUsuario->delete('public', 'images', 'img.jpg')
#5 C:\xampp\htdocs\motorepuestosjc\system\CodeIgniter.php(406): CodeIgniter\CodeIgniter->runController(Object(App\Controllers\VisualizarUsuario))
#6 C:\xampp\htdocs\motorepuestosjc\system\CodeIgniter.php(314): CodeIgniter\CodeIgniter->handleRequest(NULL, Object(Config\Cache), false)
#7 C:\xampp\htdocs\motorepuestosjc\index.php(45): CodeIgniter\CodeIgniter->run()
#8 {main}
CRITICAL - 2020-09-07 15:57:42 --> syntax error, unexpected 'echo' (T_ECHO)
#0 C:\xampp\htdocs\motorepuestosjc\system\Router\Router.php(195): CodeIgniter\Router\Router->autoRoute('visualizarusuar...')
#1 C:\xampp\htdocs\motorepuestosjc\system\CodeIgniter.php(795): CodeIgniter\Router\Router->handle('visualizarusuar...')
#2 C:\xampp\htdocs\motorepuestosjc\system\CodeIgniter.php(366): CodeIgniter\CodeIgniter->tryToRouteIt(Object(CodeIgniter\Router\RouteCollection))
#3 C:\xampp\htdocs\motorepuestosjc\system\CodeIgniter.php(314): CodeIgniter\CodeIgniter->handleRequest(NULL, Object(Config\Cache), false)
#4 C:\xampp\htdocs\motorepuestosjc\index.php(45): CodeIgniter\CodeIgniter->run()
#5 {main}
CRITICAL - 2020-09-07 15:58:05 --> Invalid file: {0}
#0 C:\xampp\htdocs\motorepuestosjc\system\View\View.php(228): CodeIgniter\Exceptions\FrameworkException::forInvalidFile('modificar_usuar...')
#1 C:\xampp\htdocs\motorepuestosjc\system\Common.php(1119): CodeIgniter\View\View->render('modificar_usuar...', Array, true)
#2 C:\xampp\htdocs\motorepuestosjc\app\Controllers\VisualizarUsuario.php(20): view('modificar_usuar...')
#3 C:\xampp\htdocs\motorepuestosjc\system\CodeIgniter.php(920): App\Controllers\VisualizarUsuario->update('1')
#4 C:\xampp\htdocs\motorepuestosjc\system\CodeIgniter.php(406): CodeIgniter\CodeIgniter->runController(Object(App\Controllers\VisualizarUsuario))
#5 C:\xampp\htdocs\motorepuestosjc\system\CodeIgniter.php(314): CodeIgniter\CodeIgniter->handleRequest(NULL, Object(Config\Cache), false)
#6 C:\xampp\htdocs\motorepuestosjc\index.php(45): CodeIgniter\CodeIgniter->run()
#7 {main}
CRITICAL - 2020-09-07 15:59:23 --> Invalid file: {0}
#0 C:\xampp\htdocs\motorepuestosjc\system\View\View.php(228): CodeIgniter\Exceptions\FrameworkException::forInvalidFile('modificar_usuar...')
#1 C:\xampp\htdocs\motorepuestosjc\system\Common.php(1119): CodeIgniter\View\View->render('modificar_usuar...', Array, true)
#2 C:\xampp\htdocs\motorepuestosjc\app\Controllers\VisualizarUsuario.php(20): view('modificar_usuar...')
#3 C:\xampp\htdocs\motorepuestosjc\system\CodeIgniter.php(920): App\Controllers\VisualizarUsuario->update('1')
#4 C:\xampp\htdocs\motorepuestosjc\system\CodeIgniter.php(406): CodeIgniter\CodeIgniter->runController(Object(App\Controllers\VisualizarUsuario))
#5 C:\xampp\htdocs\motorepuestosjc\system\CodeIgniter.php(314): CodeIgniter\CodeIgniter->handleRequest(NULL, Object(Config\Cache), false)
#6 C:\xampp\htdocs\motorepuestosjc\index.php(45): CodeIgniter\CodeIgniter->run()
#7 {main}
CRITICAL - 2020-09-07 15:59:58 --> Call to undefined function form_open()
#0 C:\xampp\htdocs\motorepuestosjc\system\View\View.php(246): include()
#1 C:\xampp\htdocs\motorepuestosjc\system\Common.php(1119): CodeIgniter\View\View->render('mofidicar_usuar...', Array, true)
#2 C:\xampp\htdocs\motorepuestosjc\app\Controllers\VisualizarUsuario.php(20): view('mofidicar_usuar...')
#3 C:\xampp\htdocs\motorepuestosjc\system\CodeIgniter.php(920): App\Controllers\VisualizarUsuario->update('1')
#4 C:\xampp\htdocs\motorepuestosjc\system\CodeIgniter.php(406): CodeIgniter\CodeIgniter->runController(Object(App\Controllers\VisualizarUsuario))
#5 C:\xampp\htdocs\motorepuestosjc\system\CodeIgniter.php(314): CodeIgniter\CodeIgniter->handleRequest(NULL, Object(Config\Cache), false)
#6 C:\xampp\htdocs\motorepuestosjc\index.php(45): CodeIgniter\CodeIgniter->run()
#7 {main}
CRITICAL - 2020-09-07 16:00:12 --> syntax error, unexpected '?>'
#0 C:\xampp\htdocs\motorepuestosjc\system\Common.php(1119): CodeIgniter\View\View->render('mofidicar_usuar...', Array, true)
#1 C:\xampp\htdocs\motorepuestosjc\app\Controllers\VisualizarUsuario.php(20): view('mofidicar_usuar...')
#2 C:\xampp\htdocs\motorepuestosjc\system\CodeIgniter.php(920): App\Controllers\VisualizarUsuario->update('1')
#3 C:\xampp\htdocs\motorepuestosjc\system\CodeIgniter.php(406): CodeIgniter\CodeIgniter->runController(Object(App\Controllers\VisualizarUsuario))
#4 C:\xampp\htdocs\motorepuestosjc\system\CodeIgniter.php(314): CodeIgniter\CodeIgniter->handleRequest(NULL, Object(Config\Cache), false)
#5 C:\xampp\htdocs\motorepuestosjc\index.php(45): CodeIgniter\CodeIgniter->run()
#6 {main}
CRITICAL - 2020-09-07 16:08:34 --> Call to undefined function form_open()
#0 C:\xampp\htdocs\motorepuestosjc\system\View\View.php(246): include()
#1 C:\xampp\htdocs\motorepuestosjc\system\Common.php(1119): CodeIgniter\View\View->render('mofidicar_usuar...', Array, true)
#2 C:\xampp\htdocs\motorepuestosjc\app\Controllers\VisualizarUsuario.php(20): view('mofidicar_usuar...')
#3 C:\xampp\htdocs\motorepuestosjc\system\CodeIgniter.php(920): App\Controllers\VisualizarUsuario->update('1')
#4 C:\xampp\htdocs\motorepuestosjc\system\CodeIgniter.php(406): CodeIgniter\CodeIgniter->runController(Object(App\Controllers\VisualizarUsuario))
#5 C:\xampp\htdocs\motorepuestosjc\system\CodeIgniter.php(314): CodeIgniter\CodeIgniter->handleRequest(NULL, Object(Config\Cache), false)
#6 C:\xampp\htdocs\motorepuestosjc\index.php(45): CodeIgniter\CodeIgniter->run()
#7 {main}
CRITICAL - 2020-09-07 16:15:54 --> syntax error, unexpected '=>' (T_DOUBLE_ARROW), expecting ',' or ')'
#0 C:\xampp\htdocs\motorepuestosjc\system\Common.php(1119): CodeIgniter\View\View->render('mofidicar_usuar...', Array, true)
#1 C:\xampp\htdocs\motorepuestosjc\app\Controllers\VisualizarUsuario.php(21): view('mofidicar_usuar...')
#2 C:\xampp\htdocs\motorepuestosjc\system\CodeIgniter.php(920): App\Controllers\VisualizarUsuario->update('1')
#3 C:\xampp\htdocs\motorepuestosjc\system\CodeIgniter.php(406): CodeIgniter\CodeIgniter->runController(Object(App\Controllers\VisualizarUsuario))
#4 C:\xampp\htdocs\motorepuestosjc\system\CodeIgniter.php(314): CodeIgniter\CodeIgniter->handleRequest(NULL, Object(Config\Cache), false)
#5 C:\xampp\htdocs\motorepuestosjc\index.php(45): CodeIgniter\CodeIgniter->run()
#6 {main}
CRITICAL - 2020-09-07 16:16:40 --> syntax error, unexpected ''required'' (T_CONSTANT_ENCAPSED_STRING), expecting ']'
#0 C:\xampp\htdocs\motorepuestosjc\system\Common.php(1119): CodeIgniter\View\View->render('mofidicar_usuar...', Array, true)
#1 C:\xampp\htdocs\motorepuestosjc\app\Controllers\VisualizarUsuario.php(21): view('mofidicar_usuar...')
#2 C:\xampp\htdocs\motorepuestosjc\system\CodeIgniter.php(920): App\Controllers\VisualizarUsuario->update('1')
#3 C:\xampp\htdocs\motorepuestosjc\system\CodeIgniter.php(406): CodeIgniter\CodeIgniter->runController(Object(App\Controllers\VisualizarUsuario))
#4 C:\xampp\htdocs\motorepuestosjc\system\CodeIgniter.php(314): CodeIgniter\CodeIgniter->handleRequest(NULL, Object(Config\Cache), false)
#5 C:\xampp\htdocs\motorepuestosjc\index.php(45): CodeIgniter\CodeIgniter->run()
#6 {main}
CRITICAL - 2020-09-07 16:16:43 --> syntax error, unexpected ''required'' (T_CONSTANT_ENCAPSED_STRING), expecting ']'
#0 C:\xampp\htdocs\motorepuestosjc\system\Common.php(1119): CodeIgniter\View\View->render('mofidicar_usuar...', Array, true)
#1 C:\xampp\htdocs\motorepuestosjc\app\Controllers\VisualizarUsuario.php(21): view('mofidicar_usuar...')
#2 C:\xampp\htdocs\motorepuestosjc\system\CodeIgniter.php(920): App\Controllers\VisualizarUsuario->update('1')
#3 C:\xampp\htdocs\motorepuestosjc\system\CodeIgniter.php(406): CodeIgniter\CodeIgniter->runController(Object(App\Controllers\VisualizarUsuario))
#4 C:\xampp\htdocs\motorepuestosjc\system\CodeIgniter.php(314): CodeIgniter\CodeIgniter->handleRequest(NULL, Object(Config\Cache), false)
#5 C:\xampp\htdocs\motorepuestosjc\index.php(45): CodeIgniter\CodeIgniter->run()
#6 {main}
CRITICAL - 2020-09-07 16:39:13 --> syntax error, unexpected 'foreach' (T_FOREACH), expecting ']'
#0 C:\xampp\htdocs\motorepuestosjc\system\Common.php(1119): CodeIgniter\View\View->render('mofidicar_usuar...', Array, true)
#1 C:\xampp\htdocs\motorepuestosjc\app\Controllers\VisualizarUsuario.php(21): view('mofidicar_usuar...')
#2 C:\xampp\htdocs\motorepuestosjc\system\CodeIgniter.php(920): App\Controllers\VisualizarUsuario->update('1')
#3 C:\xampp\htdocs\motorepuestosjc\system\CodeIgniter.php(406): CodeIgniter\CodeIgniter->runController(Object(App\Controllers\VisualizarUsuario))
#4 C:\xampp\htdocs\motorepuestosjc\system\CodeIgniter.php(314): CodeIgniter\CodeIgniter->handleRequest(NULL, Object(Config\Cache), false)
#5 C:\xampp\htdocs\motorepuestosjc\index.php(45): CodeIgniter\CodeIgniter->run()
#6 {main}
CRITICAL - 2020-09-07 16:40:44 --> Invalid file: {0}
#0 C:\xampp\htdocs\motorepuestosjc\system\View\View.php(228): CodeIgniter\Exceptions\FrameworkException::forInvalidFile('modificar.php')
#1 C:\xampp\htdocs\motorepuestosjc\system\Common.php(1119): CodeIgniter\View\View->render('modificar', Array, true)
#2 C:\xampp\htdocs\motorepuestosjc\app\Controllers\VisualizarUsuario.php(27): view('modificar', Array)
#3 C:\xampp\htdocs\motorepuestosjc\system\CodeIgniter.php(920): App\Controllers\VisualizarUsuario->update('1')
#4 C:\xampp\htdocs\motorepuestosjc\system\CodeIgniter.php(406): CodeIgniter\CodeIgniter->runController(Object(App\Controllers\VisualizarUsuario))
#5 C:\xampp\htdocs\motorepuestosjc\system\CodeIgniter.php(314): CodeIgniter\CodeIgniter->handleRequest(NULL, Object(Config\Cache), false)
#6 C:\xampp\htdocs\motorepuestosjc\index.php(45): CodeIgniter\CodeIgniter->run()
#7 {main}
CRITICAL - 2020-09-07 16:40:45 --> Invalid file: {0}
#0 C:\xampp\htdocs\motorepuestosjc\system\View\View.php(228): CodeIgniter\Exceptions\FrameworkException::forInvalidFile('modificar.php')
#1 C:\xampp\htdocs\motorepuestosjc\system\Common.php(1119): CodeIgniter\View\View->render('modificar', Array, true)
#2 C:\xampp\htdocs\motorepuestosjc\app\Controllers\VisualizarUsuario.php(27): view('modificar', Array)
#3 C:\xampp\htdocs\motorepuestosjc\system\CodeIgniter.php(920): App\Controllers\VisualizarUsuario->update('public', 'images', 'img.jpg')
#4 C:\xampp\htdocs\motorepuestosjc\system\CodeIgniter.php(406): CodeIgniter\CodeIgniter->runController(Object(App\Controllers\VisualizarUsuario))
#5 C:\xampp\htdocs\motorepuestosjc\system\CodeIgniter.php(314): CodeIgniter\CodeIgniter->handleRequest(NULL, Object(Config\Cache), false)
#6 C:\xampp\htdocs\motorepuestosjc\index.php(45): CodeIgniter\CodeIgniter->run()
#7 {main}
CRITICAL - 2020-09-07 16:40:56 --> syntax error, unexpected 'foreach' (T_FOREACH), expecting ']'
#0 C:\xampp\htdocs\motorepuestosjc\system\Common.php(1119): CodeIgniter\View\View->render('mofidicar_usuar...', Array, true)
#1 C:\xampp\htdocs\motorepuestosjc\app\Controllers\VisualizarUsuario.php(27): view('mofidicar_usuar...', Array)
#2 C:\xampp\htdocs\motorepuestosjc\system\CodeIgniter.php(920): App\Controllers\VisualizarUsuario->update('1')
#3 C:\xampp\htdocs\motorepuestosjc\system\CodeIgniter.php(406): CodeIgniter\CodeIgniter->runController(Object(App\Controllers\VisualizarUsuario))
#4 C:\xampp\htdocs\motorepuestosjc\system\CodeIgniter.php(314): CodeIgniter\CodeIgniter->handleRequest(NULL, Object(Config\Cache), false)
#5 C:\xampp\htdocs\motorepuestosjc\index.php(45): CodeIgniter\CodeIgniter->run()
#6 {main}
CRITICAL - 2020-09-07 16:40:56 --> syntax error, unexpected 'foreach' (T_FOREACH), expecting ']'
#0 C:\xampp\htdocs\motorepuestosjc\system\Common.php(1119): CodeIgniter\View\View->render('mofidicar_usuar...', Array, true)
#1 C:\xampp\htdocs\motorepuestosjc\app\Controllers\VisualizarUsuario.php(27): view('mofidicar_usuar...', Array)
#2 C:\xampp\htdocs\motorepuestosjc\system\CodeIgniter.php(920): App\Controllers\VisualizarUsuario->update('public', 'images', 'img.jpg')
#3 C:\xampp\htdocs\motorepuestosjc\system\CodeIgniter.php(406): CodeIgniter\CodeIgniter->runController(Object(App\Controllers\VisualizarUsuario))
#4 C:\xampp\htdocs\motorepuestosjc\system\CodeIgniter.php(314): CodeIgniter\CodeIgniter->handleRequest(NULL, Object(Config\Cache), false)
#5 C:\xampp\htdocs\motorepuestosjc\index.php(45): CodeIgniter\CodeIgniter->run()
#6 {main}
CRITICAL - 2020-09-07 16:41:36 --> syntax error, unexpected 'foreach' (T_FOREACH), expecting ']'
#0 C:\xampp\htdocs\motorepuestosjc\system\Common.php(1119): CodeIgniter\View\View->render('mofidicar_usuar...', Array, true)
#1 C:\xampp\htdocs\motorepuestosjc\app\Controllers\VisualizarUsuario.php(27): view('mofidicar_usuar...', Array)
#2 C:\xampp\htdocs\motorepuestosjc\system\CodeIgniter.php(920): App\Controllers\VisualizarUsuario->update('1')
#3 C:\xampp\htdocs\motorepuestosjc\system\CodeIgniter.php(406): CodeIgniter\CodeIgniter->runController(Object(App\Controllers\VisualizarUsuario))
#4 C:\xampp\htdocs\motorepuestosjc\system\CodeIgniter.php(314): CodeIgniter\CodeIgniter->handleRequest(NULL, Object(Config\Cache), false)
#5 C:\xampp\htdocs\motorepuestosjc\index.php(45): CodeIgniter\CodeIgniter->run()
#6 {main}
CRITICAL - 2020-09-07 16:45:38 --> Undefined index: idperfil
#0 C:\xampp\htdocs\motorepuestosjc\app\Views\mofidicar_usuario.php(80): CodeIgniter\Debug\Exceptions->errorHandler(8, 'Undefined index...', 'C:\\xampp\\htdocs...', 80, Array)
#1 C:\xampp\htdocs\motorepuestosjc\system\View\View.php(246): include('C:\\xampp\\htdocs...')
#2 C:\xampp\htdocs\motorepuestosjc\system\Common.php(1119): CodeIgniter\View\View->render('mofidicar_usuar...', Array, true)
#3 C:\xampp\htdocs\motorepuestosjc\app\Controllers\VisualizarUsuario.php(27): view('mofidicar_usuar...', Array)
#4 C:\xampp\htdocs\motorepuestosjc\system\CodeIgniter.php(920): App\Controllers\VisualizarUsuario->update('1')
#5 C:\xampp\htdocs\motorepuestosjc\system\CodeIgniter.php(406): CodeIgniter\CodeIgniter->runController(Object(App\Controllers\VisualizarUsuario))
#6 C:\xampp\htdocs\motorepuestosjc\system\CodeIgniter.php(314): CodeIgniter\CodeIgniter->handleRequest(NULL, Object(Config\Cache), false)
#7 C:\xampp\htdocs\motorepuestosjc\index.php(45): CodeIgniter\CodeIgniter->run()
#8 {main}
CRITICAL - 2020-09-07 16:46:07 --> syntax error, unexpected 'as' (T_AS), expecting ',' or ')'
#0 C:\xampp\htdocs\motorepuestosjc\system\Common.php(1119): CodeIgniter\View\View->render('mofidicar_usuar...', Array, true)
#1 C:\xampp\htdocs\motorepuestosjc\app\Controllers\VisualizarUsuario.php(27): view('mofidicar_usuar...', Array)
#2 C:\xampp\htdocs\motorepuestosjc\system\CodeIgniter.php(920): App\Controllers\VisualizarUsuario->update('1')
#3 C:\xampp\htdocs\motorepuestosjc\system\CodeIgniter.php(406): CodeIgniter\CodeIgniter->runController(Object(App\Controllers\VisualizarUsuario))
#4 C:\xampp\htdocs\motorepuestosjc\system\CodeIgniter.php(314): CodeIgniter\CodeIgniter->handleRequest(NULL, Object(Config\Cache), false)
#5 C:\xampp\htdocs\motorepuestosjc\index.php(45): CodeIgniter\CodeIgniter->run()
#6 {main}
CRITICAL - 2020-09-07 16:46:39 --> syntax error, unexpected 'as' (T_AS)
#0 C:\xampp\htdocs\motorepuestosjc\system\Common.php(1119): CodeIgniter\View\View->render('mofidicar_usuar...', Array, true)
#1 C:\xampp\htdocs\motorepuestosjc\app\Controllers\VisualizarUsuario.php(27): view('mofidicar_usuar...', Array)
#2 C:\xampp\htdocs\motorepuestosjc\system\CodeIgniter.php(920): App\Controllers\VisualizarUsuario->update('1')
#3 C:\xampp\htdocs\motorepuestosjc\system\CodeIgniter.php(406): CodeIgniter\CodeIgniter->runController(Object(App\Controllers\VisualizarUsuario))
#4 C:\xampp\htdocs\motorepuestosjc\system\CodeIgniter.php(314): CodeIgniter\CodeIgniter->handleRequest(NULL, Object(Config\Cache), false)
#5 C:\xampp\htdocs\motorepuestosjc\index.php(45): CodeIgniter\CodeIgniter->run()
#6 {main}
CRITICAL - 2020-09-07 16:57:27 --> syntax error, unexpected '}'
#0 C:\xampp\htdocs\motorepuestosjc\system\Common.php(1119): CodeIgniter\View\View->render('mofidicar_usuar...', Array, true)
#1 C:\xampp\htdocs\motorepuestosjc\app\Controllers\VisualizarUsuario.php(27): view('mofidicar_usuar...', Array)
#2 C:\xampp\htdocs\motorepuestosjc\system\CodeIgniter.php(920): App\Controllers\VisualizarUsuario->update('1')
#3 C:\xampp\htdocs\motorepuestosjc\system\CodeIgniter.php(406): CodeIgniter\CodeIgniter->runController(Object(App\Controllers\VisualizarUsuario))
#4 C:\xampp\htdocs\motorepuestosjc\system\CodeIgniter.php(314): CodeIgniter\CodeIgniter->handleRequest(NULL, Object(Config\Cache), false)
#5 C:\xampp\htdocs\motorepuestosjc\index.php(45): CodeIgniter\CodeIgniter->run()
#6 {main}
CRITICAL - 2020-09-07 16:57:28 --> syntax error, unexpected '}'
#0 C:\xampp\htdocs\motorepuestosjc\system\Common.php(1119): CodeIgniter\View\View->render('mofidicar_usuar...', Array, true)
#1 C:\xampp\htdocs\motorepuestosjc\app\Controllers\VisualizarUsuario.php(27): view('mofidicar_usuar...', Array)
#2 C:\xampp\htdocs\motorepuestosjc\system\CodeIgniter.php(920): App\Controllers\VisualizarUsuario->update('1')
#3 C:\xampp\htdocs\motorepuestosjc\system\CodeIgniter.php(406): CodeIgniter\CodeIgniter->runController(Object(App\Controllers\VisualizarUsuario))
#4 C:\xampp\htdocs\motorepuestosjc\system\CodeIgniter.php(314): CodeIgniter\CodeIgniter->handleRequest(NULL, Object(Config\Cache), false)
#5 C:\xampp\htdocs\motorepuestosjc\index.php(45): CodeIgniter\CodeIgniter->run()
#6 {main}
CRITICAL - 2020-09-07 16:57:38 --> Undefined variable: datos2
#0 C:\xampp\htdocs\motorepuestosjc\app\Views\mofidicar_usuario.php(81): CodeIgniter\Debug\Exceptions->errorHandler(8, 'Undefined varia...', 'C:\\xampp\\htdocs...', 81, Array)
#1 C:\xampp\htdocs\motorepuestosjc\system\View\View.php(246): include('C:\\xampp\\htdocs...')
#2 C:\xampp\htdocs\motorepuestosjc\system\Common.php(1119): CodeIgniter\View\View->render('mofidicar_usuar...', Array, true)
#3 C:\xampp\htdocs\motorepuestosjc\app\Controllers\VisualizarUsuario.php(27): view('mofidicar_usuar...', Array)
#4 C:\xampp\htdocs\motorepuestosjc\system\CodeIgniter.php(920): App\Controllers\VisualizarUsuario->update('1')
#5 C:\xampp\htdocs\motorepuestosjc\system\CodeIgniter.php(406): CodeIgniter\CodeIgniter->runController(Object(App\Controllers\VisualizarUsuario))
#6 C:\xampp\htdocs\motorepuestosjc\system\CodeIgniter.php(314): CodeIgniter\CodeIgniter->handleRequest(NULL, Object(Config\Cache), false)
#7 C:\xampp\htdocs\motorepuestosjc\index.php(45): CodeIgniter\CodeIgniter->run()
#8 {main}
CRITICAL - 2020-09-07 16:58:20 --> Undefined variable: datos2
#0 C:\xampp\htdocs\motorepuestosjc\app\Views\mofidicar_usuario.php(84): CodeIgniter\Debug\Exceptions->errorHandler(8, 'Undefined varia...', 'C:\\xampp\\htdocs...', 84, Array)
#1 C:\xampp\htdocs\motorepuestosjc\system\View\View.php(246): include('C:\\xampp\\htdocs...')
#2 C:\xampp\htdocs\motorepuestosjc\system\Common.php(1119): CodeIgniter\View\View->render('mofidicar_usuar...', Array, true)
#3 C:\xampp\htdocs\motorepuestosjc\app\Controllers\VisualizarUsuario.php(27): view('mofidicar_usuar...', Array)
#4 C:\xampp\htdocs\motorepuestosjc\system\CodeIgniter.php(920): App\Controllers\VisualizarUsuario->update('1')
#5 C:\xampp\htdocs\motorepuestosjc\system\CodeIgniter.php(406): CodeIgniter\CodeIgniter->runController(Object(App\Controllers\VisualizarUsuario))
#6 C:\xampp\htdocs\motorepuestosjc\system\CodeIgniter.php(314): CodeIgniter\CodeIgniter->handleRequest(NULL, Object(Config\Cache), false)
#7 C:\xampp\htdocs\motorepuestosjc\index.php(45): CodeIgniter\CodeIgniter->run()
#8 {main}
CRITICAL - 2020-09-07 17:01:44 --> Unknown column 'public' in 'where clause'
#0 C:\xampp\htdocs\motorepuestosjc\system\Database\MySQLi\Connection.php(331): mysqli->query('UPDATE usuario ...')
#1 C:\xampp\htdocs\motorepuestosjc\system\Database\BaseConnection.php(741): CodeIgniter\Database\MySQLi\Connection->execute('UPDATE usuario ...')
#2 C:\xampp\htdocs\motorepuestosjc\system\Database\BaseConnection.php(669): CodeIgniter\Database\BaseConnection->simpleQuery('UPDATE usuario ...')
#3 C:\xampp\htdocs\motorepuestosjc\app\Controllers\VisualizarUsuario.php(34): CodeIgniter\Database\BaseConnection->query('UPDATE usuario ...')
#4 C:\xampp\htdocs\motorepuestosjc\system\CodeIgniter.php(920): App\Controllers\VisualizarUsuario->delete('public', 'images', 'img.jpg')
#5 C:\xampp\htdocs\motorepuestosjc\system\CodeIgniter.php(406): CodeIgniter\CodeIgniter->runController(Object(App\Controllers\VisualizarUsuario))
#6 C:\xampp\htdocs\motorepuestosjc\system\CodeIgniter.php(314): CodeIgniter\CodeIgniter->handleRequest(NULL, Object(Config\Cache), false)
#7 C:\xampp\htdocs\motorepuestosjc\index.php(45): CodeIgniter\CodeIgniter->run()
#8 {main}
CRITICAL - 2020-09-07 17:01:51 --> Unknown column 'public' in 'where clause'
#0 C:\xampp\htdocs\motorepuestosjc\system\Database\MySQLi\Connection.php(331): mysqli->query('UPDATE usuario ...')
#1 C:\xampp\htdocs\motorepuestosjc\system\Database\BaseConnection.php(741): CodeIgniter\Database\MySQLi\Connection->execute('UPDATE usuario ...')
#2 C:\xampp\htdocs\motorepuestosjc\system\Database\BaseConnection.php(669): CodeIgniter\Database\BaseConnection->simpleQuery('UPDATE usuario ...')
#3 C:\xampp\htdocs\motorepuestosjc\app\Controllers\VisualizarUsuario.php(34): CodeIgniter\Database\BaseConnection->query('UPDATE usuario ...')
#4 C:\xampp\htdocs\motorepuestosjc\system\CodeIgniter.php(920): App\Controllers\VisualizarUsuario->delete('public', 'images', 'img.jpg')
#5 C:\xampp\htdocs\motorepuestosjc\system\CodeIgniter.php(406): CodeIgniter\CodeIgniter->runController(Object(App\Controllers\VisualizarUsuario))
#6 C:\xampp\htdocs\motorepuestosjc\system\CodeIgniter.php(314): CodeIgniter\CodeIgniter->handleRequest(NULL, Object(Config\Cache), false)
#7 C:\xampp\htdocs\motorepuestosjc\index.php(45): CodeIgniter\CodeIgniter->run()
#8 {main}
CRITICAL - 2020-09-07 17:05:34 --> Unknown column 'public' in 'where clause'
#0 C:\xampp\htdocs\motorepuestosjc\system\Database\MySQLi\Connection.php(331): mysqli->query('UPDATE usuario ...')
#1 C:\xampp\htdocs\motorepuestosjc\system\Database\BaseConnection.php(741): CodeIgniter\Database\MySQLi\Connection->execute('UPDATE usuario ...')
#2 C:\xampp\htdocs\motorepuestosjc\system\Database\BaseConnection.php(669): CodeIgniter\Database\BaseConnection->simpleQuery('UPDATE usuario ...')
#3 C:\xampp\htdocs\motorepuestosjc\app\Controllers\VisualizarUsuario.php(34): CodeIgniter\Database\BaseConnection->query('UPDATE usuario ...')
#4 C:\xampp\htdocs\motorepuestosjc\system\CodeIgniter.php(920): App\Controllers\VisualizarUsuario->delete('public', 'images', 'img.jpg')
#5 C:\xampp\htdocs\motorepuestosjc\system\CodeIgniter.php(406): CodeIgniter\CodeIgniter->runController(Object(App\Controllers\VisualizarUsuario))
#6 C:\xampp\htdocs\motorepuestosjc\system\CodeIgniter.php(314): CodeIgniter\CodeIgniter->handleRequest(NULL, Object(Config\Cache), false)
#7 C:\xampp\htdocs\motorepuestosjc\index.php(45): CodeIgniter\CodeIgniter->run()
#8 {main}
CRITICAL - 2020-09-07 17:05:36 --> Unknown column 'public' in 'where clause'
#0 C:\xampp\htdocs\motorepuestosjc\system\Database\MySQLi\Connection.php(331): mysqli->query('UPDATE usuario ...')
#1 C:\xampp\htdocs\motorepuestosjc\system\Database\BaseConnection.php(741): CodeIgniter\Database\MySQLi\Connection->execute('UPDATE usuario ...')
#2 C:\xampp\htdocs\motorepuestosjc\system\Database\BaseConnection.php(669): CodeIgniter\Database\BaseConnection->simpleQuery('UPDATE usuario ...')
#3 C:\xampp\htdocs\motorepuestosjc\app\Controllers\VisualizarUsuario.php(34): CodeIgniter\Database\BaseConnection->query('UPDATE usuario ...')
#4 C:\xampp\htdocs\motorepuestosjc\system\CodeIgniter.php(920): App\Controllers\VisualizarUsuario->delete('public', 'images', 'img.jpg')
#5 C:\xampp\htdocs\motorepuestosjc\system\CodeIgniter.php(406): CodeIgniter\CodeIgniter->runController(Object(App\Controllers\VisualizarUsuario))
#6 C:\xampp\htdocs\motorepuestosjc\system\CodeIgniter.php(314): CodeIgniter\CodeIgniter->handleRequest(NULL, Object(Config\Cache), false)
#7 C:\xampp\htdocs\motorepuestosjc\index.php(45): CodeIgniter\CodeIgniter->run()
#8 {main}
CRITICAL - 2020-09-07 17:25:04 --> Unknown column 'public' in 'where clause'
#0 C:\xampp\htdocs\motorepuestosjc\system\Database\MySQLi\Connection.php(331): mysqli->query('UPDATE usuario ...')
#1 C:\xampp\htdocs\motorepuestosjc\system\Database\BaseConnection.php(741): CodeIgniter\Database\MySQLi\Connection->execute('UPDATE usuario ...')
#2 C:\xampp\htdocs\motorepuestosjc\system\Database\BaseConnection.php(669): CodeIgniter\Database\BaseConnection->simpleQuery('UPDATE usuario ...')
#3 C:\xampp\htdocs\motorepuestosjc\app\Controllers\VisualizarUsuario.php(37): CodeIgniter\Database\BaseConnection->query('UPDATE usuario ...')
#4 C:\xampp\htdocs\motorepuestosjc\system\CodeIgniter.php(920): App\Controllers\VisualizarUsuario->delete('public', 'images', 'img.jpg')
#5 C:\xampp\htdocs\motorepuestosjc\system\CodeIgniter.php(406): CodeIgniter\CodeIgniter->runController(Object(App\Controllers\VisualizarUsuario))
#6 C:\xampp\htdocs\motorepuestosjc\system\CodeIgniter.php(314): CodeIgniter\CodeIgniter->handleRequest(NULL, Object(Config\Cache), false)
#7 C:\xampp\htdocs\motorepuestosjc\index.php(45): CodeIgniter\CodeIgniter->run()
#8 {main}
CRITICAL - 2020-09-07 17:25:14 --> Unknown column 'public' in 'where clause'
#0 C:\xampp\htdocs\motorepuestosjc\system\Database\MySQLi\Connection.php(331): mysqli->query('UPDATE usuario ...')
#1 C:\xampp\htdocs\motorepuestosjc\system\Database\BaseConnection.php(741): CodeIgniter\Database\MySQLi\Connection->execute('UPDATE usuario ...')
#2 C:\xampp\htdocs\motorepuestosjc\system\Database\BaseConnection.php(669): CodeIgniter\Database\BaseConnection->simpleQuery('UPDATE usuario ...')
#3 C:\xampp\htdocs\motorepuestosjc\app\Controllers\VisualizarUsuario.php(37): CodeIgniter\Database\BaseConnection->query('UPDATE usuario ...')
#4 C:\xampp\htdocs\motorepuestosjc\system\CodeIgniter.php(920): App\Controllers\VisualizarUsuario->delete('public', 'images', 'img.jpg')
#5 C:\xampp\htdocs\motorepuestosjc\system\CodeIgniter.php(406): CodeIgniter\CodeIgniter->runController(Object(App\Controllers\VisualizarUsuario))
#6 C:\xampp\htdocs\motorepuestosjc\system\CodeIgniter.php(314): CodeIgniter\CodeIgniter->handleRequest(NULL, Object(Config\Cache), false)
#7 C:\xampp\htdocs\motorepuestosjc\index.php(45): CodeIgniter\CodeIgniter->run()
#8 {main}
CRITICAL - 2020-09-07 18:28:30 --> Unknown column 'public' in 'where clause'
#0 C:\xampp\htdocs\motorepuestosjc\system\Database\MySQLi\Connection.php(331): mysqli->query('UPDATE usuario ...')
#1 C:\xampp\htdocs\motorepuestosjc\system\Database\BaseConnection.php(741): CodeIgniter\Database\MySQLi\Connection->execute('UPDATE usuario ...')
#2 C:\xampp\htdocs\motorepuestosjc\system\Database\BaseConnection.php(669): CodeIgniter\Database\BaseConnection->simpleQuery('UPDATE usuario ...')
#3 C:\xampp\htdocs\motorepuestosjc\app\Controllers\VisualizarUsuario.php(38): CodeIgniter\Database\BaseConnection->query('UPDATE usuario ...')
#4 C:\xampp\htdocs\motorepuestosjc\system\CodeIgniter.php(920): App\Controllers\VisualizarUsuario->delete('public', 'images', 'img.jpg')
#5 C:\xampp\htdocs\motorepuestosjc\system\CodeIgniter.php(406): CodeIgniter\CodeIgniter->runController(Object(App\Controllers\VisualizarUsuario))
#6 C:\xampp\htdocs\motorepuestosjc\system\CodeIgniter.php(314): CodeIgniter\CodeIgniter->handleRequest(NULL, Object(Config\Cache), false)
#7 C:\xampp\htdocs\motorepuestosjc\index.php(45): CodeIgniter\CodeIgniter->run()
#8 {main}
CRITICAL - 2020-09-07 18:28:54 --> Undefined variable: response
#0 C:\xampp\htdocs\motorepuestosjc\app\Controllers\VisualizarUsuario.php(42): CodeIgniter\Debug\Exceptions->errorHandler(8, 'Undefined varia...', 'C:\\xampp\\htdocs...', 42, Array)
#1 C:\xampp\htdocs\motorepuestosjc\system\CodeIgniter.php(920): App\Controllers\VisualizarUsuario->delete('4')
#2 C:\xampp\htdocs\motorepuestosjc\system\CodeIgniter.php(406): CodeIgniter\CodeIgniter->runController(Object(App\Controllers\VisualizarUsuario))
#3 C:\xampp\htdocs\motorepuestosjc\system\CodeIgniter.php(314): CodeIgniter\CodeIgniter->handleRequest(NULL, Object(Config\Cache), false)
#4 C:\xampp\htdocs\motorepuestosjc\index.php(45): CodeIgniter\CodeIgniter->run()
#5 {main}
CRITICAL - 2020-09-07 18:28:55 --> Unknown column 'public' in 'where clause'
#0 C:\xampp\htdocs\motorepuestosjc\system\Database\MySQLi\Connection.php(331): mysqli->query('UPDATE usuario ...')
#1 C:\xampp\htdocs\motorepuestosjc\system\Database\BaseConnection.php(741): CodeIgniter\Database\MySQLi\Connection->execute('UPDATE usuario ...')
#2 C:\xampp\htdocs\motorepuestosjc\system\Database\BaseConnection.php(669): CodeIgniter\Database\BaseConnection->simpleQuery('UPDATE usuario ...')
#3 C:\xampp\htdocs\motorepuestosjc\app\Controllers\VisualizarUsuario.php(38): CodeIgniter\Database\BaseConnection->query('UPDATE usuario ...')
#4 C:\xampp\htdocs\motorepuestosjc\system\CodeIgniter.php(920): App\Controllers\VisualizarUsuario->delete('public', 'images', 'img.jpg')
#5 C:\xampp\htdocs\motorepuestosjc\system\CodeIgniter.php(406): CodeIgniter\CodeIgniter->runController(Object(App\Controllers\VisualizarUsuario))
#6 C:\xampp\htdocs\motorepuestosjc\system\CodeIgniter.php(314): CodeIgniter\CodeIgniter->handleRequest(NULL, Object(Config\Cache), false)
#7 C:\xampp\htdocs\motorepuestosjc\index.php(45): CodeIgniter\CodeIgniter->run()
#8 {main}
CRITICAL - 2020-09-07 18:30:45 --> Unknown column 'public' in 'where clause'
#0 C:\xampp\htdocs\motorepuestosjc\system\Database\MySQLi\Connection.php(331): mysqli->query('UPDATE usuario ...')
#1 C:\xampp\htdocs\motorepuestosjc\system\Database\BaseConnection.php(741): CodeIgniter\Database\MySQLi\Connection->execute('UPDATE usuario ...')
#2 C:\xampp\htdocs\motorepuestosjc\system\Database\BaseConnection.php(669): CodeIgniter\Database\BaseConnection->simpleQuery('UPDATE usuario ...')
#3 C:\xampp\htdocs\motorepuestosjc\app\Controllers\VisualizarUsuario.php(38): CodeIgniter\Database\BaseConnection->query('UPDATE usuario ...')
#4 C:\xampp\htdocs\motorepuestosjc\system\CodeIgniter.php(920): App\Controllers\VisualizarUsuario->delete('public', 'images', 'img.jpg')
#5 C:\xampp\htdocs\motorepuestosjc\system\CodeIgniter.php(406): CodeIgniter\CodeIgniter->runController(Object(App\Controllers\VisualizarUsuario))
#6 C:\xampp\htdocs\motorepuestosjc\system\CodeIgniter.php(314): CodeIgniter\CodeIgniter->handleRequest(NULL, Object(Config\Cache), false)
#7 C:\xampp\htdocs\motorepuestosjc\index.php(45): CodeIgniter\CodeIgniter->run()
#8 {main}
CRITICAL - 2020-09-07 18:30:56 --> Unknown column 'public' in 'where clause'
#0 C:\xampp\htdocs\motorepuestosjc\system\Database\MySQLi\Connection.php(331): mysqli->query('UPDATE usuario ...')
#1 C:\xampp\htdocs\motorepuestosjc\system\Database\BaseConnection.php(741): CodeIgniter\Database\MySQLi\Connection->execute('UPDATE usuario ...')
#2 C:\xampp\htdocs\motorepuestosjc\system\Database\BaseConnection.php(669): CodeIgniter\Database\BaseConnection->simpleQuery('UPDATE usuario ...')
#3 C:\xampp\htdocs\motorepuestosjc\app\Controllers\VisualizarUsuario.php(38): CodeIgniter\Database\BaseConnection->query('UPDATE usuario ...')
#4 C:\xampp\htdocs\motorepuestosjc\system\CodeIgniter.php(920): App\Controllers\VisualizarUsuario->delete('public', 'images', 'img.jpg')
#5 C:\xampp\htdocs\motorepuestosjc\system\CodeIgniter.php(406): CodeIgniter\CodeIgniter->runController(Object(App\Controllers\VisualizarUsuario))
#6 C:\xampp\htdocs\motorepuestosjc\system\CodeIgniter.php(314): CodeIgniter\CodeIgniter->handleRequest(NULL, Object(Config\Cache), false)
#7 C:\xampp\htdocs\motorepuestosjc\index.php(45): CodeIgniter\CodeIgniter->run()
#8 {main}
CRITICAL - 2020-09-07 18:31:43 --> Undefined property: App\Controllers\VisualizarUsuario::$load
#0 C:\xampp\htdocs\motorepuestosjc\app\Controllers\VisualizarUsuario.php(41): CodeIgniter\Debug\Exceptions->errorHandler(8, 'Undefined prope...', 'C:\\xampp\\htdocs...', 41, Array)
#1 C:\xampp\htdocs\motorepuestosjc\system\CodeIgniter.php(920): App\Controllers\VisualizarUsuario->delete('4')
#2 C:\xampp\htdocs\motorepuestosjc\system\CodeIgniter.php(406): CodeIgniter\CodeIgniter->runController(Object(App\Controllers\VisualizarUsuario))
#3 C:\xampp\htdocs\motorepuestosjc\system\CodeIgniter.php(314): CodeIgniter\CodeIgniter->handleRequest(NULL, Object(Config\Cache), false)
#4 C:\xampp\htdocs\motorepuestosjc\index.php(45): CodeIgniter\CodeIgniter->run()
#5 {main}
CRITICAL - 2020-09-07 18:31:49 --> Unknown column 'public' in 'where clause'
#0 C:\xampp\htdocs\motorepuestosjc\system\Database\MySQLi\Connection.php(331): mysqli->query('UPDATE usuario ...')
#1 C:\xampp\htdocs\motorepuestosjc\system\Database\BaseConnection.php(741): CodeIgniter\Database\MySQLi\Connection->execute('UPDATE usuario ...')
#2 C:\xampp\htdocs\motorepuestosjc\system\Database\BaseConnection.php(669): CodeIgniter\Database\BaseConnection->simpleQuery('UPDATE usuario ...')
#3 C:\xampp\htdocs\motorepuestosjc\app\Controllers\VisualizarUsuario.php(38): CodeIgniter\Database\BaseConnection->query('UPDATE usuario ...')
#4 C:\xampp\htdocs\motorepuestosjc\system\CodeIgniter.php(920): App\Controllers\VisualizarUsuario->delete('public', 'images', 'img.jpg')
#5 C:\xampp\htdocs\motorepuestosjc\system\CodeIgniter.php(406): CodeIgniter\CodeIgniter->runController(Object(App\Controllers\VisualizarUsuario))
#6 C:\xampp\htdocs\motorepuestosjc\system\CodeIgniter.php(314): CodeIgniter\CodeIgniter->handleRequest(NULL, Object(Config\Cache), false)
#7 C:\xampp\htdocs\motorepuestosjc\index.php(45): CodeIgniter\CodeIgniter->run()
#8 {main}
CRITICAL - 2020-09-07 20:56:34 --> syntax error, unexpected end of file, expecting function (T_FUNCTION) or const (T_CONST)
#0 C:\xampp\htdocs\motorepuestosjc\system\Router\Router.php(195): CodeIgniter\Router\Router->autoRoute('login')
#1 C:\xampp\htdocs\motorepuestosjc\system\CodeIgniter.php(795): CodeIgniter\Router\Router->handle('login')
#2 C:\xampp\htdocs\motorepuestosjc\system\CodeIgniter.php(366): CodeIgniter\CodeIgniter->tryToRouteIt(Object(CodeIgniter\Router\RouteCollection))
#3 C:\xampp\htdocs\motorepuestosjc\system\CodeIgniter.php(314): CodeIgniter\CodeIgniter->handleRequest(NULL, Object(Config\Cache), false)
#4 C:\xampp\htdocs\motorepuestosjc\index.php(45): CodeIgniter\CodeIgniter->run()
#5 {main}
CRITICAL - 2020-09-07 21:57:09 --> syntax error, unexpected 'echo' (T_ECHO), expecting ';'
#0 C:\xampp\htdocs\motorepuestosjc\system\Router\Router.php(195): CodeIgniter\Router\Router->autoRoute('Login')
#1 C:\xampp\htdocs\motorepuestosjc\system\CodeIgniter.php(795): CodeIgniter\Router\Router->handle('Login')
#2 C:\xampp\htdocs\motorepuestosjc\system\CodeIgniter.php(366): CodeIgniter\CodeIgniter->tryToRouteIt(Object(CodeIgniter\Router\RouteCollection))
#3 C:\xampp\htdocs\motorepuestosjc\system\CodeIgniter.php(314): CodeIgniter\CodeIgniter->handleRequest(NULL, Object(Config\Cache), false)
#4 C:\xampp\htdocs\motorepuestosjc\index.php(45): CodeIgniter\CodeIgniter->run()
#5 {main}
