CRITICAL - 2020-09-22 14:51:10 --> Undefined index: icon
#0 C:\xampp\htdocs\motorepuestosjc\app\Controllers\BaseController.php(96): CodeIgniter\Debug\Exceptions->errorHandler(8, 'Undefined index...', 'C:\\xampp\\htdocs...', 96, Array)
#1 C:\xampp\htdocs\motorepuestosjc\app\Controllers\BaseController.php(47): App\Controllers\BaseController->menu_start(Array)
#2 C:\xampp\htdocs\motorepuestosjc\app\Controllers\BaseController.php(118): App\Controllers\BaseController->Menu()
#3 C:\xampp\htdocs\motorepuestosjc\app\Controllers\VisualizarSalida.php(14): App\Controllers\BaseController->use_layout('visualizar_sali...', Array)
#4 C:\xampp\htdocs\motorepuestosjc\system\CodeIgniter.php(920): App\Controllers\VisualizarSalida->index()
#5 C:\xampp\htdocs\motorepuestosjc\system\CodeIgniter.php(406): CodeIgniter\CodeIgniter->runController(Object(App\Controllers\VisualizarSalida))
#6 C:\xampp\htdocs\motorepuestosjc\system\CodeIgniter.php(314): CodeIgniter\CodeIgniter->handleRequest(NULL, Object(Config\Cache), false)
#7 C:\xampp\htdocs\motorepuestosjc\index.php(45): CodeIgniter\CodeIgniter->run()
#8 {main}
CRITICAL - 2020-09-22 14:51:34 --> Undefined variable: menu
#0 C:\xampp\htdocs\motorepuestosjc\app\Controllers\BaseController.php(83): CodeIgniter\Debug\Exceptions->errorHandler(8, 'Undefined varia...', 'C:\\xampp\\htdocs...', 83, Array)
#1 C:\xampp\htdocs\motorepuestosjc\app\Controllers\BaseController.php(45): App\Controllers\BaseController->data_menus('1')
#2 C:\xampp\htdocs\motorepuestosjc\app\Controllers\BaseController.php(118): App\Controllers\BaseController->Menu()
#3 C:\xampp\htdocs\motorepuestosjc\app\Controllers\VisualizarSalida.php(14): App\Controllers\BaseController->use_layout('visualizar_sali...', Array)
#4 C:\xampp\htdocs\motorepuestosjc\system\CodeIgniter.php(920): App\Controllers\VisualizarSalida->index()
#5 C:\xampp\htdocs\motorepuestosjc\system\CodeIgniter.php(406): CodeIgniter\CodeIgniter->runController(Object(App\Controllers\VisualizarSalida))
#6 C:\xampp\htdocs\motorepuestosjc\system\CodeIgniter.php(314): CodeIgniter\CodeIgniter->handleRequest(NULL, Object(Config\Cache), false)
#7 C:\xampp\htdocs\motorepuestosjc\index.php(45): CodeIgniter\CodeIgniter->run()
#8 {main}
CRITICAL - 2020-09-22 14:51:36 --> Undefined variable: menu
#0 C:\xampp\htdocs\motorepuestosjc\app\Controllers\BaseController.php(83): CodeIgniter\Debug\Exceptions->errorHandler(8, 'Undefined varia...', 'C:\\xampp\\htdocs...', 83, Array)
#1 C:\xampp\htdocs\motorepuestosjc\app\Controllers\BaseController.php(45): App\Controllers\BaseController->data_menus('1')
#2 C:\xampp\htdocs\motorepuestosjc\app\Controllers\BaseController.php(118): App\Controllers\BaseController->Menu()
#3 C:\xampp\htdocs\motorepuestosjc\app\Controllers\VisualizarSalida.php(14): App\Controllers\BaseController->use_layout('visualizar_sali...', Array)
#4 C:\xampp\htdocs\motorepuestosjc\system\CodeIgniter.php(920): App\Controllers\VisualizarSalida->index()
#5 C:\xampp\htdocs\motorepuestosjc\system\CodeIgniter.php(406): CodeIgniter\CodeIgniter->runController(Object(App\Controllers\VisualizarSalida))
#6 C:\xampp\htdocs\motorepuestosjc\system\CodeIgniter.php(314): CodeIgniter\CodeIgniter->handleRequest(NULL, Object(Config\Cache), false)
#7 C:\xampp\htdocs\motorepuestosjc\index.php(45): CodeIgniter\CodeIgniter->run()
#8 {main}
CRITICAL - 2020-09-22 14:51:38 --> Undefined variable: menu
#0 C:\xampp\htdocs\motorepuestosjc\app\Controllers\BaseController.php(83): CodeIgniter\Debug\Exceptions->errorHandler(8, 'Undefined varia...', 'C:\\xampp\\htdocs...', 83, Array)
#1 C:\xampp\htdocs\motorepuestosjc\app\Controllers\BaseController.php(45): App\Controllers\BaseController->data_menus('1')
#2 C:\xampp\htdocs\motorepuestosjc\app\Controllers\BaseController.php(118): App\Controllers\BaseController->Menu()
#3 C:\xampp\htdocs\motorepuestosjc\app\Controllers\VisualizarSalida.php(14): App\Controllers\BaseController->use_layout('visualizar_sali...', Array)
#4 C:\xampp\htdocs\motorepuestosjc\system\CodeIgniter.php(920): App\Controllers\VisualizarSalida->index()
#5 C:\xampp\htdocs\motorepuestosjc\system\CodeIgniter.php(406): CodeIgniter\CodeIgniter->runController(Object(App\Controllers\VisualizarSalida))
#6 C:\xampp\htdocs\motorepuestosjc\system\CodeIgniter.php(314): CodeIgniter\CodeIgniter->handleRequest(NULL, Object(Config\Cache), false)
#7 C:\xampp\htdocs\motorepuestosjc\index.php(45): CodeIgniter\CodeIgniter->run()
#8 {main}
CRITICAL - 2020-09-22 14:55:03 --> Undefined variable: menu
#0 C:\xampp\htdocs\motorepuestosjc\app\Controllers\BaseController.php(83): CodeIgniter\Debug\Exceptions->errorHandler(8, 'Undefined varia...', 'C:\\xampp\\htdocs...', 83, Array)
#1 C:\xampp\htdocs\motorepuestosjc\app\Controllers\BaseController.php(45): App\Controllers\BaseController->data_menus('1')
#2 C:\xampp\htdocs\motorepuestosjc\app\Controllers\BaseController.php(118): App\Controllers\BaseController->Menu()
#3 C:\xampp\htdocs\motorepuestosjc\app\Controllers\VisualizarSalida.php(14): App\Controllers\BaseController->use_layout('visualizar_sali...', Array)
#4 C:\xampp\htdocs\motorepuestosjc\system\CodeIgniter.php(920): App\Controllers\VisualizarSalida->index()
#5 C:\xampp\htdocs\motorepuestosjc\system\CodeIgniter.php(406): CodeIgniter\CodeIgniter->runController(Object(App\Controllers\VisualizarSalida))
#6 C:\xampp\htdocs\motorepuestosjc\system\CodeIgniter.php(314): CodeIgniter\CodeIgniter->handleRequest(NULL, Object(Config\Cache), false)
#7 C:\xampp\htdocs\motorepuestosjc\index.php(45): CodeIgniter\CodeIgniter->run()
#8 {main}
CRITICAL - 2020-09-22 14:55:06 --> Undefined variable: menu
#0 C:\xampp\htdocs\motorepuestosjc\app\Controllers\BaseController.php(83): CodeIgniter\Debug\Exceptions->errorHandler(8, 'Undefined varia...', 'C:\\xampp\\htdocs...', 83, Array)
#1 C:\xampp\htdocs\motorepuestosjc\app\Controllers\BaseController.php(45): App\Controllers\BaseController->data_menus('1')
#2 C:\xampp\htdocs\motorepuestosjc\app\Controllers\BaseController.php(118): App\Controllers\BaseController->Menu()
#3 C:\xampp\htdocs\motorepuestosjc\app\Controllers\VisualizarSalida.php(14): App\Controllers\BaseController->use_layout('visualizar_sali...', Array)
#4 C:\xampp\htdocs\motorepuestosjc\system\CodeIgniter.php(920): App\Controllers\VisualizarSalida->index()
#5 C:\xampp\htdocs\motorepuestosjc\system\CodeIgniter.php(406): CodeIgniter\CodeIgniter->runController(Object(App\Controllers\VisualizarSalida))
#6 C:\xampp\htdocs\motorepuestosjc\system\CodeIgniter.php(314): CodeIgniter\CodeIgniter->handleRequest(NULL, Object(Config\Cache), false)
#7 C:\xampp\htdocs\motorepuestosjc\index.php(45): CodeIgniter\CodeIgniter->run()
#8 {main}
CRITICAL - 2020-09-22 14:55:29 --> Undefined index: icon
#0 C:\xampp\htdocs\motorepuestosjc\app\Controllers\BaseController.php(96): CodeIgniter\Debug\Exceptions->errorHandler(8, 'Undefined index...', 'C:\\xampp\\htdocs...', 96, Array)
#1 C:\xampp\htdocs\motorepuestosjc\app\Controllers\BaseController.php(47): App\Controllers\BaseController->menu_start(Array)
#2 C:\xampp\htdocs\motorepuestosjc\app\Controllers\BaseController.php(118): App\Controllers\BaseController->Menu()
#3 C:\xampp\htdocs\motorepuestosjc\app\Controllers\VisualizarSalida.php(14): App\Controllers\BaseController->use_layout('visualizar_sali...', Array)
#4 C:\xampp\htdocs\motorepuestosjc\system\CodeIgniter.php(920): App\Controllers\VisualizarSalida->index()
#5 C:\xampp\htdocs\motorepuestosjc\system\CodeIgniter.php(406): CodeIgniter\CodeIgniter->runController(Object(App\Controllers\VisualizarSalida))
#6 C:\xampp\htdocs\motorepuestosjc\system\CodeIgniter.php(314): CodeIgniter\CodeIgniter->handleRequest(NULL, Object(Config\Cache), false)
#7 C:\xampp\htdocs\motorepuestosjc\index.php(45): CodeIgniter\CodeIgniter->run()
#8 {main}
CRITICAL - 2020-09-22 14:55:31 --> Undefined index: icon
#0 C:\xampp\htdocs\motorepuestosjc\app\Controllers\BaseController.php(96): CodeIgniter\Debug\Exceptions->errorHandler(8, 'Undefined index...', 'C:\\xampp\\htdocs...', 96, Array)
#1 C:\xampp\htdocs\motorepuestosjc\app\Controllers\BaseController.php(47): App\Controllers\BaseController->menu_start(Array)
#2 C:\xampp\htdocs\motorepuestosjc\app\Controllers\BaseController.php(118): App\Controllers\BaseController->Menu()
#3 C:\xampp\htdocs\motorepuestosjc\app\Controllers\VisualizarSalida.php(14): App\Controllers\BaseController->use_layout('visualizar_sali...', Array)
#4 C:\xampp\htdocs\motorepuestosjc\system\CodeIgniter.php(920): App\Controllers\VisualizarSalida->index()
#5 C:\xampp\htdocs\motorepuestosjc\system\CodeIgniter.php(406): CodeIgniter\CodeIgniter->runController(Object(App\Controllers\VisualizarSalida))
#6 C:\xampp\htdocs\motorepuestosjc\system\CodeIgniter.php(314): CodeIgniter\CodeIgniter->handleRequest(NULL, Object(Config\Cache), false)
#7 C:\xampp\htdocs\motorepuestosjc\index.php(45): CodeIgniter\CodeIgniter->run()
#8 {main}
CRITICAL - 2020-09-22 14:55:35 --> Undefined index: icon
#0 C:\xampp\htdocs\motorepuestosjc\app\Controllers\BaseController.php(96): CodeIgniter\Debug\Exceptions->errorHandler(8, 'Undefined index...', 'C:\\xampp\\htdocs...', 96, Array)
#1 C:\xampp\htdocs\motorepuestosjc\app\Controllers\BaseController.php(47): App\Controllers\BaseController->menu_start(Array)
#2 C:\xampp\htdocs\motorepuestosjc\app\Controllers\BaseController.php(118): App\Controllers\BaseController->Menu()
#3 C:\xampp\htdocs\motorepuestosjc\app\Controllers\VisualizarSalida.php(14): App\Controllers\BaseController->use_layout('visualizar_sali...', Array)
#4 C:\xampp\htdocs\motorepuestosjc\system\CodeIgniter.php(920): App\Controllers\VisualizarSalida->index()
#5 C:\xampp\htdocs\motorepuestosjc\system\CodeIgniter.php(406): CodeIgniter\CodeIgniter->runController(Object(App\Controllers\VisualizarSalida))
#6 C:\xampp\htdocs\motorepuestosjc\system\CodeIgniter.php(314): CodeIgniter\CodeIgniter->handleRequest(NULL, Object(Config\Cache), false)
#7 C:\xampp\htdocs\motorepuestosjc\index.php(45): CodeIgniter\CodeIgniter->run()
#8 {main}
CRITICAL - 2020-09-22 14:56:07 --> Undefined index: icon
#0 C:\xampp\htdocs\motorepuestosjc\app\Controllers\BaseController.php(96): CodeIgniter\Debug\Exceptions->errorHandler(8, 'Undefined index...', 'C:\\xampp\\htdocs...', 96, Array)
#1 C:\xampp\htdocs\motorepuestosjc\app\Controllers\BaseController.php(47): App\Controllers\BaseController->menu_start(Array)
#2 C:\xampp\htdocs\motorepuestosjc\app\Controllers\BaseController.php(118): App\Controllers\BaseController->Menu()
#3 C:\xampp\htdocs\motorepuestosjc\app\Controllers\VisualizarSalida.php(14): App\Controllers\BaseController->use_layout('visualizar_sali...', Array)
#4 C:\xampp\htdocs\motorepuestosjc\system\CodeIgniter.php(920): App\Controllers\VisualizarSalida->index()
#5 C:\xampp\htdocs\motorepuestosjc\system\CodeIgniter.php(406): CodeIgniter\CodeIgniter->runController(Object(App\Controllers\VisualizarSalida))
#6 C:\xampp\htdocs\motorepuestosjc\system\CodeIgniter.php(314): CodeIgniter\CodeIgniter->handleRequest(NULL, Object(Config\Cache), false)
#7 C:\xampp\htdocs\motorepuestosjc\index.php(45): CodeIgniter\CodeIgniter->run()
#8 {main}
CRITICAL - 2020-09-22 14:56:09 --> Undefined index: icon
#0 C:\xampp\htdocs\motorepuestosjc\app\Controllers\BaseController.php(96): CodeIgniter\Debug\Exceptions->errorHandler(8, 'Undefined index...', 'C:\\xampp\\htdocs...', 96, Array)
#1 C:\xampp\htdocs\motorepuestosjc\app\Controllers\BaseController.php(47): App\Controllers\BaseController->menu_start(Array)
#2 C:\xampp\htdocs\motorepuestosjc\app\Controllers\BaseController.php(118): App\Controllers\BaseController->Menu()
#3 C:\xampp\htdocs\motorepuestosjc\app\Controllers\VisualizarSalida.php(14): App\Controllers\BaseController->use_layout('visualizar_sali...', Array)
#4 C:\xampp\htdocs\motorepuestosjc\system\CodeIgniter.php(920): App\Controllers\VisualizarSalida->index()
#5 C:\xampp\htdocs\motorepuestosjc\system\CodeIgniter.php(406): CodeIgniter\CodeIgniter->runController(Object(App\Controllers\VisualizarSalida))
#6 C:\xampp\htdocs\motorepuestosjc\system\CodeIgniter.php(314): CodeIgniter\CodeIgniter->handleRequest(NULL, Object(Config\Cache), false)
#7 C:\xampp\htdocs\motorepuestosjc\index.php(45): CodeIgniter\CodeIgniter->run()
#8 {main}
CRITICAL - 2020-09-22 15:00:16 --> Undefined index: icon
#0 C:\xampp\htdocs\motorepuestosjc\app\Controllers\BaseController.php(96): CodeIgniter\Debug\Exceptions->errorHandler(8, 'Undefined index...', 'C:\\xampp\\htdocs...', 96, Array)
#1 C:\xampp\htdocs\motorepuestosjc\app\Controllers\BaseController.php(47): App\Controllers\BaseController->menu_start(Array)
#2 C:\xampp\htdocs\motorepuestosjc\app\Controllers\BaseController.php(118): App\Controllers\BaseController->Menu()
#3 C:\xampp\htdocs\motorepuestosjc\app\Controllers\VisualizarSalida.php(14): App\Controllers\BaseController->use_layout('visualizar_sali...', Array)
#4 C:\xampp\htdocs\motorepuestosjc\system\CodeIgniter.php(920): App\Controllers\VisualizarSalida->index()
#5 C:\xampp\htdocs\motorepuestosjc\system\CodeIgniter.php(406): CodeIgniter\CodeIgniter->runController(Object(App\Controllers\VisualizarSalida))
#6 C:\xampp\htdocs\motorepuestosjc\system\CodeIgniter.php(314): CodeIgniter\CodeIgniter->handleRequest(NULL, Object(Config\Cache), false)
#7 C:\xampp\htdocs\motorepuestosjc\index.php(45): CodeIgniter\CodeIgniter->run()
#8 {main}
CRITICAL - 2020-09-22 15:10:57 --> Undefined index: icon
#0 C:\xampp\htdocs\motorepuestosjc\app\Controllers\BaseController.php(96): CodeIgniter\Debug\Exceptions->errorHandler(8, 'Undefined index...', 'C:\\xampp\\htdocs...', 96, Array)
#1 C:\xampp\htdocs\motorepuestosjc\app\Controllers\BaseController.php(47): App\Controllers\BaseController->menu_start(Array)
#2 C:\xampp\htdocs\motorepuestosjc\app\Controllers\BaseController.php(118): App\Controllers\BaseController->Menu()
#3 C:\xampp\htdocs\motorepuestosjc\app\Controllers\VisualizarSalida.php(14): App\Controllers\BaseController->use_layout('visualizar_sali...', Array)
#4 C:\xampp\htdocs\motorepuestosjc\system\CodeIgniter.php(920): App\Controllers\VisualizarSalida->index()
#5 C:\xampp\htdocs\motorepuestosjc\system\CodeIgniter.php(406): CodeIgniter\CodeIgniter->runController(Object(App\Controllers\VisualizarSalida))
#6 C:\xampp\htdocs\motorepuestosjc\system\CodeIgniter.php(314): CodeIgniter\CodeIgniter->handleRequest(NULL, Object(Config\Cache), false)
#7 C:\xampp\htdocs\motorepuestosjc\index.php(45): CodeIgniter\CodeIgniter->run()
#8 {main}
CRITICAL - 2020-09-22 15:47:23 --> Undefined offset: 7
#0 C:\xampp\htdocs\motorepuestosjc\app\Views\modificar_perfil.php(29): CodeIgniter\Debug\Exceptions->errorHandler(8, 'Undefined offse...', 'C:\\xampp\\htdocs...', 29, Array)
#1 C:\xampp\htdocs\motorepuestosjc\system\View\View.php(246): include('C:\\xampp\\htdocs...')
#2 C:\xampp\htdocs\motorepuestosjc\system\Common.php(1119): CodeIgniter\View\View->render('modificar_perfi...', Array, true)
#3 C:\xampp\htdocs\motorepuestosjc\app\Controllers\BaseController.php(120): view('modificar_perfi...', Array, Array)
#4 C:\xampp\htdocs\motorepuestosjc\app\Controllers\VisualizarPerfil.php(27): App\Controllers\BaseController->use_layout('modificar_perfi...', Array)
#5 C:\xampp\htdocs\motorepuestosjc\system\CodeIgniter.php(920): App\Controllers\VisualizarPerfil->getupdate('1')
#6 C:\xampp\htdocs\motorepuestosjc\system\CodeIgniter.php(406): CodeIgniter\CodeIgniter->runController(Object(App\Controllers\VisualizarPerfil))
#7 C:\xampp\htdocs\motorepuestosjc\system\CodeIgniter.php(314): CodeIgniter\CodeIgniter->handleRequest(NULL, Object(Config\Cache), false)
#8 C:\xampp\htdocs\motorepuestosjc\index.php(45): CodeIgniter\CodeIgniter->run()
#9 {main}
CRITICAL - 2020-09-22 15:47:39 --> Undefined offset: 7
#0 C:\xampp\htdocs\motorepuestosjc\app\Views\modificar_perfil.php(29): CodeIgniter\Debug\Exceptions->errorHandler(8, 'Undefined offse...', 'C:\\xampp\\htdocs...', 29, Array)
#1 C:\xampp\htdocs\motorepuestosjc\system\View\View.php(246): include('C:\\xampp\\htdocs...')
#2 C:\xampp\htdocs\motorepuestosjc\system\Common.php(1119): CodeIgniter\View\View->render('modificar_perfi...', Array, true)
#3 C:\xampp\htdocs\motorepuestosjc\app\Controllers\BaseController.php(120): view('modificar_perfi...', Array, Array)
#4 C:\xampp\htdocs\motorepuestosjc\app\Controllers\VisualizarPerfil.php(27): App\Controllers\BaseController->use_layout('modificar_perfi...', Array)
#5 C:\xampp\htdocs\motorepuestosjc\system\CodeIgniter.php(920): App\Controllers\VisualizarPerfil->getupdate('1')
#6 C:\xampp\htdocs\motorepuestosjc\system\CodeIgniter.php(406): CodeIgniter\CodeIgniter->runController(Object(App\Controllers\VisualizarPerfil))
#7 C:\xampp\htdocs\motorepuestosjc\system\CodeIgniter.php(314): CodeIgniter\CodeIgniter->handleRequest(NULL, Object(Config\Cache), false)
#8 C:\xampp\htdocs\motorepuestosjc\index.php(45): CodeIgniter\CodeIgniter->run()
#9 {main}
CRITICAL - 2020-09-22 15:50:19 --> Undefined offset: 7
#0 C:\xampp\htdocs\motorepuestosjc\app\Views\modificar_perfil.php(29): CodeIgniter\Debug\Exceptions->errorHandler(8, 'Undefined offse...', 'C:\\xampp\\htdocs...', 29, Array)
#1 C:\xampp\htdocs\motorepuestosjc\system\View\View.php(246): include('C:\\xampp\\htdocs...')
#2 C:\xampp\htdocs\motorepuestosjc\system\Common.php(1119): CodeIgniter\View\View->render('modificar_perfi...', Array, true)
#3 C:\xampp\htdocs\motorepuestosjc\app\Controllers\BaseController.php(120): view('modificar_perfi...', Array, Array)
#4 C:\xampp\htdocs\motorepuestosjc\app\Controllers\VisualizarPerfil.php(27): App\Controllers\BaseController->use_layout('modificar_perfi...', Array)
#5 C:\xampp\htdocs\motorepuestosjc\system\CodeIgniter.php(920): App\Controllers\VisualizarPerfil->getupdate('1')
#6 C:\xampp\htdocs\motorepuestosjc\system\CodeIgniter.php(406): CodeIgniter\CodeIgniter->runController(Object(App\Controllers\VisualizarPerfil))
#7 C:\xampp\htdocs\motorepuestosjc\system\CodeIgniter.php(314): CodeIgniter\CodeIgniter->handleRequest(NULL, Object(Config\Cache), false)
#8 C:\xampp\htdocs\motorepuestosjc\index.php(45): CodeIgniter\CodeIgniter->run()
#9 {main}
CRITICAL - 2020-09-22 15:50:23 --> Undefined offset: 7
#0 C:\xampp\htdocs\motorepuestosjc\app\Views\modificar_perfil.php(29): CodeIgniter\Debug\Exceptions->errorHandler(8, 'Undefined offse...', 'C:\\xampp\\htdocs...', 29, Array)
#1 C:\xampp\htdocs\motorepuestosjc\system\View\View.php(246): include('C:\\xampp\\htdocs...')
#2 C:\xampp\htdocs\motorepuestosjc\system\Common.php(1119): CodeIgniter\View\View->render('modificar_perfi...', Array, true)
#3 C:\xampp\htdocs\motorepuestosjc\app\Controllers\BaseController.php(120): view('modificar_perfi...', Array, Array)
#4 C:\xampp\htdocs\motorepuestosjc\app\Controllers\VisualizarPerfil.php(27): App\Controllers\BaseController->use_layout('modificar_perfi...', Array)
#5 C:\xampp\htdocs\motorepuestosjc\system\CodeIgniter.php(920): App\Controllers\VisualizarPerfil->getupdate('1')
#6 C:\xampp\htdocs\motorepuestosjc\system\CodeIgniter.php(406): CodeIgniter\CodeIgniter->runController(Object(App\Controllers\VisualizarPerfil))
#7 C:\xampp\htdocs\motorepuestosjc\system\CodeIgniter.php(314): CodeIgniter\CodeIgniter->handleRequest(NULL, Object(Config\Cache), false)
#8 C:\xampp\htdocs\motorepuestosjc\index.php(45): CodeIgniter\CodeIgniter->run()
#9 {main}
CRITICAL - 2020-09-22 15:52:09 --> Undefined offset: 7
#0 C:\xampp\htdocs\motorepuestosjc\app\Views\modificar_perfil.php(29): CodeIgniter\Debug\Exceptions->errorHandler(8, 'Undefined offse...', 'C:\\xampp\\htdocs...', 29, Array)
#1 C:\xampp\htdocs\motorepuestosjc\system\View\View.php(246): include('C:\\xampp\\htdocs...')
#2 C:\xampp\htdocs\motorepuestosjc\system\Common.php(1119): CodeIgniter\View\View->render('modificar_perfi...', Array, true)
#3 C:\xampp\htdocs\motorepuestosjc\app\Controllers\BaseController.php(120): view('modificar_perfi...', Array, Array)
#4 C:\xampp\htdocs\motorepuestosjc\app\Controllers\VisualizarPerfil.php(27): App\Controllers\BaseController->use_layout('modificar_perfi...', Array)
#5 C:\xampp\htdocs\motorepuestosjc\system\CodeIgniter.php(920): App\Controllers\VisualizarPerfil->getupdate('1')
#6 C:\xampp\htdocs\motorepuestosjc\system\CodeIgniter.php(406): CodeIgniter\CodeIgniter->runController(Object(App\Controllers\VisualizarPerfil))
#7 C:\xampp\htdocs\motorepuestosjc\system\CodeIgniter.php(314): CodeIgniter\CodeIgniter->handleRequest(NULL, Object(Config\Cache), false)
#8 C:\xampp\htdocs\motorepuestosjc\index.php(45): CodeIgniter\CodeIgniter->run()
#9 {main}
CRITICAL - 2020-09-22 15:52:11 --> Undefined offset: 7
#0 C:\xampp\htdocs\motorepuestosjc\app\Views\modificar_perfil.php(29): CodeIgniter\Debug\Exceptions->errorHandler(8, 'Undefined offse...', 'C:\\xampp\\htdocs...', 29, Array)
#1 C:\xampp\htdocs\motorepuestosjc\system\View\View.php(246): include('C:\\xampp\\htdocs...')
#2 C:\xampp\htdocs\motorepuestosjc\system\Common.php(1119): CodeIgniter\View\View->render('modificar_perfi...', Array, true)
#3 C:\xampp\htdocs\motorepuestosjc\app\Controllers\BaseController.php(120): view('modificar_perfi...', Array, Array)
#4 C:\xampp\htdocs\motorepuestosjc\app\Controllers\VisualizarPerfil.php(27): App\Controllers\BaseController->use_layout('modificar_perfi...', Array)
#5 C:\xampp\htdocs\motorepuestosjc\system\CodeIgniter.php(920): App\Controllers\VisualizarPerfil->getupdate('1')
#6 C:\xampp\htdocs\motorepuestosjc\system\CodeIgniter.php(406): CodeIgniter\CodeIgniter->runController(Object(App\Controllers\VisualizarPerfil))
#7 C:\xampp\htdocs\motorepuestosjc\system\CodeIgniter.php(314): CodeIgniter\CodeIgniter->handleRequest(NULL, Object(Config\Cache), false)
#8 C:\xampp\htdocs\motorepuestosjc\index.php(45): CodeIgniter\CodeIgniter->run()
#9 {main}
CRITICAL - 2020-09-22 15:59:48 --> Undefined offset: 7
#0 C:\xampp\htdocs\motorepuestosjc\app\Views\modificar_perfil.php(29): CodeIgniter\Debug\Exceptions->errorHandler(8, 'Undefined offse...', 'C:\\xampp\\htdocs...', 29, Array)
#1 C:\xampp\htdocs\motorepuestosjc\system\View\View.php(246): include('C:\\xampp\\htdocs...')
#2 C:\xampp\htdocs\motorepuestosjc\system\Common.php(1119): CodeIgniter\View\View->render('modificar_perfi...', Array, true)
#3 C:\xampp\htdocs\motorepuestosjc\app\Controllers\BaseController.php(120): view('modificar_perfi...', Array, Array)
#4 C:\xampp\htdocs\motorepuestosjc\app\Controllers\VisualizarPerfil.php(27): App\Controllers\BaseController->use_layout('modificar_perfi...', Array)
#5 C:\xampp\htdocs\motorepuestosjc\system\CodeIgniter.php(920): App\Controllers\VisualizarPerfil->getupdate('1')
#6 C:\xampp\htdocs\motorepuestosjc\system\CodeIgniter.php(406): CodeIgniter\CodeIgniter->runController(Object(App\Controllers\VisualizarPerfil))
#7 C:\xampp\htdocs\motorepuestosjc\system\CodeIgniter.php(314): CodeIgniter\CodeIgniter->handleRequest(NULL, Object(Config\Cache), false)
#8 C:\xampp\htdocs\motorepuestosjc\index.php(45): CodeIgniter\CodeIgniter->run()
#9 {main}
CRITICAL - 2020-09-22 16:00:54 --> Undefined offset: 7
#0 C:\xampp\htdocs\motorepuestosjc\app\Views\modificar_perfil.php(29): CodeIgniter\Debug\Exceptions->errorHandler(8, 'Undefined offse...', 'C:\\xampp\\htdocs...', 29, Array)
#1 C:\xampp\htdocs\motorepuestosjc\system\View\View.php(246): include('C:\\xampp\\htdocs...')
#2 C:\xampp\htdocs\motorepuestosjc\system\Common.php(1119): CodeIgniter\View\View->render('modificar_perfi...', Array, true)
#3 C:\xampp\htdocs\motorepuestosjc\app\Controllers\BaseController.php(120): view('modificar_perfi...', Array, Array)
#4 C:\xampp\htdocs\motorepuestosjc\app\Controllers\VisualizarPerfil.php(27): App\Controllers\BaseController->use_layout('modificar_perfi...', Array)
#5 C:\xampp\htdocs\motorepuestosjc\system\CodeIgniter.php(920): App\Controllers\VisualizarPerfil->getupdate('1')
#6 C:\xampp\htdocs\motorepuestosjc\system\CodeIgniter.php(406): CodeIgniter\CodeIgniter->runController(Object(App\Controllers\VisualizarPerfil))
#7 C:\xampp\htdocs\motorepuestosjc\system\CodeIgniter.php(314): CodeIgniter\CodeIgniter->handleRequest(NULL, Object(Config\Cache), false)
#8 C:\xampp\htdocs\motorepuestosjc\index.php(45): CodeIgniter\CodeIgniter->run()
#9 {main}
CRITICAL - 2020-09-22 16:01:46 --> Undefined offset: 7
#0 C:\xampp\htdocs\motorepuestosjc\app\Views\modificar_perfil.php(29): CodeIgniter\Debug\Exceptions->errorHandler(8, 'Undefined offse...', 'C:\\xampp\\htdocs...', 29, Array)
#1 C:\xampp\htdocs\motorepuestosjc\system\View\View.php(246): include('C:\\xampp\\htdocs...')
#2 C:\xampp\htdocs\motorepuestosjc\system\Common.php(1119): CodeIgniter\View\View->render('modificar_perfi...', Array, true)
#3 C:\xampp\htdocs\motorepuestosjc\app\Controllers\BaseController.php(120): view('modificar_perfi...', Array, Array)
#4 C:\xampp\htdocs\motorepuestosjc\app\Controllers\VisualizarPerfil.php(27): App\Controllers\BaseController->use_layout('modificar_perfi...', Array)
#5 C:\xampp\htdocs\motorepuestosjc\system\CodeIgniter.php(920): App\Controllers\VisualizarPerfil->getupdate('1')
#6 C:\xampp\htdocs\motorepuestosjc\system\CodeIgniter.php(406): CodeIgniter\CodeIgniter->runController(Object(App\Controllers\VisualizarPerfil))
#7 C:\xampp\htdocs\motorepuestosjc\system\CodeIgniter.php(314): CodeIgniter\CodeIgniter->handleRequest(NULL, Object(Config\Cache), false)
#8 C:\xampp\htdocs\motorepuestosjc\index.php(45): CodeIgniter\CodeIgniter->run()
#9 {main}
CRITICAL - 2020-09-22 16:06:03 --> Undefined offset: 7
#0 C:\xampp\htdocs\motorepuestosjc\app\Views\modificar_perfil.php(29): CodeIgniter\Debug\Exceptions->errorHandler(8, 'Undefined offse...', 'C:\\xampp\\htdocs...', 29, Array)
#1 C:\xampp\htdocs\motorepuestosjc\system\View\View.php(246): include('C:\\xampp\\htdocs...')
#2 C:\xampp\htdocs\motorepuestosjc\system\Common.php(1119): CodeIgniter\View\View->render('modificar_perfi...', Array, true)
#3 C:\xampp\htdocs\motorepuestosjc\app\Controllers\BaseController.php(120): view('modificar_perfi...', Array, Array)
#4 C:\xampp\htdocs\motorepuestosjc\app\Controllers\VisualizarPerfil.php(27): App\Controllers\BaseController->use_layout('modificar_perfi...', Array)
#5 C:\xampp\htdocs\motorepuestosjc\system\CodeIgniter.php(920): App\Controllers\VisualizarPerfil->getupdate('1')
#6 C:\xampp\htdocs\motorepuestosjc\system\CodeIgniter.php(406): CodeIgniter\CodeIgniter->runController(Object(App\Controllers\VisualizarPerfil))
#7 C:\xampp\htdocs\motorepuestosjc\system\CodeIgniter.php(314): CodeIgniter\CodeIgniter->handleRequest(NULL, Object(Config\Cache), false)
#8 C:\xampp\htdocs\motorepuestosjc\index.php(45): CodeIgniter\CodeIgniter->run()
#9 {main}
CRITICAL - 2020-09-22 16:10:15 --> Undefined offset: 8
#0 C:\xampp\htdocs\motorepuestosjc\app\Views\modificar_perfil.php(29): CodeIgniter\Debug\Exceptions->errorHandler(8, 'Undefined offse...', 'C:\\xampp\\htdocs...', 29, Array)
#1 C:\xampp\htdocs\motorepuestosjc\system\View\View.php(246): include('C:\\xampp\\htdocs...')
#2 C:\xampp\htdocs\motorepuestosjc\system\Common.php(1119): CodeIgniter\View\View->render('modificar_perfi...', Array, true)
#3 C:\xampp\htdocs\motorepuestosjc\app\Controllers\BaseController.php(120): view('modificar_perfi...', Array, Array)
#4 C:\xampp\htdocs\motorepuestosjc\app\Controllers\VisualizarPerfil.php(27): App\Controllers\BaseController->use_layout('modificar_perfi...', Array)
#5 C:\xampp\htdocs\motorepuestosjc\system\CodeIgniter.php(920): App\Controllers\VisualizarPerfil->getupdate('1')
#6 C:\xampp\htdocs\motorepuestosjc\system\CodeIgniter.php(406): CodeIgniter\CodeIgniter->runController(Object(App\Controllers\VisualizarPerfil))
#7 C:\xampp\htdocs\motorepuestosjc\system\CodeIgniter.php(314): CodeIgniter\CodeIgniter->handleRequest(NULL, Object(Config\Cache), false)
#8 C:\xampp\htdocs\motorepuestosjc\index.php(45): CodeIgniter\CodeIgniter->run()
#9 {main}
CRITICAL - 2020-09-22 16:10:39 --> Undefined offset: 7
#0 C:\xampp\htdocs\motorepuestosjc\app\Views\modificar_perfil.php(29): CodeIgniter\Debug\Exceptions->errorHandler(8, 'Undefined offse...', 'C:\\xampp\\htdocs...', 29, Array)
#1 C:\xampp\htdocs\motorepuestosjc\system\View\View.php(246): include('C:\\xampp\\htdocs...')
#2 C:\xampp\htdocs\motorepuestosjc\system\Common.php(1119): CodeIgniter\View\View->render('modificar_perfi...', Array, true)
#3 C:\xampp\htdocs\motorepuestosjc\app\Controllers\BaseController.php(120): view('modificar_perfi...', Array, Array)
#4 C:\xampp\htdocs\motorepuestosjc\app\Controllers\VisualizarPerfil.php(27): App\Controllers\BaseController->use_layout('modificar_perfi...', Array)
#5 C:\xampp\htdocs\motorepuestosjc\system\CodeIgniter.php(920): App\Controllers\VisualizarPerfil->getupdate('1')
#6 C:\xampp\htdocs\motorepuestosjc\system\CodeIgniter.php(406): CodeIgniter\CodeIgniter->runController(Object(App\Controllers\VisualizarPerfil))
#7 C:\xampp\htdocs\motorepuestosjc\system\CodeIgniter.php(314): CodeIgniter\CodeIgniter->handleRequest(NULL, Object(Config\Cache), false)
#8 C:\xampp\htdocs\motorepuestosjc\index.php(45): CodeIgniter\CodeIgniter->run()
#9 {main}
CRITICAL - 2020-09-22 16:21:21 --> Undefined index: nombreperfil
#0 C:\xampp\htdocs\motorepuestosjc\app\Controllers\VisualizarPerfil.php(33): CodeIgniter\Debug\Exceptions->errorHandler(8, 'Undefined index...', 'C:\\xampp\\htdocs...', 33, Array)
#1 C:\xampp\htdocs\motorepuestosjc\system\CodeIgniter.php(920): App\Controllers\VisualizarPerfil->update('1')
#2 C:\xampp\htdocs\motorepuestosjc\system\CodeIgniter.php(406): CodeIgniter\CodeIgniter->runController(Object(App\Controllers\VisualizarPerfil))
#3 C:\xampp\htdocs\motorepuestosjc\system\CodeIgniter.php(314): CodeIgniter\CodeIgniter->handleRequest(NULL, Object(Config\Cache), false)
#4 C:\xampp\htdocs\motorepuestosjc\index.php(45): CodeIgniter\CodeIgniter->run()
#5 {main}
CRITICAL - 2020-09-22 16:23:15 --> Undefined index: nombreperfil
#0 C:\xampp\htdocs\motorepuestosjc\app\Controllers\VisualizarPerfil.php(33): CodeIgniter\Debug\Exceptions->errorHandler(8, 'Undefined index...', 'C:\\xampp\\htdocs...', 33, Array)
#1 C:\xampp\htdocs\motorepuestosjc\system\CodeIgniter.php(920): App\Controllers\VisualizarPerfil->update('1')
#2 C:\xampp\htdocs\motorepuestosjc\system\CodeIgniter.php(406): CodeIgniter\CodeIgniter->runController(Object(App\Controllers\VisualizarPerfil))
#3 C:\xampp\htdocs\motorepuestosjc\system\CodeIgniter.php(314): CodeIgniter\CodeIgniter->handleRequest(NULL, Object(Config\Cache), false)
#4 C:\xampp\htdocs\motorepuestosjc\index.php(45): CodeIgniter\CodeIgniter->run()
#5 {main}
CRITICAL - 2020-09-22 16:23:48 --> Undefined index: nombreperfil
#0 C:\xampp\htdocs\motorepuestosjc\app\Controllers\VisualizarPerfil.php(33): CodeIgniter\Debug\Exceptions->errorHandler(8, 'Undefined index...', 'C:\\xampp\\htdocs...', 33, Array)
#1 C:\xampp\htdocs\motorepuestosjc\system\CodeIgniter.php(920): App\Controllers\VisualizarPerfil->update('1')
#2 C:\xampp\htdocs\motorepuestosjc\system\CodeIgniter.php(406): CodeIgniter\CodeIgniter->runController(Object(App\Controllers\VisualizarPerfil))
#3 C:\xampp\htdocs\motorepuestosjc\system\CodeIgniter.php(314): CodeIgniter\CodeIgniter->handleRequest(NULL, Object(Config\Cache), false)
#4 C:\xampp\htdocs\motorepuestosjc\index.php(45): CodeIgniter\CodeIgniter->run()
#5 {main}
CRITICAL - 2020-09-22 16:26:17 --> Undefined index: nombreperfil
#0 C:\xampp\htdocs\motorepuestosjc\app\Controllers\VisualizarPerfil.php(33): CodeIgniter\Debug\Exceptions->errorHandler(8, 'Undefined index...', 'C:\\xampp\\htdocs...', 33, Array)
#1 C:\xampp\htdocs\motorepuestosjc\system\CodeIgniter.php(920): App\Controllers\VisualizarPerfil->update('1')
#2 C:\xampp\htdocs\motorepuestosjc\system\CodeIgniter.php(406): CodeIgniter\CodeIgniter->runController(Object(App\Controllers\VisualizarPerfil))
#3 C:\xampp\htdocs\motorepuestosjc\system\CodeIgniter.php(314): CodeIgniter\CodeIgniter->handleRequest(NULL, Object(Config\Cache), false)
#4 C:\xampp\htdocs\motorepuestosjc\index.php(45): CodeIgniter\CodeIgniter->run()
#5 {main}
CRITICAL - 2020-09-22 16:26:19 --> Undefined index: nombreperfil
#0 C:\xampp\htdocs\motorepuestosjc\app\Controllers\VisualizarPerfil.php(33): CodeIgniter\Debug\Exceptions->errorHandler(8, 'Undefined index...', 'C:\\xampp\\htdocs...', 33, Array)
#1 C:\xampp\htdocs\motorepuestosjc\system\CodeIgniter.php(920): App\Controllers\VisualizarPerfil->update('1')
#2 C:\xampp\htdocs\motorepuestosjc\system\CodeIgniter.php(406): CodeIgniter\CodeIgniter->runController(Object(App\Controllers\VisualizarPerfil))
#3 C:\xampp\htdocs\motorepuestosjc\system\CodeIgniter.php(314): CodeIgniter\CodeIgniter->handleRequest(NULL, Object(Config\Cache), false)
#4 C:\xampp\htdocs\motorepuestosjc\index.php(45): CodeIgniter\CodeIgniter->run()
#5 {main}
CRITICAL - 2020-09-22 16:26:27 --> Undefined index: nombreperfil
#0 C:\xampp\htdocs\motorepuestosjc\app\Controllers\VisualizarPerfil.php(33): CodeIgniter\Debug\Exceptions->errorHandler(8, 'Undefined index...', 'C:\\xampp\\htdocs...', 33, Array)
#1 C:\xampp\htdocs\motorepuestosjc\system\CodeIgniter.php(920): App\Controllers\VisualizarPerfil->update('1')
#2 C:\xampp\htdocs\motorepuestosjc\system\CodeIgniter.php(406): CodeIgniter\CodeIgniter->runController(Object(App\Controllers\VisualizarPerfil))
#3 C:\xampp\htdocs\motorepuestosjc\system\CodeIgniter.php(314): CodeIgniter\CodeIgniter->handleRequest(NULL, Object(Config\Cache), false)
#4 C:\xampp\htdocs\motorepuestosjc\index.php(45): CodeIgniter\CodeIgniter->run()
#5 {main}
CRITICAL - 2020-09-22 16:27:00 --> Undefined index: nombreperfil
#0 C:\xampp\htdocs\motorepuestosjc\app\Controllers\VisualizarPerfil.php(33): CodeIgniter\Debug\Exceptions->errorHandler(8, 'Undefined index...', 'C:\\xampp\\htdocs...', 33, Array)
#1 C:\xampp\htdocs\motorepuestosjc\system\CodeIgniter.php(920): App\Controllers\VisualizarPerfil->update('1')
#2 C:\xampp\htdocs\motorepuestosjc\system\CodeIgniter.php(406): CodeIgniter\CodeIgniter->runController(Object(App\Controllers\VisualizarPerfil))
#3 C:\xampp\htdocs\motorepuestosjc\system\CodeIgniter.php(314): CodeIgniter\CodeIgniter->handleRequest(NULL, Object(Config\Cache), false)
#4 C:\xampp\htdocs\motorepuestosjc\index.php(45): CodeIgniter\CodeIgniter->run()
#5 {main}
CRITICAL - 2020-09-22 16:27:02 --> Undefined index: nombreperfil
#0 C:\xampp\htdocs\motorepuestosjc\app\Controllers\VisualizarPerfil.php(33): CodeIgniter\Debug\Exceptions->errorHandler(8, 'Undefined index...', 'C:\\xampp\\htdocs...', 33, Array)
#1 C:\xampp\htdocs\motorepuestosjc\system\CodeIgniter.php(920): App\Controllers\VisualizarPerfil->update('1')
#2 C:\xampp\htdocs\motorepuestosjc\system\CodeIgniter.php(406): CodeIgniter\CodeIgniter->runController(Object(App\Controllers\VisualizarPerfil))
#3 C:\xampp\htdocs\motorepuestosjc\system\CodeIgniter.php(314): CodeIgniter\CodeIgniter->handleRequest(NULL, Object(Config\Cache), false)
#4 C:\xampp\htdocs\motorepuestosjc\index.php(45): CodeIgniter\CodeIgniter->run()
#5 {main}
CRITICAL - 2020-09-22 16:27:07 --> Undefined index: nombreperfil
#0 C:\xampp\htdocs\motorepuestosjc\app\Controllers\VisualizarPerfil.php(33): CodeIgniter\Debug\Exceptions->errorHandler(8, 'Undefined index...', 'C:\\xampp\\htdocs...', 33, Array)
#1 C:\xampp\htdocs\motorepuestosjc\system\CodeIgniter.php(920): App\Controllers\VisualizarPerfil->update('1')
#2 C:\xampp\htdocs\motorepuestosjc\system\CodeIgniter.php(406): CodeIgniter\CodeIgniter->runController(Object(App\Controllers\VisualizarPerfil))
#3 C:\xampp\htdocs\motorepuestosjc\system\CodeIgniter.php(314): CodeIgniter\CodeIgniter->handleRequest(NULL, Object(Config\Cache), false)
#4 C:\xampp\htdocs\motorepuestosjc\index.php(45): CodeIgniter\CodeIgniter->run()
#5 {main}
CRITICAL - 2020-09-22 16:28:23 --> Undefined index: nombreperfil
#0 C:\xampp\htdocs\motorepuestosjc\app\Controllers\VisualizarPerfil.php(33): CodeIgniter\Debug\Exceptions->errorHandler(8, 'Undefined index...', 'C:\\xampp\\htdocs...', 33, Array)
#1 C:\xampp\htdocs\motorepuestosjc\system\CodeIgniter.php(920): App\Controllers\VisualizarPerfil->update('1')
#2 C:\xampp\htdocs\motorepuestosjc\system\CodeIgniter.php(406): CodeIgniter\CodeIgniter->runController(Object(App\Controllers\VisualizarPerfil))
#3 C:\xampp\htdocs\motorepuestosjc\system\CodeIgniter.php(314): CodeIgniter\CodeIgniter->handleRequest(NULL, Object(Config\Cache), false)
#4 C:\xampp\htdocs\motorepuestosjc\index.php(45): CodeIgniter\CodeIgniter->run()
#5 {main}
CRITICAL - 2020-09-22 16:37:45 --> Call to undefined function form_open()
#0 C:\xampp\htdocs\motorepuestosjc\system\View\View.php(246): include()
#1 C:\xampp\htdocs\motorepuestosjc\system\Common.php(1119): CodeIgniter\View\View->render('modificar_perfi...', Array, true)
#2 C:\xampp\htdocs\motorepuestosjc\app\Controllers\BaseController.php(120): view('modificar_perfi...', Array, Array)
#3 C:\xampp\htdocs\motorepuestosjc\app\Controllers\VisualizarPerfil.php(27): App\Controllers\BaseController->use_layout('modificar_perfi...', Array)
#4 C:\xampp\htdocs\motorepuestosjc\system\CodeIgniter.php(920): App\Controllers\VisualizarPerfil->getupdate('1')
#5 C:\xampp\htdocs\motorepuestosjc\system\CodeIgniter.php(406): CodeIgniter\CodeIgniter->runController(Object(App\Controllers\VisualizarPerfil))
#6 C:\xampp\htdocs\motorepuestosjc\system\CodeIgniter.php(314): CodeIgniter\CodeIgniter->handleRequest(NULL, Object(Config\Cache), false)
#7 C:\xampp\htdocs\motorepuestosjc\index.php(45): CodeIgniter\CodeIgniter->run()
#8 {main}
CRITICAL - 2020-09-22 16:40:35 --> Undefined index: nombreperfil
#0 C:\xampp\htdocs\motorepuestosjc\app\Controllers\VisualizarPerfil.php(34): CodeIgniter\Debug\Exceptions->errorHandler(8, 'Undefined index...', 'C:\\xampp\\htdocs...', 34, Array)
#1 C:\xampp\htdocs\motorepuestosjc\system\CodeIgniter.php(920): App\Controllers\VisualizarPerfil->update('1')
#2 C:\xampp\htdocs\motorepuestosjc\system\CodeIgniter.php(406): CodeIgniter\CodeIgniter->runController(Object(App\Controllers\VisualizarPerfil))
#3 C:\xampp\htdocs\motorepuestosjc\system\CodeIgniter.php(314): CodeIgniter\CodeIgniter->handleRequest(NULL, Object(Config\Cache), false)
#4 C:\xampp\htdocs\motorepuestosjc\index.php(45): CodeIgniter\CodeIgniter->run()
#5 {main}
CRITICAL - 2020-09-22 16:53:21 --> Undefined index: checks
#0 C:\xampp\htdocs\motorepuestosjc\app\Controllers\VisualizarPerfil.php(37): CodeIgniter\Debug\Exceptions->errorHandler(8, 'Undefined index...', 'C:\\xampp\\htdocs...', 37, Array)
#1 C:\xampp\htdocs\motorepuestosjc\system\CodeIgniter.php(920): App\Controllers\VisualizarPerfil->update('1')
#2 C:\xampp\htdocs\motorepuestosjc\system\CodeIgniter.php(406): CodeIgniter\CodeIgniter->runController(Object(App\Controllers\VisualizarPerfil))
#3 C:\xampp\htdocs\motorepuestosjc\system\CodeIgniter.php(314): CodeIgniter\CodeIgniter->handleRequest(NULL, Object(Config\Cache), false)
#4 C:\xampp\htdocs\motorepuestosjc\index.php(45): CodeIgniter\CodeIgniter->run()
#5 {main}
CRITICAL - 2020-09-22 16:54:05 --> Invalid argument supplied for foreach()
#0 C:\xampp\htdocs\motorepuestosjc\app\Controllers\VisualizarPerfil.php(37): CodeIgniter\Debug\Exceptions->errorHandler(2, 'Invalid argumen...', 'C:\\xampp\\htdocs...', 37, Array)
#1 C:\xampp\htdocs\motorepuestosjc\system\CodeIgniter.php(920): App\Controllers\VisualizarPerfil->update('1')
#2 C:\xampp\htdocs\motorepuestosjc\system\CodeIgniter.php(406): CodeIgniter\CodeIgniter->runController(Object(App\Controllers\VisualizarPerfil))
#3 C:\xampp\htdocs\motorepuestosjc\system\CodeIgniter.php(314): CodeIgniter\CodeIgniter->handleRequest(NULL, Object(Config\Cache), false)
#4 C:\xampp\htdocs\motorepuestosjc\index.php(45): CodeIgniter\CodeIgniter->run()
#5 {main}
CRITICAL - 2020-09-22 16:54:35 --> Invalid argument supplied for foreach()
#0 C:\xampp\htdocs\motorepuestosjc\app\Controllers\VisualizarPerfil.php(37): CodeIgniter\Debug\Exceptions->errorHandler(2, 'Invalid argumen...', 'C:\\xampp\\htdocs...', 37, Array)
#1 C:\xampp\htdocs\motorepuestosjc\system\CodeIgniter.php(920): App\Controllers\VisualizarPerfil->update('1')
#2 C:\xampp\htdocs\motorepuestosjc\system\CodeIgniter.php(406): CodeIgniter\CodeIgniter->runController(Object(App\Controllers\VisualizarPerfil))
#3 C:\xampp\htdocs\motorepuestosjc\system\CodeIgniter.php(314): CodeIgniter\CodeIgniter->handleRequest(NULL, Object(Config\Cache), false)
#4 C:\xampp\htdocs\motorepuestosjc\index.php(45): CodeIgniter\CodeIgniter->run()
#5 {main}
CRITICAL - 2020-09-22 16:54:39 --> Invalid argument supplied for foreach()
#0 C:\xampp\htdocs\motorepuestosjc\app\Controllers\VisualizarPerfil.php(37): CodeIgniter\Debug\Exceptions->errorHandler(2, 'Invalid argumen...', 'C:\\xampp\\htdocs...', 37, Array)
#1 C:\xampp\htdocs\motorepuestosjc\system\CodeIgniter.php(920): App\Controllers\VisualizarPerfil->update('1')
#2 C:\xampp\htdocs\motorepuestosjc\system\CodeIgniter.php(406): CodeIgniter\CodeIgniter->runController(Object(App\Controllers\VisualizarPerfil))
#3 C:\xampp\htdocs\motorepuestosjc\system\CodeIgniter.php(314): CodeIgniter\CodeIgniter->handleRequest(NULL, Object(Config\Cache), false)
#4 C:\xampp\htdocs\motorepuestosjc\index.php(45): CodeIgniter\CodeIgniter->run()
#5 {main}
CRITICAL - 2020-09-22 16:54:47 --> Invalid argument supplied for foreach()
#0 C:\xampp\htdocs\motorepuestosjc\app\Controllers\VisualizarPerfil.php(37): CodeIgniter\Debug\Exceptions->errorHandler(2, 'Invalid argumen...', 'C:\\xampp\\htdocs...', 37, Array)
#1 C:\xampp\htdocs\motorepuestosjc\system\CodeIgniter.php(920): App\Controllers\VisualizarPerfil->update('1')
#2 C:\xampp\htdocs\motorepuestosjc\system\CodeIgniter.php(406): CodeIgniter\CodeIgniter->runController(Object(App\Controllers\VisualizarPerfil))
#3 C:\xampp\htdocs\motorepuestosjc\system\CodeIgniter.php(314): CodeIgniter\CodeIgniter->handleRequest(NULL, Object(Config\Cache), false)
#4 C:\xampp\htdocs\motorepuestosjc\index.php(45): CodeIgniter\CodeIgniter->run()
#5 {main}
CRITICAL - 2020-09-22 16:55:25 --> Invalid argument supplied for foreach()
#0 C:\xampp\htdocs\motorepuestosjc\app\Controllers\VisualizarPerfil.php(38): CodeIgniter\Debug\Exceptions->errorHandler(2, 'Invalid argumen...', 'C:\\xampp\\htdocs...', 38, Array)
#1 C:\xampp\htdocs\motorepuestosjc\system\CodeIgniter.php(920): App\Controllers\VisualizarPerfil->update('1')
#2 C:\xampp\htdocs\motorepuestosjc\system\CodeIgniter.php(406): CodeIgniter\CodeIgniter->runController(Object(App\Controllers\VisualizarPerfil))
#3 C:\xampp\htdocs\motorepuestosjc\system\CodeIgniter.php(314): CodeIgniter\CodeIgniter->handleRequest(NULL, Object(Config\Cache), false)
#4 C:\xampp\htdocs\motorepuestosjc\index.php(45): CodeIgniter\CodeIgniter->run()
#5 {main}
CRITICAL - 2020-09-22 16:55:27 --> Invalid argument supplied for foreach()
#0 C:\xampp\htdocs\motorepuestosjc\app\Controllers\VisualizarPerfil.php(38): CodeIgniter\Debug\Exceptions->errorHandler(2, 'Invalid argumen...', 'C:\\xampp\\htdocs...', 38, Array)
#1 C:\xampp\htdocs\motorepuestosjc\system\CodeIgniter.php(920): App\Controllers\VisualizarPerfil->update('1')
#2 C:\xampp\htdocs\motorepuestosjc\system\CodeIgniter.php(406): CodeIgniter\CodeIgniter->runController(Object(App\Controllers\VisualizarPerfil))
#3 C:\xampp\htdocs\motorepuestosjc\system\CodeIgniter.php(314): CodeIgniter\CodeIgniter->handleRequest(NULL, Object(Config\Cache), false)
#4 C:\xampp\htdocs\motorepuestosjc\index.php(45): CodeIgniter\CodeIgniter->run()
#5 {main}
CRITICAL - 2020-09-22 17:36:02 --> Undefined variable: perfiles2
#0 C:\xampp\htdocs\motorepuestosjc\app\Controllers\VisualizarPerfil.php(26): CodeIgniter\Debug\Exceptions->errorHandler(8, 'Undefined varia...', 'C:\\xampp\\htdocs...', 26, Array)
#1 C:\xampp\htdocs\motorepuestosjc\system\CodeIgniter.php(920): App\Controllers\VisualizarPerfil->getupdate('1')
#2 C:\xampp\htdocs\motorepuestosjc\system\CodeIgniter.php(406): CodeIgniter\CodeIgniter->runController(Object(App\Controllers\VisualizarPerfil))
#3 C:\xampp\htdocs\motorepuestosjc\system\CodeIgniter.php(314): CodeIgniter\CodeIgniter->handleRequest(NULL, Object(Config\Cache), false)
#4 C:\xampp\htdocs\motorepuestosjc\index.php(45): CodeIgniter\CodeIgniter->run()
#5 {main}
CRITICAL - 2020-09-22 17:36:10 --> Undefined variable: perfiles2
#0 C:\xampp\htdocs\motorepuestosjc\app\Controllers\VisualizarPerfil.php(26): CodeIgniter\Debug\Exceptions->errorHandler(8, 'Undefined varia...', 'C:\\xampp\\htdocs...', 26, Array)
#1 C:\xampp\htdocs\motorepuestosjc\system\CodeIgniter.php(920): App\Controllers\VisualizarPerfil->getupdate('1')
#2 C:\xampp\htdocs\motorepuestosjc\system\CodeIgniter.php(406): CodeIgniter\CodeIgniter->runController(Object(App\Controllers\VisualizarPerfil))
#3 C:\xampp\htdocs\motorepuestosjc\system\CodeIgniter.php(314): CodeIgniter\CodeIgniter->handleRequest(NULL, Object(Config\Cache), false)
#4 C:\xampp\htdocs\motorepuestosjc\index.php(45): CodeIgniter\CodeIgniter->run()
#5 {main}
CRITICAL - 2020-09-22 17:59:16 --> syntax error, unexpected '}', expecting end of file
#0 C:\xampp\htdocs\motorepuestosjc\system\Common.php(1119): CodeIgniter\View\View->render('modificar_perfi...', Array, true)
#1 C:\xampp\htdocs\motorepuestosjc\app\Controllers\BaseController.php(120): view('modificar_perfi...', Array, Array)
#2 C:\xampp\htdocs\motorepuestosjc\app\Controllers\VisualizarPerfil.php(28): App\Controllers\BaseController->use_layout('modificar_perfi...', Array)
#3 C:\xampp\htdocs\motorepuestosjc\system\CodeIgniter.php(920): App\Controllers\VisualizarPerfil->getupdate('1')
#4 C:\xampp\htdocs\motorepuestosjc\system\CodeIgniter.php(406): CodeIgniter\CodeIgniter->runController(Object(App\Controllers\VisualizarPerfil))
#5 C:\xampp\htdocs\motorepuestosjc\system\CodeIgniter.php(314): CodeIgniter\CodeIgniter->handleRequest(NULL, Object(Config\Cache), false)
#6 C:\xampp\htdocs\motorepuestosjc\index.php(45): CodeIgniter\CodeIgniter->run()
#7 {main}
CRITICAL - 2020-09-22 17:59:48 --> syntax error, unexpected '}', expecting end of file
#0 C:\xampp\htdocs\motorepuestosjc\system\Common.php(1119): CodeIgniter\View\View->render('modificar_perfi...', Array, true)
#1 C:\xampp\htdocs\motorepuestosjc\app\Controllers\BaseController.php(120): view('modificar_perfi...', Array, Array)
#2 C:\xampp\htdocs\motorepuestosjc\app\Controllers\VisualizarPerfil.php(28): App\Controllers\BaseController->use_layout('modificar_perfi...', Array)
#3 C:\xampp\htdocs\motorepuestosjc\system\CodeIgniter.php(920): App\Controllers\VisualizarPerfil->getupdate('1')
#4 C:\xampp\htdocs\motorepuestosjc\system\CodeIgniter.php(406): CodeIgniter\CodeIgniter->runController(Object(App\Controllers\VisualizarPerfil))
#5 C:\xampp\htdocs\motorepuestosjc\system\CodeIgniter.php(314): CodeIgniter\CodeIgniter->handleRequest(NULL, Object(Config\Cache), false)
#6 C:\xampp\htdocs\motorepuestosjc\index.php(45): CodeIgniter\CodeIgniter->run()
#7 {main}
CRITICAL - 2020-09-22 17:59:51 --> syntax error, unexpected '}', expecting end of file
#0 C:\xampp\htdocs\motorepuestosjc\system\Common.php(1119): CodeIgniter\View\View->render('modificar_perfi...', Array, true)
#1 C:\xampp\htdocs\motorepuestosjc\app\Controllers\BaseController.php(120): view('modificar_perfi...', Array, Array)
#2 C:\xampp\htdocs\motorepuestosjc\app\Controllers\VisualizarPerfil.php(28): App\Controllers\BaseController->use_layout('modificar_perfi...', Array)
#3 C:\xampp\htdocs\motorepuestosjc\system\CodeIgniter.php(920): App\Controllers\VisualizarPerfil->getupdate('1')
#4 C:\xampp\htdocs\motorepuestosjc\system\CodeIgniter.php(406): CodeIgniter\CodeIgniter->runController(Object(App\Controllers\VisualizarPerfil))
#5 C:\xampp\htdocs\motorepuestosjc\system\CodeIgniter.php(314): CodeIgniter\CodeIgniter->handleRequest(NULL, Object(Config\Cache), false)
#6 C:\xampp\htdocs\motorepuestosjc\index.php(45): CodeIgniter\CodeIgniter->run()
#7 {main}
CRITICAL - 2020-09-22 18:00:29 --> syntax error, unexpected '}', expecting end of file
#0 C:\xampp\htdocs\motorepuestosjc\system\Common.php(1119): CodeIgniter\View\View->render('modificar_perfi...', Array, true)
#1 C:\xampp\htdocs\motorepuestosjc\app\Controllers\BaseController.php(120): view('modificar_perfi...', Array, Array)
#2 C:\xampp\htdocs\motorepuestosjc\app\Controllers\VisualizarPerfil.php(28): App\Controllers\BaseController->use_layout('modificar_perfi...', Array)
#3 C:\xampp\htdocs\motorepuestosjc\system\CodeIgniter.php(920): App\Controllers\VisualizarPerfil->getupdate('1')
#4 C:\xampp\htdocs\motorepuestosjc\system\CodeIgniter.php(406): CodeIgniter\CodeIgniter->runController(Object(App\Controllers\VisualizarPerfil))
#5 C:\xampp\htdocs\motorepuestosjc\system\CodeIgniter.php(314): CodeIgniter\CodeIgniter->handleRequest(NULL, Object(Config\Cache), false)
#6 C:\xampp\htdocs\motorepuestosjc\index.php(45): CodeIgniter\CodeIgniter->run()
#7 {main}
CRITICAL - 2020-09-22 19:10:47 --> Undefined property: CodeIgniter\HTTP\IncomingRequest::$getPost
#0 C:\xampp\htdocs\motorepuestosjc\app\Controllers\VisualizarPerfil.php(37): CodeIgniter\Debug\Exceptions->errorHandler(8, 'Undefined prope...', 'C:\\xampp\\htdocs...', 37, Array)
#1 C:\xampp\htdocs\motorepuestosjc\system\CodeIgniter.php(920): App\Controllers\VisualizarPerfil->update('1')
#2 C:\xampp\htdocs\motorepuestosjc\system\CodeIgniter.php(406): CodeIgniter\CodeIgniter->runController(Object(App\Controllers\VisualizarPerfil))
#3 C:\xampp\htdocs\motorepuestosjc\system\CodeIgniter.php(314): CodeIgniter\CodeIgniter->handleRequest(NULL, Object(Config\Cache), false)
#4 C:\xampp\htdocs\motorepuestosjc\index.php(45): CodeIgniter\CodeIgniter->run()
#5 {main}
CRITICAL - 2020-09-22 19:11:07 --> syntax error, unexpected ';', expecting ',' or ')'
#0 C:\xampp\htdocs\motorepuestosjc\system\Router\Router.php(195): CodeIgniter\Router\Router->autoRoute('visualizarperfi...')
#1 C:\xampp\htdocs\motorepuestosjc\system\CodeIgniter.php(795): CodeIgniter\Router\Router->handle('visualizarperfi...')
#2 C:\xampp\htdocs\motorepuestosjc\system\CodeIgniter.php(366): CodeIgniter\CodeIgniter->tryToRouteIt(Object(CodeIgniter\Router\RouteCollection))
#3 C:\xampp\htdocs\motorepuestosjc\system\CodeIgniter.php(314): CodeIgniter\CodeIgniter->handleRequest(NULL, Object(Config\Cache), false)
#4 C:\xampp\htdocs\motorepuestosjc\index.php(45): CodeIgniter\CodeIgniter->run()
#5 {main}
CRITICAL - 2020-09-22 19:11:30 --> syntax error, unexpected ';', expecting ',' or ')'
#0 C:\xampp\htdocs\motorepuestosjc\system\Router\Router.php(195): CodeIgniter\Router\Router->autoRoute('visualizarperfi...')
#1 C:\xampp\htdocs\motorepuestosjc\system\CodeIgniter.php(795): CodeIgniter\Router\Router->handle('visualizarperfi...')
#2 C:\xampp\htdocs\motorepuestosjc\system\CodeIgniter.php(366): CodeIgniter\CodeIgniter->tryToRouteIt(Object(CodeIgniter\Router\RouteCollection))
#3 C:\xampp\htdocs\motorepuestosjc\system\CodeIgniter.php(314): CodeIgniter\CodeIgniter->handleRequest(NULL, Object(Config\Cache), false)
#4 C:\xampp\htdocs\motorepuestosjc\index.php(45): CodeIgniter\CodeIgniter->run()
#5 {main}
CRITICAL - 2020-09-22 19:11:38 --> syntax error, unexpected ';', expecting ',' or ')'
#0 C:\xampp\htdocs\motorepuestosjc\system\Router\Router.php(195): CodeIgniter\Router\Router->autoRoute('visualizarperfi...')
#1 C:\xampp\htdocs\motorepuestosjc\system\CodeIgniter.php(795): CodeIgniter\Router\Router->handle('visualizarperfi...')
#2 C:\xampp\htdocs\motorepuestosjc\system\CodeIgniter.php(366): CodeIgniter\CodeIgniter->tryToRouteIt(Object(CodeIgniter\Router\RouteCollection))
#3 C:\xampp\htdocs\motorepuestosjc\system\CodeIgniter.php(314): CodeIgniter\CodeIgniter->handleRequest(NULL, Object(Config\Cache), false)
#4 C:\xampp\htdocs\motorepuestosjc\index.php(45): CodeIgniter\CodeIgniter->run()
#5 {main}
CRITICAL - 2020-09-22 19:11:40 --> syntax error, unexpected ';', expecting ',' or ')'
#0 C:\xampp\htdocs\motorepuestosjc\system\Router\Router.php(195): CodeIgniter\Router\Router->autoRoute('visualizarperfi...')
#1 C:\xampp\htdocs\motorepuestosjc\system\CodeIgniter.php(795): CodeIgniter\Router\Router->handle('visualizarperfi...')
#2 C:\xampp\htdocs\motorepuestosjc\system\CodeIgniter.php(366): CodeIgniter\CodeIgniter->tryToRouteIt(Object(CodeIgniter\Router\RouteCollection))
#3 C:\xampp\htdocs\motorepuestosjc\system\CodeIgniter.php(314): CodeIgniter\CodeIgniter->handleRequest(NULL, Object(Config\Cache), false)
#4 C:\xampp\htdocs\motorepuestosjc\index.php(45): CodeIgniter\CodeIgniter->run()
#5 {main}
CRITICAL - 2020-09-22 19:11:43 --> syntax error, unexpected ';', expecting ',' or ')'
#0 C:\xampp\htdocs\motorepuestosjc\system\Router\Router.php(195): CodeIgniter\Router\Router->autoRoute('VisualizarPerfi...')
#1 C:\xampp\htdocs\motorepuestosjc\system\CodeIgniter.php(795): CodeIgniter\Router\Router->handle('VisualizarPerfi...')
#2 C:\xampp\htdocs\motorepuestosjc\system\CodeIgniter.php(366): CodeIgniter\CodeIgniter->tryToRouteIt(Object(CodeIgniter\Router\RouteCollection))
#3 C:\xampp\htdocs\motorepuestosjc\system\CodeIgniter.php(314): CodeIgniter\CodeIgniter->handleRequest(NULL, Object(Config\Cache), false)
#4 C:\xampp\htdocs\motorepuestosjc\index.php(45): CodeIgniter\CodeIgniter->run()
#5 {main}
CRITICAL - 2020-09-22 19:11:55 --> syntax error, unexpected ';', expecting ',' or ')'
#0 C:\xampp\htdocs\motorepuestosjc\system\Router\Router.php(195): CodeIgniter\Router\Router->autoRoute('VisualizarPerfi...')
#1 C:\xampp\htdocs\motorepuestosjc\system\CodeIgniter.php(795): CodeIgniter\Router\Router->handle('VisualizarPerfi...')
#2 C:\xampp\htdocs\motorepuestosjc\system\CodeIgniter.php(366): CodeIgniter\CodeIgniter->tryToRouteIt(Object(CodeIgniter\Router\RouteCollection))
#3 C:\xampp\htdocs\motorepuestosjc\system\CodeIgniter.php(314): CodeIgniter\CodeIgniter->handleRequest(NULL, Object(Config\Cache), false)
#4 C:\xampp\htdocs\motorepuestosjc\index.php(45): CodeIgniter\CodeIgniter->run()
#5 {main}
CRITICAL - 2020-09-22 19:11:59 --> syntax error, unexpected ';', expecting ',' or ')'
#0 C:\xampp\htdocs\motorepuestosjc\system\Router\Router.php(195): CodeIgniter\Router\Router->autoRoute('visualizarperfi...')
#1 C:\xampp\htdocs\motorepuestosjc\system\CodeIgniter.php(795): CodeIgniter\Router\Router->handle('visualizarperfi...')
#2 C:\xampp\htdocs\motorepuestosjc\system\CodeIgniter.php(366): CodeIgniter\CodeIgniter->tryToRouteIt(Object(CodeIgniter\Router\RouteCollection))
#3 C:\xampp\htdocs\motorepuestosjc\system\CodeIgniter.php(314): CodeIgniter\CodeIgniter->handleRequest(NULL, Object(Config\Cache), false)
#4 C:\xampp\htdocs\motorepuestosjc\index.php(45): CodeIgniter\CodeIgniter->run()
#5 {main}
CRITICAL - 2020-09-22 19:12:04 --> syntax error, unexpected ';', expecting ',' or ')'
#0 C:\xampp\htdocs\motorepuestosjc\system\Router\Router.php(195): CodeIgniter\Router\Router->autoRoute('visualizarperfi...')
#1 C:\xampp\htdocs\motorepuestosjc\system\CodeIgniter.php(795): CodeIgniter\Router\Router->handle('visualizarperfi...')
#2 C:\xampp\htdocs\motorepuestosjc\system\CodeIgniter.php(366): CodeIgniter\CodeIgniter->tryToRouteIt(Object(CodeIgniter\Router\RouteCollection))
#3 C:\xampp\htdocs\motorepuestosjc\system\CodeIgniter.php(314): CodeIgniter\CodeIgniter->handleRequest(NULL, Object(Config\Cache), false)
#4 C:\xampp\htdocs\motorepuestosjc\index.php(45): CodeIgniter\CodeIgniter->run()
#5 {main}
CRITICAL - 2020-09-22 19:26:48 --> Invalid argument supplied for foreach()
#0 C:\xampp\htdocs\motorepuestosjc\app\Controllers\VisualizarPerfil.php(40): CodeIgniter\Debug\Exceptions->errorHandler(2, 'Invalid argumen...', 'C:\\xampp\\htdocs...', 40, Array)
#1 C:\xampp\htdocs\motorepuestosjc\system\CodeIgniter.php(920): App\Controllers\VisualizarPerfil->update('1')
#2 C:\xampp\htdocs\motorepuestosjc\system\CodeIgniter.php(406): CodeIgniter\CodeIgniter->runController(Object(App\Controllers\VisualizarPerfil))
#3 C:\xampp\htdocs\motorepuestosjc\system\CodeIgniter.php(314): CodeIgniter\CodeIgniter->handleRequest(NULL, Object(Config\Cache), false)
#4 C:\xampp\htdocs\motorepuestosjc\index.php(45): CodeIgniter\CodeIgniter->run()
#5 {main}
CRITICAL - 2020-09-22 19:41:31 --> syntax error, unexpected ')'
#0 C:\xampp\htdocs\motorepuestosjc\system\Router\Router.php(195): CodeIgniter\Router\Router->autoRoute('visualizarperfi...')
#1 C:\xampp\htdocs\motorepuestosjc\system\CodeIgniter.php(795): CodeIgniter\Router\Router->handle('visualizarperfi...')
#2 C:\xampp\htdocs\motorepuestosjc\system\CodeIgniter.php(366): CodeIgniter\CodeIgniter->tryToRouteIt(Object(CodeIgniter\Router\RouteCollection))
#3 C:\xampp\htdocs\motorepuestosjc\system\CodeIgniter.php(314): CodeIgniter\CodeIgniter->handleRequest(NULL, Object(Config\Cache), false)
#4 C:\xampp\htdocs\motorepuestosjc\index.php(45): CodeIgniter\CodeIgniter->run()
#5 {main}
CRITICAL - 2020-09-22 19:43:59 --> syntax error, unexpected 'public' (T_PUBLIC)
#0 C:\xampp\htdocs\motorepuestosjc\system\Router\Router.php(195): CodeIgniter\Router\Router->autoRoute('visualizarperfi...')
#1 C:\xampp\htdocs\motorepuestosjc\system\CodeIgniter.php(795): CodeIgniter\Router\Router->handle('visualizarperfi...')
#2 C:\xampp\htdocs\motorepuestosjc\system\CodeIgniter.php(366): CodeIgniter\CodeIgniter->tryToRouteIt(Object(CodeIgniter\Router\RouteCollection))
#3 C:\xampp\htdocs\motorepuestosjc\system\CodeIgniter.php(314): CodeIgniter\CodeIgniter->handleRequest(NULL, Object(Config\Cache), false)
#4 C:\xampp\htdocs\motorepuestosjc\index.php(45): CodeIgniter\CodeIgniter->run()
#5 {main}
CRITICAL - 2020-09-22 19:44:16 --> syntax error, unexpected 'public' (T_PUBLIC)
#0 C:\xampp\htdocs\motorepuestosjc\system\Router\Router.php(195): CodeIgniter\Router\Router->autoRoute('visualizarperfi...')
#1 C:\xampp\htdocs\motorepuestosjc\system\CodeIgniter.php(795): CodeIgniter\Router\Router->handle('visualizarperfi...')
#2 C:\xampp\htdocs\motorepuestosjc\system\CodeIgniter.php(366): CodeIgniter\CodeIgniter->tryToRouteIt(Object(CodeIgniter\Router\RouteCollection))
#3 C:\xampp\htdocs\motorepuestosjc\system\CodeIgniter.php(314): CodeIgniter\CodeIgniter->handleRequest(NULL, Object(Config\Cache), false)
#4 C:\xampp\htdocs\motorepuestosjc\index.php(45): CodeIgniter\CodeIgniter->run()
#5 {main}
CRITICAL - 2020-09-22 19:44:32 --> syntax error, unexpected 'public' (T_PUBLIC)
#0 C:\xampp\htdocs\motorepuestosjc\system\Router\Router.php(195): CodeIgniter\Router\Router->autoRoute('visualizarperfi...')
#1 C:\xampp\htdocs\motorepuestosjc\system\CodeIgniter.php(795): CodeIgniter\Router\Router->handle('visualizarperfi...')
#2 C:\xampp\htdocs\motorepuestosjc\system\CodeIgniter.php(366): CodeIgniter\CodeIgniter->tryToRouteIt(Object(CodeIgniter\Router\RouteCollection))
#3 C:\xampp\htdocs\motorepuestosjc\system\CodeIgniter.php(314): CodeIgniter\CodeIgniter->handleRequest(NULL, Object(Config\Cache), false)
#4 C:\xampp\htdocs\motorepuestosjc\index.php(45): CodeIgniter\CodeIgniter->run()
#5 {main}
CRITICAL - 2020-09-22 19:44:34 --> syntax error, unexpected 'public' (T_PUBLIC)
#0 C:\xampp\htdocs\motorepuestosjc\system\Router\Router.php(195): CodeIgniter\Router\Router->autoRoute('visualizarperfi...')
#1 C:\xampp\htdocs\motorepuestosjc\system\CodeIgniter.php(795): CodeIgniter\Router\Router->handle('visualizarperfi...')
#2 C:\xampp\htdocs\motorepuestosjc\system\CodeIgniter.php(366): CodeIgniter\CodeIgniter->tryToRouteIt(Object(CodeIgniter\Router\RouteCollection))
#3 C:\xampp\htdocs\motorepuestosjc\system\CodeIgniter.php(314): CodeIgniter\CodeIgniter->handleRequest(NULL, Object(Config\Cache), false)
#4 C:\xampp\htdocs\motorepuestosjc\index.php(45): CodeIgniter\CodeIgniter->run()
#5 {main}
CRITICAL - 2020-09-22 19:45:03 --> syntax error, unexpected 'public' (T_PUBLIC)
#0 C:\xampp\htdocs\motorepuestosjc\system\Router\Router.php(195): CodeIgniter\Router\Router->autoRoute('visualizarperfi...')
#1 C:\xampp\htdocs\motorepuestosjc\system\CodeIgniter.php(795): CodeIgniter\Router\Router->handle('visualizarperfi...')
#2 C:\xampp\htdocs\motorepuestosjc\system\CodeIgniter.php(366): CodeIgniter\CodeIgniter->tryToRouteIt(Object(CodeIgniter\Router\RouteCollection))
#3 C:\xampp\htdocs\motorepuestosjc\system\CodeIgniter.php(314): CodeIgniter\CodeIgniter->handleRequest(NULL, Object(Config\Cache), false)
#4 C:\xampp\htdocs\motorepuestosjc\index.php(45): CodeIgniter\CodeIgniter->run()
#5 {main}
CRITICAL - 2020-09-22 19:45:04 --> syntax error, unexpected 'public' (T_PUBLIC)
#0 C:\xampp\htdocs\motorepuestosjc\system\Router\Router.php(195): CodeIgniter\Router\Router->autoRoute('visualizarperfi...')
#1 C:\xampp\htdocs\motorepuestosjc\system\CodeIgniter.php(795): CodeIgniter\Router\Router->handle('visualizarperfi...')
#2 C:\xampp\htdocs\motorepuestosjc\system\CodeIgniter.php(366): CodeIgniter\CodeIgniter->tryToRouteIt(Object(CodeIgniter\Router\RouteCollection))
#3 C:\xampp\htdocs\motorepuestosjc\system\CodeIgniter.php(314): CodeIgniter\CodeIgniter->handleRequest(NULL, Object(Config\Cache), false)
#4 C:\xampp\htdocs\motorepuestosjc\index.php(45): CodeIgniter\CodeIgniter->run()
#5 {main}
CRITICAL - 2020-09-22 19:45:30 --> syntax error, unexpected 'public' (T_PUBLIC)
#0 C:\xampp\htdocs\motorepuestosjc\system\Router\Router.php(195): CodeIgniter\Router\Router->autoRoute('visualizarperfi...')
#1 C:\xampp\htdocs\motorepuestosjc\system\CodeIgniter.php(795): CodeIgniter\Router\Router->handle('visualizarperfi...')
#2 C:\xampp\htdocs\motorepuestosjc\system\CodeIgniter.php(366): CodeIgniter\CodeIgniter->tryToRouteIt(Object(CodeIgniter\Router\RouteCollection))
#3 C:\xampp\htdocs\motorepuestosjc\system\CodeIgniter.php(314): CodeIgniter\CodeIgniter->handleRequest(NULL, Object(Config\Cache), false)
#4 C:\xampp\htdocs\motorepuestosjc\index.php(45): CodeIgniter\CodeIgniter->run()
#5 {main}
CRITICAL - 2020-09-22 19:45:31 --> syntax error, unexpected 'public' (T_PUBLIC)
#0 C:\xampp\htdocs\motorepuestosjc\system\Router\Router.php(195): CodeIgniter\Router\Router->autoRoute('visualizarperfi...')
#1 C:\xampp\htdocs\motorepuestosjc\system\CodeIgniter.php(795): CodeIgniter\Router\Router->handle('visualizarperfi...')
#2 C:\xampp\htdocs\motorepuestosjc\system\CodeIgniter.php(366): CodeIgniter\CodeIgniter->tryToRouteIt(Object(CodeIgniter\Router\RouteCollection))
#3 C:\xampp\htdocs\motorepuestosjc\system\CodeIgniter.php(314): CodeIgniter\CodeIgniter->handleRequest(NULL, Object(Config\Cache), false)
#4 C:\xampp\htdocs\motorepuestosjc\index.php(45): CodeIgniter\CodeIgniter->run()
#5 {main}
CRITICAL - 2020-09-22 19:50:31 --> Call to a member function set() on array
#0 C:\xampp\htdocs\motorepuestosjc\system\CodeIgniter.php(920): App\Controllers\VisualizarPerfil->update('1')
#1 C:\xampp\htdocs\motorepuestosjc\system\CodeIgniter.php(406): CodeIgniter\CodeIgniter->runController(Object(App\Controllers\VisualizarPerfil))
#2 C:\xampp\htdocs\motorepuestosjc\system\CodeIgniter.php(314): CodeIgniter\CodeIgniter->handleRequest(NULL, Object(Config\Cache), false)
#3 C:\xampp\htdocs\motorepuestosjc\index.php(45): CodeIgniter\CodeIgniter->run()
#4 {main}
CRITICAL - 2020-09-22 19:52:44 --> Call to a member function set() on array
#0 C:\xampp\htdocs\motorepuestosjc\system\CodeIgniter.php(920): App\Controllers\VisualizarPerfil->update('1')
#1 C:\xampp\htdocs\motorepuestosjc\system\CodeIgniter.php(406): CodeIgniter\CodeIgniter->runController(Object(App\Controllers\VisualizarPerfil))
#2 C:\xampp\htdocs\motorepuestosjc\system\CodeIgniter.php(314): CodeIgniter\CodeIgniter->handleRequest(NULL, Object(Config\Cache), false)
#3 C:\xampp\htdocs\motorepuestosjc\index.php(45): CodeIgniter\CodeIgniter->run()
#4 {main}
CRITICAL - 2020-09-22 19:52:48 --> Call to a member function set() on array
#0 C:\xampp\htdocs\motorepuestosjc\system\CodeIgniter.php(920): App\Controllers\VisualizarPerfil->update('1')
#1 C:\xampp\htdocs\motorepuestosjc\system\CodeIgniter.php(406): CodeIgniter\CodeIgniter->runController(Object(App\Controllers\VisualizarPerfil))
#2 C:\xampp\htdocs\motorepuestosjc\system\CodeIgniter.php(314): CodeIgniter\CodeIgniter->handleRequest(NULL, Object(Config\Cache), false)
#3 C:\xampp\htdocs\motorepuestosjc\index.php(45): CodeIgniter\CodeIgniter->run()
#4 {main}
