CRITICAL - 2020-09-21 14:47:00 --> Invalid file: {0}
#0 C:\xampp\htdocs\motorepuestosjc\system\View\View.php(228): CodeIgniter\Exceptions\FrameworkException::forInvalidFile('visualizarcateg...')
#1 C:\xampp\htdocs\motorepuestosjc\system\Common.php(1119): CodeIgniter\View\View->render('visualizarcateg...', Array, true)
#2 C:\xampp\htdocs\motorepuestosjc\app\Controllers\BaseController.php(120): view('visualizarcateg...', Array, Array)
#3 C:\xampp\htdocs\motorepuestosjc\app\Controllers\VisualizarCategoria.php(11): App\Controllers\BaseController->use_layout('visualizarcateg...')
#4 C:\xampp\htdocs\motorepuestosjc\system\CodeIgniter.php(920): App\Controllers\VisualizarCategoria->index()
#5 C:\xampp\htdocs\motorepuestosjc\system\CodeIgniter.php(406): CodeIgniter\CodeIgniter->runController(Object(App\Controllers\VisualizarCategoria))
#6 C:\xampp\htdocs\motorepuestosjc\system\CodeIgniter.php(314): CodeIgniter\CodeIgniter->handleRequest(NULL, Object(Config\Cache), false)
#7 C:\xampp\htdocs\motorepuestosjc\index.php(45): CodeIgniter\CodeIgniter->run()
#8 {main}
CRITICAL - 2020-09-21 14:47:27 --> Cannot use a scalar value as an array
#0 C:\xampp\htdocs\motorepuestosjc\app\Controllers\BaseController.php(118): CodeIgniter\Debug\Exceptions->errorHandler(2, 'Cannot use a sc...', 'C:\\xampp\\htdocs...', 118, Array)
#1 C:\xampp\htdocs\motorepuestosjc\app\Controllers\VisualizarCategoria.php(11): App\Controllers\BaseController->use_layout('visualizarcateg...', true)
#2 C:\xampp\htdocs\motorepuestosjc\system\CodeIgniter.php(920): App\Controllers\VisualizarCategoria->index()
#3 C:\xampp\htdocs\motorepuestosjc\system\CodeIgniter.php(406): CodeIgniter\CodeIgniter->runController(Object(App\Controllers\VisualizarCategoria))
#4 C:\xampp\htdocs\motorepuestosjc\system\CodeIgniter.php(314): CodeIgniter\CodeIgniter->handleRequest(NULL, Object(Config\Cache), false)
#5 C:\xampp\htdocs\motorepuestosjc\index.php(45): CodeIgniter\CodeIgniter->run()
#6 {main}
CRITICAL - 2020-09-21 14:48:06 --> Invalid file: {0}
#0 C:\xampp\htdocs\motorepuestosjc\system\View\View.php(228): CodeIgniter\Exceptions\FrameworkException::forInvalidFile('visualizarcateg...')
#1 C:\xampp\htdocs\motorepuestosjc\system\Common.php(1119): CodeIgniter\View\View->render('visualizarcateg...', Array, true)
#2 C:\xampp\htdocs\motorepuestosjc\app\Controllers\BaseController.php(120): view('visualizarcateg...', Array, Array)
#3 C:\xampp\htdocs\motorepuestosjc\app\Controllers\VisualizarCategoria.php(12): App\Controllers\BaseController->use_layout('visualizarcateg...', Array, true)
#4 C:\xampp\htdocs\motorepuestosjc\system\CodeIgniter.php(920): App\Controllers\VisualizarCategoria->index()
#5 C:\xampp\htdocs\motorepuestosjc\system\CodeIgniter.php(406): CodeIgniter\CodeIgniter->runController(Object(App\Controllers\VisualizarCategoria))
#6 C:\xampp\htdocs\motorepuestosjc\system\CodeIgniter.php(314): CodeIgniter\CodeIgniter->handleRequest(NULL, Object(Config\Cache), false)
#7 C:\xampp\htdocs\motorepuestosjc\index.php(45): CodeIgniter\CodeIgniter->run()
#8 {main}
CRITICAL - 2020-09-21 14:48:08 --> Invalid file: {0}
#0 C:\xampp\htdocs\motorepuestosjc\system\View\View.php(228): CodeIgniter\Exceptions\FrameworkException::forInvalidFile('visualizarcateg...')
#1 C:\xampp\htdocs\motorepuestosjc\system\Common.php(1119): CodeIgniter\View\View->render('visualizarcateg...', Array, true)
#2 C:\xampp\htdocs\motorepuestosjc\app\Controllers\BaseController.php(120): view('visualizarcateg...', Array, Array)
#3 C:\xampp\htdocs\motorepuestosjc\app\Controllers\VisualizarCategoria.php(12): App\Controllers\BaseController->use_layout('visualizarcateg...', Array, true)
#4 C:\xampp\htdocs\motorepuestosjc\system\CodeIgniter.php(920): App\Controllers\VisualizarCategoria->index()
#5 C:\xampp\htdocs\motorepuestosjc\system\CodeIgniter.php(406): CodeIgniter\CodeIgniter->runController(Object(App\Controllers\VisualizarCategoria))
#6 C:\xampp\htdocs\motorepuestosjc\system\CodeIgniter.php(314): CodeIgniter\CodeIgniter->handleRequest(NULL, Object(Config\Cache), false)
#7 C:\xampp\htdocs\motorepuestosjc\index.php(45): CodeIgniter\CodeIgniter->run()
#8 {main}
CRITICAL - 2020-09-21 14:48:34 --> Invalid file: {0}
#0 C:\xampp\htdocs\motorepuestosjc\system\View\View.php(228): CodeIgniter\Exceptions\FrameworkException::forInvalidFile('visualizarcateg...')
#1 C:\xampp\htdocs\motorepuestosjc\system\Common.php(1119): CodeIgniter\View\View->render('visualizarcateg...', Array, true)
#2 C:\xampp\htdocs\motorepuestosjc\app\Controllers\BaseController.php(120): view('visualizarcateg...', Array, Array)
#3 C:\xampp\htdocs\motorepuestosjc\app\Controllers\VisualizarCategoria.php(12): App\Controllers\BaseController->use_layout('visualizarcateg...', Array, true)
#4 C:\xampp\htdocs\motorepuestosjc\system\CodeIgniter.php(920): App\Controllers\VisualizarCategoria->index()
#5 C:\xampp\htdocs\motorepuestosjc\system\CodeIgniter.php(406): CodeIgniter\CodeIgniter->runController(Object(App\Controllers\VisualizarCategoria))
#6 C:\xampp\htdocs\motorepuestosjc\system\CodeIgniter.php(314): CodeIgniter\CodeIgniter->handleRequest(NULL, Object(Config\Cache), false)
#7 C:\xampp\htdocs\motorepuestosjc\index.php(45): CodeIgniter\CodeIgniter->run()
#8 {main}
CRITICAL - 2020-09-21 14:48:37 --> Invalid file: {0}
#0 C:\xampp\htdocs\motorepuestosjc\system\View\View.php(228): CodeIgniter\Exceptions\FrameworkException::forInvalidFile('visualizarcateg...')
#1 C:\xampp\htdocs\motorepuestosjc\system\Common.php(1119): CodeIgniter\View\View->render('visualizarcateg...', Array, true)
#2 C:\xampp\htdocs\motorepuestosjc\app\Controllers\BaseController.php(120): view('visualizarcateg...', Array, Array)
#3 C:\xampp\htdocs\motorepuestosjc\app\Controllers\VisualizarCategoria.php(12): App\Controllers\BaseController->use_layout('visualizarcateg...', Array, true)
#4 C:\xampp\htdocs\motorepuestosjc\system\CodeIgniter.php(920): App\Controllers\VisualizarCategoria->index()
#5 C:\xampp\htdocs\motorepuestosjc\system\CodeIgniter.php(406): CodeIgniter\CodeIgniter->runController(Object(App\Controllers\VisualizarCategoria))
#6 C:\xampp\htdocs\motorepuestosjc\system\CodeIgniter.php(314): CodeIgniter\CodeIgniter->handleRequest(NULL, Object(Config\Cache), false)
#7 C:\xampp\htdocs\motorepuestosjc\index.php(45): CodeIgniter\CodeIgniter->run()
#8 {main}
CRITICAL - 2020-09-21 14:50:12 --> Invalid file: {0}
#0 C:\xampp\htdocs\motorepuestosjc\system\View\View.php(228): CodeIgniter\Exceptions\FrameworkException::forInvalidFile('visualizarcateg...')
#1 C:\xampp\htdocs\motorepuestosjc\system\Common.php(1119): CodeIgniter\View\View->render('visualizarcateg...', Array, true)
#2 C:\xampp\htdocs\motorepuestosjc\app\Controllers\BaseController.php(120): view('visualizarcateg...', Array, Array)
#3 C:\xampp\htdocs\motorepuestosjc\app\Controllers\VisualizarCategoria.php(12): App\Controllers\BaseController->use_layout('visualizarcateg...', Array, true)
#4 C:\xampp\htdocs\motorepuestosjc\system\CodeIgniter.php(920): App\Controllers\VisualizarCategoria->index()
#5 C:\xampp\htdocs\motorepuestosjc\system\CodeIgniter.php(406): CodeIgniter\CodeIgniter->runController(Object(App\Controllers\VisualizarCategoria))
#6 C:\xampp\htdocs\motorepuestosjc\system\CodeIgniter.php(314): CodeIgniter\CodeIgniter->handleRequest(NULL, Object(Config\Cache), false)
#7 C:\xampp\htdocs\motorepuestosjc\index.php(45): CodeIgniter\CodeIgniter->run()
#8 {main}
CRITICAL - 2020-09-21 14:52:00 --> Undefined variable: data
#0 C:\xampp\htdocs\motorepuestosjc\app\Controllers\VisualizarCategoria.php(11): CodeIgniter\Debug\Exceptions->errorHandler(8, 'Undefined varia...', 'C:\\xampp\\htdocs...', 11, Array)
#1 C:\xampp\htdocs\motorepuestosjc\system\CodeIgniter.php(920): App\Controllers\VisualizarCategoria->index()
#2 C:\xampp\htdocs\motorepuestosjc\system\CodeIgniter.php(406): CodeIgniter\CodeIgniter->runController(Object(App\Controllers\VisualizarCategoria))
#3 C:\xampp\htdocs\motorepuestosjc\system\CodeIgniter.php(314): CodeIgniter\CodeIgniter->handleRequest(NULL, Object(Config\Cache), false)
#4 C:\xampp\htdocs\motorepuestosjc\index.php(45): CodeIgniter\CodeIgniter->run()
#5 {main}
CRITICAL - 2020-09-21 14:52:48 --> Invalid file: {0}
#0 C:\xampp\htdocs\motorepuestosjc\system\View\View.php(228): CodeIgniter\Exceptions\FrameworkException::forInvalidFile('visualizarcateg...')
#1 C:\xampp\htdocs\motorepuestosjc\system\Common.php(1119): CodeIgniter\View\View->render('visualizarcateg...', Array, true)
#2 C:\xampp\htdocs\motorepuestosjc\app\Controllers\BaseController.php(120): view('visualizarcateg...', Array, Array)
#3 C:\xampp\htdocs\motorepuestosjc\app\Controllers\VisualizarCategoria.php(14): App\Controllers\BaseController->use_layout('visualizarcateg...', Array, true)
#4 C:\xampp\htdocs\motorepuestosjc\system\CodeIgniter.php(920): App\Controllers\VisualizarCategoria->index()
#5 C:\xampp\htdocs\motorepuestosjc\system\CodeIgniter.php(406): CodeIgniter\CodeIgniter->runController(Object(App\Controllers\VisualizarCategoria))
#6 C:\xampp\htdocs\motorepuestosjc\system\CodeIgniter.php(314): CodeIgniter\CodeIgniter->handleRequest(NULL, Object(Config\Cache), false)
#7 C:\xampp\htdocs\motorepuestosjc\index.php(45): CodeIgniter\CodeIgniter->run()
#8 {main}
CRITICAL - 2020-09-21 14:52:50 --> Invalid file: {0}
#0 C:\xampp\htdocs\motorepuestosjc\system\View\View.php(228): CodeIgniter\Exceptions\FrameworkException::forInvalidFile('visualizarcateg...')
#1 C:\xampp\htdocs\motorepuestosjc\system\Common.php(1119): CodeIgniter\View\View->render('visualizarcateg...', Array, true)
#2 C:\xampp\htdocs\motorepuestosjc\app\Controllers\BaseController.php(120): view('visualizarcateg...', Array, Array)
#3 C:\xampp\htdocs\motorepuestosjc\app\Controllers\VisualizarCategoria.php(14): App\Controllers\BaseController->use_layout('visualizarcateg...', Array, true)
#4 C:\xampp\htdocs\motorepuestosjc\system\CodeIgniter.php(920): App\Controllers\VisualizarCategoria->index()
#5 C:\xampp\htdocs\motorepuestosjc\system\CodeIgniter.php(406): CodeIgniter\CodeIgniter->runController(Object(App\Controllers\VisualizarCategoria))
#6 C:\xampp\htdocs\motorepuestosjc\system\CodeIgniter.php(314): CodeIgniter\CodeIgniter->handleRequest(NULL, Object(Config\Cache), false)
#7 C:\xampp\htdocs\motorepuestosjc\index.php(45): CodeIgniter\CodeIgniter->run()
#8 {main}
CRITICAL - 2020-09-21 14:53:26 --> syntax error, unexpected 'echo' (T_ECHO), expecting ';'
#0 C:\xampp\htdocs\motorepuestosjc\system\Router\Router.php(195): CodeIgniter\Router\Router->autoRoute('VisualizarCateg...')
#1 C:\xampp\htdocs\motorepuestosjc\system\CodeIgniter.php(795): CodeIgniter\Router\Router->handle('VisualizarCateg...')
#2 C:\xampp\htdocs\motorepuestosjc\system\CodeIgniter.php(366): CodeIgniter\CodeIgniter->tryToRouteIt(Object(CodeIgniter\Router\RouteCollection))
#3 C:\xampp\htdocs\motorepuestosjc\system\CodeIgniter.php(314): CodeIgniter\CodeIgniter->handleRequest(NULL, Object(Config\Cache), false)
#4 C:\xampp\htdocs\motorepuestosjc\index.php(45): CodeIgniter\CodeIgniter->run()
#5 {main}
CRITICAL - 2020-09-21 14:53:38 --> Invalid file: {0}
#0 C:\xampp\htdocs\motorepuestosjc\system\View\View.php(228): CodeIgniter\Exceptions\FrameworkException::forInvalidFile('visualizarcateg...')
#1 C:\xampp\htdocs\motorepuestosjc\system\Common.php(1119): CodeIgniter\View\View->render('visualizarcateg...', Array, true)
#2 C:\xampp\htdocs\motorepuestosjc\app\Controllers\BaseController.php(120): view('visualizarcateg...', Array, Array)
#3 C:\xampp\htdocs\motorepuestosjc\app\Controllers\VisualizarCategoria.php(14): App\Controllers\BaseController->use_layout('visualizarcateg...', Array, true)
#4 C:\xampp\htdocs\motorepuestosjc\system\CodeIgniter.php(920): App\Controllers\VisualizarCategoria->index()
#5 C:\xampp\htdocs\motorepuestosjc\system\CodeIgniter.php(406): CodeIgniter\CodeIgniter->runController(Object(App\Controllers\VisualizarCategoria))
#6 C:\xampp\htdocs\motorepuestosjc\system\CodeIgniter.php(314): CodeIgniter\CodeIgniter->handleRequest(NULL, Object(Config\Cache), false)
#7 C:\xampp\htdocs\motorepuestosjc\index.php(45): CodeIgniter\CodeIgniter->run()
#8 {main}
CRITICAL - 2020-09-21 14:53:50 --> Invalid file: {0}
#0 C:\xampp\htdocs\motorepuestosjc\system\View\View.php(228): CodeIgniter\Exceptions\FrameworkException::forInvalidFile('visualizarcateg...')
#1 C:\xampp\htdocs\motorepuestosjc\system\Common.php(1119): CodeIgniter\View\View->render('visualizarcateg...', Array, true)
#2 C:\xampp\htdocs\motorepuestosjc\app\Controllers\BaseController.php(120): view('visualizarcateg...', Array, Array)
#3 C:\xampp\htdocs\motorepuestosjc\app\Controllers\VisualizarCategoria.php(14): App\Controllers\BaseController->use_layout('visualizarcateg...', Array, true)
#4 C:\xampp\htdocs\motorepuestosjc\system\CodeIgniter.php(920): App\Controllers\VisualizarCategoria->index()
#5 C:\xampp\htdocs\motorepuestosjc\system\CodeIgniter.php(406): CodeIgniter\CodeIgniter->runController(Object(App\Controllers\VisualizarCategoria))
#6 C:\xampp\htdocs\motorepuestosjc\system\CodeIgniter.php(314): CodeIgniter\CodeIgniter->handleRequest(NULL, Object(Config\Cache), false)
#7 C:\xampp\htdocs\motorepuestosjc\index.php(45): CodeIgniter\CodeIgniter->run()
#8 {main}
CRITICAL - 2020-09-21 14:54:44 --> Invalid file: {0}
#0 C:\xampp\htdocs\motorepuestosjc\system\View\View.php(228): CodeIgniter\Exceptions\FrameworkException::forInvalidFile('visualizarcateg...')
#1 C:\xampp\htdocs\motorepuestosjc\system\Common.php(1119): CodeIgniter\View\View->render('visualizarcateg...', Array, true)
#2 C:\xampp\htdocs\motorepuestosjc\app\Controllers\BaseController.php(120): view('visualizarcateg...', Array, Array)
#3 C:\xampp\htdocs\motorepuestosjc\app\Controllers\VisualizarCategoria.php(14): App\Controllers\BaseController->use_layout('visualizarcateg...', Array, true)
#4 C:\xampp\htdocs\motorepuestosjc\system\CodeIgniter.php(920): App\Controllers\VisualizarCategoria->index()
#5 C:\xampp\htdocs\motorepuestosjc\system\CodeIgniter.php(406): CodeIgniter\CodeIgniter->runController(Object(App\Controllers\VisualizarCategoria))
#6 C:\xampp\htdocs\motorepuestosjc\system\CodeIgniter.php(314): CodeIgniter\CodeIgniter->handleRequest(NULL, Object(Config\Cache), false)
#7 C:\xampp\htdocs\motorepuestosjc\index.php(45): CodeIgniter\CodeIgniter->run()
#8 {main}
CRITICAL - 2020-09-21 14:55:35 --> Invalid file: {0}
#0 C:\xampp\htdocs\motorepuestosjc\system\View\View.php(228): CodeIgniter\Exceptions\FrameworkException::forInvalidFile('visualizarcateg...')
#1 C:\xampp\htdocs\motorepuestosjc\system\Common.php(1119): CodeIgniter\View\View->render('visualizarcateg...', Array, true)
#2 C:\xampp\htdocs\motorepuestosjc\app\Controllers\BaseController.php(120): view('visualizarcateg...', Array, Array)
#3 C:\xampp\htdocs\motorepuestosjc\app\Controllers\VisualizarCategoria.php(14): App\Controllers\BaseController->use_layout('visualizarcateg...', Array, true)
#4 C:\xampp\htdocs\motorepuestosjc\system\CodeIgniter.php(920): App\Controllers\VisualizarCategoria->index()
#5 C:\xampp\htdocs\motorepuestosjc\system\CodeIgniter.php(406): CodeIgniter\CodeIgniter->runController(Object(App\Controllers\VisualizarCategoria))
#6 C:\xampp\htdocs\motorepuestosjc\system\CodeIgniter.php(314): CodeIgniter\CodeIgniter->handleRequest(NULL, Object(Config\Cache), false)
#7 C:\xampp\htdocs\motorepuestosjc\index.php(45): CodeIgniter\CodeIgniter->run()
#8 {main}
CRITICAL - 2020-09-21 14:57:16 --> Invalid file: {0}
#0 C:\xampp\htdocs\motorepuestosjc\system\View\View.php(228): CodeIgniter\Exceptions\FrameworkException::forInvalidFile('/layout/1.php')
#1 C:\xampp\htdocs\motorepuestosjc\system\Common.php(1119): CodeIgniter\View\View->render('/layout/1', Array, true)
#2 C:\xampp\htdocs\motorepuestosjc\app\Controllers\BaseController.php(122): view('/layout/1', Array)
#3 C:\xampp\htdocs\motorepuestosjc\app\Controllers\VisualizarCategoria.php(14): App\Controllers\BaseController->use_layout('visualizar_cate...', Array, true)
#4 C:\xampp\htdocs\motorepuestosjc\system\CodeIgniter.php(920): App\Controllers\VisualizarCategoria->index()
#5 C:\xampp\htdocs\motorepuestosjc\system\CodeIgniter.php(406): CodeIgniter\CodeIgniter->runController(Object(App\Controllers\VisualizarCategoria))
#6 C:\xampp\htdocs\motorepuestosjc\system\CodeIgniter.php(314): CodeIgniter\CodeIgniter->handleRequest(NULL, Object(Config\Cache), false)
#7 C:\xampp\htdocs\motorepuestosjc\index.php(45): CodeIgniter\CodeIgniter->run()
#8 {main}
CRITICAL - 2020-09-21 14:57:53 --> Invalid file: {0}
#0 C:\xampp\htdocs\motorepuestosjc\system\View\View.php(228): CodeIgniter\Exceptions\FrameworkException::forInvalidFile('/layout/1.php')
#1 C:\xampp\htdocs\motorepuestosjc\system\Common.php(1119): CodeIgniter\View\View->render('/layout/1', Array, true)
#2 C:\xampp\htdocs\motorepuestosjc\app\Controllers\BaseController.php(122): view('/layout/1', Array)
#3 C:\xampp\htdocs\motorepuestosjc\app\Controllers\VisualizarCategoria.php(14): App\Controllers\BaseController->use_layout('visualizar_cate...', Array, true)
#4 C:\xampp\htdocs\motorepuestosjc\system\CodeIgniter.php(920): App\Controllers\VisualizarCategoria->index()
#5 C:\xampp\htdocs\motorepuestosjc\system\CodeIgniter.php(406): CodeIgniter\CodeIgniter->runController(Object(App\Controllers\VisualizarCategoria))
#6 C:\xampp\htdocs\motorepuestosjc\system\CodeIgniter.php(314): CodeIgniter\CodeIgniter->handleRequest(NULL, Object(Config\Cache), false)
#7 C:\xampp\htdocs\motorepuestosjc\index.php(45): CodeIgniter\CodeIgniter->run()
#8 {main}
CRITICAL - 2020-09-21 14:58:01 --> Invalid file: {0}
#0 C:\xampp\htdocs\motorepuestosjc\system\View\View.php(228): CodeIgniter\Exceptions\FrameworkException::forInvalidFile('/layout/1.php')
#1 C:\xampp\htdocs\motorepuestosjc\system\Common.php(1119): CodeIgniter\View\View->render('/layout/1', Array, true)
#2 C:\xampp\htdocs\motorepuestosjc\app\Controllers\BaseController.php(122): view('/layout/1', Array)
#3 C:\xampp\htdocs\motorepuestosjc\app\Controllers\VisualizarCategoria.php(14): App\Controllers\BaseController->use_layout('visualizar_cate...', Array, true)
#4 C:\xampp\htdocs\motorepuestosjc\system\CodeIgniter.php(920): App\Controllers\VisualizarCategoria->index()
#5 C:\xampp\htdocs\motorepuestosjc\system\CodeIgniter.php(406): CodeIgniter\CodeIgniter->runController(Object(App\Controllers\VisualizarCategoria))
#6 C:\xampp\htdocs\motorepuestosjc\system\CodeIgniter.php(314): CodeIgniter\CodeIgniter->handleRequest(NULL, Object(Config\Cache), false)
#7 C:\xampp\htdocs\motorepuestosjc\index.php(45): CodeIgniter\CodeIgniter->run()
#8 {main}
CRITICAL - 2020-09-21 14:58:45 --> Undefined variable: Resultado
#0 C:\xampp\htdocs\motorepuestosjc\app\Views\visualizar_usuario.php(37): CodeIgniter\Debug\Exceptions->errorHandler(8, 'Undefined varia...', 'C:\\xampp\\htdocs...', 37, Array)
#1 C:\xampp\htdocs\motorepuestosjc\system\View\View.php(246): include('C:\\xampp\\htdocs...')
#2 C:\xampp\htdocs\motorepuestosjc\system\Common.php(1119): CodeIgniter\View\View->render('visualizar_usua...', Array, true)
#3 C:\xampp\htdocs\motorepuestosjc\app\Controllers\BaseController.php(120): view('visualizar_usua...', Array, Array)
#4 C:\xampp\htdocs\motorepuestosjc\app\Controllers\VisualizarCategoria.php(14): App\Controllers\BaseController->use_layout('visualizar_usua...', Array)
#5 C:\xampp\htdocs\motorepuestosjc\system\CodeIgniter.php(920): App\Controllers\VisualizarCategoria->index()
#6 C:\xampp\htdocs\motorepuestosjc\system\CodeIgniter.php(406): CodeIgniter\CodeIgniter->runController(Object(App\Controllers\VisualizarCategoria))
#7 C:\xampp\htdocs\motorepuestosjc\system\CodeIgniter.php(314): CodeIgniter\CodeIgniter->handleRequest(NULL, Object(Config\Cache), false)
#8 C:\xampp\htdocs\motorepuestosjc\index.php(45): CodeIgniter\CodeIgniter->run()
#9 {main}
