CRITICAL - 2020-09-24 10:13:51 --> Undefined index: icon
#0 C:\xampp\htdocs\motorepuestosjc\app\Controllers\BaseController.php(96): CodeIgniter\Debug\Exceptions->errorHandler(8, 'Undefined index...', 'C:\\xampp\\htdocs...', 96, Array)
#1 C:\xampp\htdocs\motorepuestosjc\app\Controllers\BaseController.php(47): App\Controllers\BaseController->menu_start(Array)
#2 C:\xampp\htdocs\motorepuestosjc\app\Controllers\BaseController.php(118): App\Controllers\BaseController->Menu()
#3 C:\xampp\htdocs\motorepuestosjc\app\Controllers\Registrarperfil.php(17): App\Controllers\BaseController->use_layout('registrar_perfi...', Array)
#4 C:\xampp\htdocs\motorepuestosjc\system\CodeIgniter.php(920): App\Controllers\Registrarperfil->index()
#5 C:\xampp\htdocs\motorepuestosjc\system\CodeIgniter.php(406): CodeIgniter\CodeIgniter->runController(Object(App\Controllers\Registrarperfil))
#6 C:\xampp\htdocs\motorepuestosjc\system\CodeIgniter.php(314): CodeIgniter\CodeIgniter->handleRequest(NULL, Object(Config\Cache), false)
#7 C:\xampp\htdocs\motorepuestosjc\index.php(45): CodeIgniter\CodeIgniter->run()
#8 {main}
CRITICAL - 2020-09-24 10:15:01 --> Undefined index: icon
#0 C:\xampp\htdocs\motorepuestosjc\app\Controllers\BaseController.php(96): CodeIgniter\Debug\Exceptions->errorHandler(8, 'Undefined index...', 'C:\\xampp\\htdocs...', 96, Array)
#1 C:\xampp\htdocs\motorepuestosjc\app\Controllers\BaseController.php(47): App\Controllers\BaseController->menu_start(Array)
#2 C:\xampp\htdocs\motorepuestosjc\app\Controllers\BaseController.php(118): App\Controllers\BaseController->Menu()
#3 C:\xampp\htdocs\motorepuestosjc\app\Controllers\Registrarperfil.php(17): App\Controllers\BaseController->use_layout('registrar_perfi...', Array)
#4 C:\xampp\htdocs\motorepuestosjc\system\CodeIgniter.php(920): App\Controllers\Registrarperfil->index()
#5 C:\xampp\htdocs\motorepuestosjc\system\CodeIgniter.php(406): CodeIgniter\CodeIgniter->runController(Object(App\Controllers\Registrarperfil))
#6 C:\xampp\htdocs\motorepuestosjc\system\CodeIgniter.php(314): CodeIgniter\CodeIgniter->handleRequest(NULL, Object(Config\Cache), false)
#7 C:\xampp\htdocs\motorepuestosjc\index.php(45): CodeIgniter\CodeIgniter->run()
#8 {main}
CRITICAL - 2020-09-24 10:15:06 --> Undefined index: icon
#0 C:\xampp\htdocs\motorepuestosjc\app\Controllers\BaseController.php(96): CodeIgniter\Debug\Exceptions->errorHandler(8, 'Undefined index...', 'C:\\xampp\\htdocs...', 96, Array)
#1 C:\xampp\htdocs\motorepuestosjc\app\Controllers\BaseController.php(47): App\Controllers\BaseController->menu_start(Array)
#2 C:\xampp\htdocs\motorepuestosjc\app\Controllers\BaseController.php(118): App\Controllers\BaseController->Menu()
#3 C:\xampp\htdocs\motorepuestosjc\app\Controllers\Registrarperfil.php(17): App\Controllers\BaseController->use_layout('registrar_perfi...', Array)
#4 C:\xampp\htdocs\motorepuestosjc\system\CodeIgniter.php(920): App\Controllers\Registrarperfil->index()
#5 C:\xampp\htdocs\motorepuestosjc\system\CodeIgniter.php(406): CodeIgniter\CodeIgniter->runController(Object(App\Controllers\Registrarperfil))
#6 C:\xampp\htdocs\motorepuestosjc\system\CodeIgniter.php(314): CodeIgniter\CodeIgniter->handleRequest(NULL, Object(Config\Cache), false)
#7 C:\xampp\htdocs\motorepuestosjc\index.php(45): CodeIgniter\CodeIgniter->run()
#8 {main}
CRITICAL - 2020-09-24 10:19:48 --> Undefined index: icon
#0 C:\xampp\htdocs\motorepuestosjc\app\Controllers\BaseController.php(96): CodeIgniter\Debug\Exceptions->errorHandler(8, 'Undefined index...', 'C:\\xampp\\htdocs...', 96, Array)
#1 C:\xampp\htdocs\motorepuestosjc\app\Controllers\BaseController.php(47): App\Controllers\BaseController->menu_start(Array)
#2 C:\xampp\htdocs\motorepuestosjc\app\Controllers\BaseController.php(118): App\Controllers\BaseController->Menu()
#3 C:\xampp\htdocs\motorepuestosjc\app\Controllers\VisualizarUsuario.php(15): App\Controllers\BaseController->use_layout('visualizar_usua...', Array)
#4 C:\xampp\htdocs\motorepuestosjc\system\CodeIgniter.php(920): App\Controllers\VisualizarUsuario->index()
#5 C:\xampp\htdocs\motorepuestosjc\system\CodeIgniter.php(406): CodeIgniter\CodeIgniter->runController(Object(App\Controllers\VisualizarUsuario))
#6 C:\xampp\htdocs\motorepuestosjc\system\CodeIgniter.php(314): CodeIgniter\CodeIgniter->handleRequest(NULL, Object(Config\Cache), false)
#7 C:\xampp\htdocs\motorepuestosjc\index.php(45): CodeIgniter\CodeIgniter->run()
#8 {main}
