CRITICAL - 2020-09-28 16:31:30 --> Table 'motorepuestosjc.view_menupadres' doesn't exist
#0 /var/www/html/motorepuestosjc/system/Database/MySQLi/Connection.php(331): mysqli->query()
#1 /var/www/html/motorepuestosjc/system/Database/BaseConnection.php(741): CodeIgniter\Database\MySQLi\Connection->execute()
#2 /var/www/html/motorepuestosjc/system/Database/BaseConnection.php(669): CodeIgniter\Database\BaseConnection->simpleQuery()
#3 /var/www/html/motorepuestosjc/app/Controllers/BaseController.php(55): CodeIgniter\Database\BaseConnection->query()
#4 /var/www/html/motorepuestosjc/app/Controllers/BaseController.php(45): App\Controllers\BaseController->data_menus()
#5 /var/www/html/motorepuestosjc/app/Controllers/BaseController.php(118): App\Controllers\BaseController->Menu()
#6 /var/www/html/motorepuestosjc/app/Controllers/Sistema.php(10): App\Controllers\BaseController->use_layout()
#7 /var/www/html/motorepuestosjc/system/CodeIgniter.php(920): App\Controllers\Sistema->index()
#8 /var/www/html/motorepuestosjc/system/CodeIgniter.php(406): CodeIgniter\CodeIgniter->runController()
#9 /var/www/html/motorepuestosjc/system/CodeIgniter.php(314): CodeIgniter\CodeIgniter->handleRequest()
#10 /var/www/html/motorepuestosjc/index.php(45): CodeIgniter\CodeIgniter->run()
#11 {main}
CRITICAL - 2020-09-28 22:48:51 --> Unknown column 'estado' in 'where clause'
#0 /var/www/html/motorepuestosjc/system/Database/MySQLi/Connection.php(331): mysqli->query()
#1 /var/www/html/motorepuestosjc/system/Database/BaseConnection.php(741): CodeIgniter\Database\MySQLi\Connection->execute()
#2 /var/www/html/motorepuestosjc/system/Database/BaseConnection.php(669): CodeIgniter\Database\BaseConnection->simpleQuery()
#3 /var/www/html/motorepuestosjc/system/Database/BaseBuilder.php(1860): CodeIgniter\Database\BaseConnection->query()
#4 /var/www/html/motorepuestosjc/system/Model.php(462): CodeIgniter\Database\BaseBuilder->get()
#5 /var/www/html/motorepuestosjc/app/Controllers/Categoriaproducto.php(11): CodeIgniter\Model->findAll()
#6 /var/www/html/motorepuestosjc/app/Controllers/Home.php(25): App\Controllers\Categoriaproducto->index()
#7 /var/www/html/motorepuestosjc/system/CodeIgniter.php(920): App\Controllers\Home->registrarproducto()
#8 /var/www/html/motorepuestosjc/system/CodeIgniter.php(406): CodeIgniter\CodeIgniter->runController()
#9 /var/www/html/motorepuestosjc/system/CodeIgniter.php(314): CodeIgniter\CodeIgniter->handleRequest()
#10 /var/www/html/motorepuestosjc/index.php(45): CodeIgniter\CodeIgniter->run()
#11 {main}
CRITICAL - 2020-09-28 22:51:35 --> Undefined variable: perfiles
#0 /var/www/html/motorepuestosjc/app/Views/registrar_producto.php(29): CodeIgniter\Debug\Exceptions->errorHandler()
#1 /var/www/html/motorepuestosjc/system/View/View.php(246): include('/var/www/html/m...')
#2 /var/www/html/motorepuestosjc/system/Common.php(1119): CodeIgniter\View\View->render()
#3 /var/www/html/motorepuestosjc/app/Controllers/BaseController.php(120): view()
#4 /var/www/html/motorepuestosjc/app/Controllers/Home.php(28): App\Controllers\BaseController->use_layout()
#5 /var/www/html/motorepuestosjc/system/CodeIgniter.php(920): App\Controllers\Home->registrarproducto()
#6 /var/www/html/motorepuestosjc/system/CodeIgniter.php(406): CodeIgniter\CodeIgniter->runController()
#7 /var/www/html/motorepuestosjc/system/CodeIgniter.php(314): CodeIgniter\CodeIgniter->handleRequest()
#8 /var/www/html/motorepuestosjc/index.php(45): CodeIgniter\CodeIgniter->run()
#9 {main}
CRITICAL - 2020-09-28 22:54:41 --> Undefined variable: perfiles
#0 /var/www/html/motorepuestosjc/app/Views/registrar_producto.php(48): CodeIgniter\Debug\Exceptions->errorHandler()
#1 /var/www/html/motorepuestosjc/system/View/View.php(246): include('/var/www/html/m...')
#2 /var/www/html/motorepuestosjc/system/Common.php(1119): CodeIgniter\View\View->render()
#3 /var/www/html/motorepuestosjc/app/Controllers/BaseController.php(120): view()
#4 /var/www/html/motorepuestosjc/app/Controllers/Home.php(28): App\Controllers\BaseController->use_layout()
#5 /var/www/html/motorepuestosjc/system/CodeIgniter.php(920): App\Controllers\Home->registrarproducto()
#6 /var/www/html/motorepuestosjc/system/CodeIgniter.php(406): CodeIgniter\CodeIgniter->runController()
#7 /var/www/html/motorepuestosjc/system/CodeIgniter.php(314): CodeIgniter\CodeIgniter->handleRequest()
#8 /var/www/html/motorepuestosjc/index.php(45): CodeIgniter\CodeIgniter->run()
#9 {main}
CRITICAL - 2020-09-28 22:55:57 --> Undefined variable: perfiles
#0 /var/www/html/motorepuestosjc/app/Views/registrar_producto.php(47): CodeIgniter\Debug\Exceptions->errorHandler()
#1 /var/www/html/motorepuestosjc/system/View/View.php(246): include('/var/www/html/m...')
#2 /var/www/html/motorepuestosjc/system/Common.php(1119): CodeIgniter\View\View->render()
#3 /var/www/html/motorepuestosjc/app/Controllers/BaseController.php(120): view()
#4 /var/www/html/motorepuestosjc/app/Controllers/Home.php(28): App\Controllers\BaseController->use_layout()
#5 /var/www/html/motorepuestosjc/system/CodeIgniter.php(920): App\Controllers\Home->registrarproducto()
#6 /var/www/html/motorepuestosjc/system/CodeIgniter.php(406): CodeIgniter\CodeIgniter->runController()
#7 /var/www/html/motorepuestosjc/system/CodeIgniter.php(314): CodeIgniter\CodeIgniter->handleRequest()
#8 /var/www/html/motorepuestosjc/index.php(45): CodeIgniter\CodeIgniter->run()
#9 {main}
CRITICAL - 2020-09-28 23:46:15 --> Cannot use isset() on the result of an expression (you can use "null !== expression" instead)
#0 [internal function]: CodeIgniter\Debug\Exceptions->shutdownHandler()
#1 {main}
CRITICAL - 2020-09-28 23:46:44 --> Cannot use isset() on the result of an expression (you can use "null !== expression" instead)
#0 [internal function]: CodeIgniter\Debug\Exceptions->shutdownHandler()
#1 {main}
CRITICAL - 2020-09-28 23:49:29 --> Undefined variable: usuario_model
#0 /var/www/html/motorepuestosjc/app/Controllers/Producto.php(51): CodeIgniter\Debug\Exceptions->errorHandler()
#1 /var/www/html/motorepuestosjc/system/CodeIgniter.php(920): App\Controllers\Producto->create()
#2 /var/www/html/motorepuestosjc/system/CodeIgniter.php(406): CodeIgniter\CodeIgniter->runController()
#3 /var/www/html/motorepuestosjc/system/CodeIgniter.php(314): CodeIgniter\CodeIgniter->handleRequest()
#4 /var/www/html/motorepuestosjc/index.php(45): CodeIgniter\CodeIgniter->run()
#5 {main}
CRITICAL - 2020-09-28 23:53:25 --> Undefined variable: Resultado
#0 /var/www/html/motorepuestosjc/app/Views/visualizar_producto.php(37): CodeIgniter\Debug\Exceptions->errorHandler()
#1 /var/www/html/motorepuestosjc/system/View/View.php(246): include('/var/www/html/m...')
#2 /var/www/html/motorepuestosjc/system/Common.php(1119): CodeIgniter\View\View->render()
#3 /var/www/html/motorepuestosjc/app/Controllers/BaseController.php(120): view()
#4 /var/www/html/motorepuestosjc/app/Controllers/VisualizarProducto.php(14): App\Controllers\BaseController->use_layout()
#5 /var/www/html/motorepuestosjc/system/CodeIgniter.php(920): App\Controllers\VisualizarProducto->index()
#6 /var/www/html/motorepuestosjc/system/CodeIgniter.php(406): CodeIgniter\CodeIgniter->runController()
#7 /var/www/html/motorepuestosjc/system/CodeIgniter.php(314): CodeIgniter\CodeIgniter->handleRequest()
#8 /var/www/html/motorepuestosjc/index.php(45): CodeIgniter\CodeIgniter->run()
#9 {main}
CRITICAL - 2020-09-28 23:54:27 --> Undefined variable: Resultado
#0 /var/www/html/motorepuestosjc/app/Views/visualizar_producto.php(37): CodeIgniter\Debug\Exceptions->errorHandler()
#1 /var/www/html/motorepuestosjc/system/View/View.php(246): include('/var/www/html/m...')
#2 /var/www/html/motorepuestosjc/system/Common.php(1119): CodeIgniter\View\View->render()
#3 /var/www/html/motorepuestosjc/app/Controllers/BaseController.php(120): view()
#4 /var/www/html/motorepuestosjc/app/Controllers/VisualizarProducto.php(14): App\Controllers\BaseController->use_layout()
#5 /var/www/html/motorepuestosjc/system/CodeIgniter.php(920): App\Controllers\VisualizarProducto->index()
#6 /var/www/html/motorepuestosjc/system/CodeIgniter.php(406): CodeIgniter\CodeIgniter->runController()
#7 /var/www/html/motorepuestosjc/system/CodeIgniter.php(314): CodeIgniter\CodeIgniter->handleRequest()
#8 /var/www/html/motorepuestosjc/index.php(45): CodeIgniter\CodeIgniter->run()
#9 {main}
